#
# There is insufficient memory for the Java Runtime Environment to continue.
# Native memory allocation (malloc) failed to allocate 2198896 bytes for Chunk::new
# Possible reasons:
#   The system is out of physical RAM or swap space
#   The process is running with CompressedOops enabled, and the Java Heap may be blocking the growth of the native heap
# Possible solutions:
#   Reduce memory load on the system
#   Increase physical memory or swap space
#   Check if swap backing store is full
#   Decrease Java heap size (-Xmx/-Xms)
#   Decrease number of Java threads
#   Decrease Java thread stack sizes (-Xss)
#   Set larger code cache with -XX:ReservedCodeCacheSize=
#   JVM is running with Unscaled Compressed Oops mode in which the Java heap is
#     placed in the first 4GB address space. The Java Heap base address is the
#     maximum limit for the native heap growth. Please use -XX:HeapBaseMinAddress
#     to set the Java Heap base and to place the Java Heap above 4GB virtual address.
# This output file may be truncated or incomplete.
#
#  Out of Memory Error (allocation.cpp:389), pid=14676, tid=0x00000000000033ec
#
# JRE version: Java(TM) SE Runtime Environment (8.0_261-b12) (build 1.8.0_261-b12)
# Java VM: Java HotSpot(TM) 64-Bit Server VM (25.261-b12 mixed mode windows-amd64 compressed oops)
# Failed to write core dump. Minidumps are not enabled by default on client versions of Windows
#

---------------  T H R E A D  ---------------

Current thread (0x000002622601b000):  JavaThread "C2 CompilerThread0" daemon [_thread_in_native, id=13292, stack(0x000000b036700000,0x000000b036800000)]

Stack: [0x000000b036700000,0x000000b036800000]
Native frames: (J=compiled Java code, j=interpreted, Vv=VM code, C=native code)
V  [jvm.dll+0x33e5f9]
V  [jvm.dll+0x2850e2]
V  [jvm.dll+0x285d8d]
V  [jvm.dll+0x27c895]
V  [jvm.dll+0xe4d6c]
V  [jvm.dll+0xe556c]
V  [jvm.dll+0x47ece3]
V  [jvm.dll+0x446900]
V  [jvm.dll+0x44f8f5]
V  [jvm.dll+0x44ecb5]
V  [jvm.dll+0x439bc7]
V  [jvm.dll+0xbbbcb]
V  [jvm.dll+0xba22b]
V  [jvm.dll+0x24d962]
V  [jvm.dll+0x2a1cfc]
C  [ucrtbase.dll+0x1cd70]
C  [KERNEL32.DLL+0x84d4]
C  [ntdll.dll+0x6e851]


Current CompileTask:
C2:  10148 3048       4       org.springframework.core.annotation.TypeMappedAnnotations::get (52 bytes)


---------------  P R O C E S S  ---------------

Java Threads: ( => current thread )
  0x000002622a1c9800 JavaThread "container-0" [_thread_blocked, id=16116, stack(0x000000b037700000,0x000000b037800000)]
  0x000002622a1c8800 JavaThread "Catalina-utility-2" [_thread_blocked, id=13448, stack(0x000000b037600000,0x000000b037700000)]
  0x000002622a1c8000 JavaThread "Catalina-utility-1" [_thread_blocked, id=14960, stack(0x000000b037500000,0x000000b037600000)]
  0x000002622a1cf000 JavaThread "HikariPool-1 connection adder" daemon [_thread_blocked, id=8664, stack(0x000000b037400000,0x000000b037500000)]
  0x000002622a1cb800 JavaThread "HikariPool-1 housekeeper" daemon [_thread_blocked, id=2828, stack(0x000000b037300000,0x000000b037400000)]
  0x00000262274dd000 JavaThread "restartedMain" [_thread_in_vm, id=16256, stack(0x000000b037000000,0x000000b037100000)]
  0x00000262274dc800 JavaThread "Thread-0" [_thread_blocked, id=16972, stack(0x000000b036f00000,0x000000b037000000)]
  0x0000026226091800 JavaThread "Service Thread" daemon [_thread_blocked, id=9164, stack(0x000000b036a00000,0x000000b036b00000)]
  0x0000026226090000 JavaThread "C1 CompilerThread2" daemon [_thread_in_native, id=5320, stack(0x000000b036900000,0x000000b036a00000)]
  0x000002622608c800 JavaThread "C2 CompilerThread1" daemon [_thread_in_native, id=16568, stack(0x000000b036800000,0x000000b036900000)]
=>0x000002622601b000 JavaThread "C2 CompilerThread0" daemon [_thread_in_native, id=13292, stack(0x000000b036700000,0x000000b036800000)]
  0x000002622601a000 JavaThread "Attach Listener" daemon [_thread_blocked, id=10380, stack(0x000000b036600000,0x000000b036700000)]
  0x0000026226032000 JavaThread "Signal Dispatcher" daemon [_thread_blocked, id=952, stack(0x000000b036500000,0x000000b036600000)]
  0x0000026225ffb800 JavaThread "Finalizer" daemon [_thread_blocked, id=16748, stack(0x000000b036400000,0x000000b036500000)]
  0x0000026225fd5800 JavaThread "Reference Handler" daemon [_thread_blocked, id=13452, stack(0x000000b036300000,0x000000b036400000)]
  0x000002620f8cf800 JavaThread "main" [_thread_blocked, id=3180, stack(0x000000b035d00000,0x000000b035e00000)]

Other Threads:
  0x0000026225fd3800 VMThread [stack: 0x000000b036200000,0x000000b036300000] [id=14564]
  0x00000262260ae800 WatcherThread [stack: 0x000000b036b00000,0x000000b036c00000] [id=15076]

VM state:not at safepoint (normal execution)

VM Mutex/Monitor currently owned by a thread: None

heap address: 0x0000000081800000, size: 2024 MB, Compressed Oops mode: 32-bit
Narrow klass base: 0x0000000000000000, Narrow klass shift: 3
Compressed class space size: 1073741824 Address: 0x0000000100000000

Heap:
 PSYoungGen      total 243200K, used 6161K [0x00000000d5d80000, 0x00000000e5900000, 0x0000000100000000)
  eden space 231936K, 2% used [0x00000000d5d80000,0x00000000d6384708,0x00000000e4000000)
  from space 11264K, 0% used [0x00000000e4e00000,0x00000000e4e00000,0x00000000e5900000)
  to   space 12800K, 0% used [0x00000000e4000000,0x00000000e4000000,0x00000000e4c80000)
 ParOldGen       total 49664K, used 14278K [0x0000000081800000, 0x0000000084880000, 0x00000000d5d80000)
  object space 49664K, 28% used [0x0000000081800000,0x00000000825f1928,0x0000000084880000)
 Metaspace       used 33348K, capacity 35326K, committed 35544K, reserved 1081344K
  class space    used 4256K, capacity 4624K, committed 4736K, reserved 1048576K

Card table byte_map: [0x00000262205d0000,0x00000262209d0000] byte_map_base: 0x00000262201c4000

Marking Bits: (ParMarkBitMap*) 0x0000000067a64fb0
 Begin Bits: [0x0000026220c80000, 0x0000026222c20000)
 End Bits:   [0x0000026222c20000, 0x0000026224bc0000)

Polling page: 0x000002620fa00000

CodeCache: size=245760Kb used=9593Kb max_used=10985Kb free=236167Kb
 bounds [0x0000026211210000, 0x0000026211cd0000, 0x0000026220210000]
 total_blobs=3190 nmethods=2754 adapters=347
 compilation: enabled

Compilation events (10 events):
Event: 9.759 Thread 0x0000026226090000 3133       3       java.lang.ThreadLocal$ThreadLocalMap::set (136 bytes)
Event: 9.760 Thread 0x0000026226090000 nmethod 3133 0x0000026211322890 code [0x0000026211322aa0, 0x0000026211323570]
Event: 9.760 Thread 0x0000026226090000 3134   !   3       com.sun.proxy.$Proxy40::annotationType (29 bytes)
Event: 9.761 Thread 0x0000026226090000 nmethod 3134 0x00000262114c5550 code [0x00000262114c56e0, 0x00000262114c5b20]
Event: 9.761 Thread 0x0000026226090000 3135   !   3       com.sun.proxy.$Proxy24::autowire (29 bytes)
Event: 9.761 Thread 0x0000026226090000 nmethod 3135 0x000002621142dbd0 code [0x000002621142dd60, 0x000002621142e1a0]
Event: 9.763 Thread 0x0000026226090000 3136   !   3       org.springframework.beans.factory.support.AbstractBeanFactory::resolveBeanClass (117 bytes)
Event: 9.765 Thread 0x0000026226090000 nmethod 3136 0x0000026211379d10 code [0x000002621137a080, 0x000002621137c530]
Event: 9.814 Thread 0x0000026226090000 3137       3       sun.misc.URLClassPath$1::next (63 bytes)
Event: 9.815 Thread 0x0000026226090000 nmethod 3137 0x000002621150f450 code [0x000002621150f5e0, 0x000002621150fa20]

GC Heap History (10 events):
Event: 4.185 GC heap before
{Heap before GC invocations=4 (full 0):
 PSYoungGen      total 38400K, used 38380K [0x00000000d5d80000, 0x00000000da880000, 0x0000000100000000)
  eden space 33280K, 100% used [0x00000000d5d80000,0x00000000d7e00000,0x00000000d7e00000)
  from space 5120K, 99% used [0x00000000d7e00000,0x00000000d82fb198,0x00000000d8300000)
  to   space 5120K, 0% used [0x00000000da380000,0x00000000da380000,0x00000000da880000)
 ParOldGen       total 87552K, used 484K [0x0000000081800000, 0x0000000086d80000, 0x00000000d5d80000)
  object space 87552K, 0% used [0x0000000081800000,0x00000000818793b8,0x0000000086d80000)
 Metaspace       used 17230K, capacity 18006K, committed 18304K, reserved 1064960K
  class space    used 2168K, capacity 2350K, committed 2432K, reserved 1048576K
Event: 4.197 GC heap after
Heap after GC invocations=4 (full 0):
 PSYoungGen      total 71680K, used 5104K [0x00000000d5d80000, 0x00000000da880000, 0x0000000100000000)
  eden space 66560K, 0% used [0x00000000d5d80000,0x00000000d5d80000,0x00000000d9e80000)
  from space 5120K, 99% used [0x00000000da380000,0x00000000da87c320,0x00000000da880000)
  to   space 5120K, 0% used [0x00000000d9e80000,0x00000000d9e80000,0x00000000da380000)
 ParOldGen       total 87552K, used 3726K [0x0000000081800000, 0x0000000086d80000, 0x00000000d5d80000)
  object space 87552K, 4% used [0x0000000081800000,0x0000000081ba3b40,0x0000000086d80000)
 Metaspace       used 17230K, capacity 18006K, committed 18304K, reserved 1064960K
  class space    used 2168K, capacity 2350K, committed 2432K, reserved 1048576K
}
Event: 4.811 GC heap before
{Heap before GC invocations=5 (full 0):
 PSYoungGen      total 71680K, used 71664K [0x00000000d5d80000, 0x00000000da880000, 0x0000000100000000)
  eden space 66560K, 100% used [0x00000000d5d80000,0x00000000d9e80000,0x00000000d9e80000)
  from space 5120K, 99% used [0x00000000da380000,0x00000000da87c320,0x00000000da880000)
  to   space 5120K, 0% used [0x00000000d9e80000,0x00000000d9e80000,0x00000000da380000)
 ParOldGen       total 87552K, used 3726K [0x0000000081800000, 0x0000000086d80000, 0x00000000d5d80000)
  object space 87552K, 4% used [0x0000000081800000,0x0000000081ba3b40,0x0000000086d80000)
 Metaspace       used 19857K, capacity 20868K, committed 20992K, reserved 1067008K
  class space    used 2515K, capacity 2751K, committed 2816K, reserved 1048576K
Event: 4.822 GC heap after
Heap after GC invocations=5 (full 0):
 PSYoungGen      total 71680K, used 5096K [0x00000000d5d80000, 0x00000000df380000, 0x0000000100000000)
  eden space 66560K, 0% used [0x00000000d5d80000,0x00000000d5d80000,0x00000000d9e80000)
  from space 5120K, 99% used [0x00000000d9e80000,0x00000000da37a3e0,0x00000000da380000)
  to   space 10240K, 0% used [0x00000000de980000,0x00000000de980000,0x00000000df380000)
 ParOldGen       total 87552K, used 6257K [0x0000000081800000, 0x0000000086d80000, 0x00000000d5d80000)
  object space 87552K, 7% used [0x0000000081800000,0x0000000081e1c4f8,0x0000000086d80000)
 Metaspace       used 19857K, capacity 20868K, committed 20992K, reserved 1067008K
  class space    used 2515K, capacity 2751K, committed 2816K, reserved 1048576K
}
Event: 4.948 GC heap before
{Heap before GC invocations=6 (full 0):
 PSYoungGen      total 71680K, used 13780K [0x00000000d5d80000, 0x00000000df380000, 0x0000000100000000)
  eden space 66560K, 13% used [0x00000000d5d80000,0x00000000d65faf48,0x00000000d9e80000)
  from space 5120K, 99% used [0x00000000d9e80000,0x00000000da37a3e0,0x00000000da380000)
  to   space 10240K, 0% used [0x00000000de980000,0x00000000de980000,0x00000000df380000)
 ParOldGen       total 87552K, used 6257K [0x0000000081800000, 0x0000000086d80000, 0x00000000d5d80000)
  object space 87552K, 7% used [0x0000000081800000,0x0000000081e1c4f8,0x0000000086d80000)
 Metaspace       used 20235K, capacity 21196K, committed 21248K, reserved 1067008K
  class space    used 2550K, capacity 2769K, committed 2816K, reserved 1048576K
Event: 4.957 GC heap after
Heap after GC invocations=6 (full 0):
 PSYoungGen      total 142336K, used 5954K [0x00000000d5d80000, 0x00000000df280000, 0x0000000100000000)
  eden space 133120K, 0% used [0x00000000d5d80000,0x00000000d5d80000,0x00000000ddf80000)
  from space 9216K, 64% used [0x00000000de980000,0x00000000def50900,0x00000000df280000)
  to   space 9728K, 0% used [0x00000000ddf80000,0x00000000ddf80000,0x00000000de900000)
 ParOldGen       total 87552K, used 6265K [0x0000000081800000, 0x0000000086d80000, 0x00000000d5d80000)
  object space 87552K, 7% used [0x0000000081800000,0x0000000081e1e4f8,0x0000000086d80000)
 Metaspace       used 20235K, capacity 21196K, committed 21248K, reserved 1067008K
  class space    used 2550K, capacity 2769K, committed 2816K, reserved 1048576K
}
Event: 4.957 GC heap before
{Heap before GC invocations=7 (full 1):
 PSYoungGen      total 142336K, used 5954K [0x00000000d5d80000, 0x00000000df280000, 0x0000000100000000)
  eden space 133120K, 0% used [0x00000000d5d80000,0x00000000d5d80000,0x00000000ddf80000)
  from space 9216K, 64% used [0x00000000de980000,0x00000000def50900,0x00000000df280000)
  to   space 9728K, 0% used [0x00000000ddf80000,0x00000000ddf80000,0x00000000de900000)
 ParOldGen       total 87552K, used 6265K [0x0000000081800000, 0x0000000086d80000, 0x00000000d5d80000)
  object space 87552K, 7% used [0x0000000081800000,0x0000000081e1e4f8,0x0000000086d80000)
 Metaspace       used 20235K, capacity 21196K, committed 21248K, reserved 1067008K
  class space    used 2550K, capacity 2769K, committed 2816K, reserved 1048576K
Event: 4.994 GC heap after
Heap after GC invocations=7 (full 1):
 PSYoungGen      total 142336K, used 0K [0x00000000d5d80000, 0x00000000df280000, 0x0000000100000000)
  eden space 133120K, 0% used [0x00000000d5d80000,0x00000000d5d80000,0x00000000ddf80000)
  from space 9216K, 0% used [0x00000000de980000,0x00000000de980000,0x00000000df280000)
  to   space 9728K, 0% used [0x00000000ddf80000,0x00000000ddf80000,0x00000000de900000)
 ParOldGen       total 49664K, used 6188K [0x0000000081800000, 0x0000000084880000, 0x00000000d5d80000)
  object space 49664K, 12% used [0x0000000081800000,0x0000000081e0b118,0x0000000084880000)
 Metaspace       used 20235K, capacity 21196K, committed 21248K, reserved 1067008K
  class space    used 2550K, capacity 2769K, committed 2816K, reserved 1048576K
}
Event: 8.507 GC heap before
{Heap before GC invocations=8 (full 1):
 PSYoungGen      total 142336K, used 133120K [0x00000000d5d80000, 0x00000000df280000, 0x0000000100000000)
  eden space 133120K, 100% used [0x00000000d5d80000,0x00000000ddf80000,0x00000000ddf80000)
  from space 9216K, 0% used [0x00000000de980000,0x00000000de980000,0x00000000df280000)
  to   space 9728K, 0% used [0x00000000ddf80000,0x00000000ddf80000,0x00000000de900000)
 ParOldGen       total 49664K, used 6188K [0x0000000081800000, 0x0000000084880000, 0x00000000d5d80000)
  object space 49664K, 12% used [0x0000000081800000,0x0000000081e0b118,0x0000000084880000)
 Metaspace       used 28084K, capacity 29954K, committed 30080K, reserved 1075200K
  class space    used 3633K, capacity 3952K, committed 3968K, reserved 1048576K
Event: 8.524 GC heap after
Heap after GC invocations=8 (full 1):
 PSYoungGen      total 142848K, used 9707K [0x00000000d5d80000, 0x00000000e5980000, 0x0000000100000000)
  eden space 133120K, 0% used [0x00000000d5d80000,0x00000000d5d80000,0x00000000ddf80000)
  from space 9728K, 99% used [0x00000000ddf80000,0x00000000de8fadb8,0x00000000de900000)
  to   space 11776K, 0% used [0x00000000e4e00000,0x00000000e4e00000,0x00000000e5980000)
 ParOldGen       total 49664K, used 7578K [0x0000000081800000, 0x0000000084880000, 0x00000000d5d80000)
  object space 49664K, 15% used [0x0000000081800000,0x0000000081f66890,0x0000000084880000)
 Metaspace       used 28084K, capacity 29954K, committed 30080K, reserved 1075200K
  class space    used 3633K, capacity 3952K, committed 3968K, reserved 1048576K
}

Deoptimization events (10 events):
Event: 8.486 Thread 0x00000262274dd000 Uncommon trap: reason=class_check action=maybe_recompile pc=0x00000262118187b4 method=java.util.zip.InflaterInputStream.read([BII)I @ 100
Event: 8.487 Thread 0x00000262274dd000 Uncommon trap: reason=class_check action=maybe_recompile pc=0x00000262118187b4 method=java.util.zip.InflaterInputStream.read([BII)I @ 100
Event: 8.489 Thread 0x00000262274dd000 Uncommon trap: reason=class_check action=maybe_recompile pc=0x00000262118187b4 method=java.util.zip.InflaterInputStream.read([BII)I @ 100
Event: 8.489 Thread 0x00000262274dd000 Uncommon trap: reason=class_check action=maybe_recompile pc=0x00000262118187b4 method=java.util.zip.InflaterInputStream.read([BII)I @ 100
Event: 8.925 Thread 0x00000262274dd000 Uncommon trap: reason=unstable_if action=reinterpret pc=0x00000262114acb10 method=java.lang.AbstractStringBuilder.append(Ljava/lang/String;)Ljava/lang/AbstractStringBuilder; @ 1
Event: 8.958 Thread 0x00000262274dd000 Uncommon trap: reason=unstable_if action=reinterpret pc=0x0000026211bb4c44 method=java.util.concurrent.ConcurrentHashMap.get(Ljava/lang/Object;)Ljava/lang/Object; @ 152
Event: 9.040 Thread 0x00000262274dd000 Uncommon trap: reason=unstable_if action=reinterpret pc=0x00000262114964c4 method=sun.nio.cs.UTF_8$Decoder.decode([BII[C)I @ 30
Event: 9.104 Thread 0x00000262274dd000 Uncommon trap: reason=predicate action=maybe_recompile pc=0x00000262116787e8 method=java.lang.String.regionMatches(ZILjava/lang/String;II)Z @ 63
Event: 9.394 Thread 0x00000262274dd000 Uncommon trap: reason=unstable_if action=reinterpret pc=0x0000026211c14acc method=java.lang.ThreadLocal$ThreadLocalMap.getEntry(Ljava/lang/ThreadLocal;)Ljava/lang/ThreadLocal$ThreadLocalMap$Entry; @ 29
Event: 9.409 Thread 0x00000262274dd000 Uncommon trap: reason=unstable_if action=reinterpret pc=0x0000026211c1465c method=java.lang.ThreadLocal$ThreadLocalMap.getEntry(Ljava/lang/ThreadLocal;)Ljava/lang/ThreadLocal$ThreadLocalMap$Entry; @ 29

Classes redefined (0 events):
No events

Internal exceptions (10 events):
Event: 6.310 Thread 0x00000262274dd000 Exception <a 'java/lang/ClassNotFoundException': org/springframework/transaction/annotation/ProxyTransactionManagementConfigurationCustomizer> (0x00000000d97c3708) thrown at [C:\jenkins\workspace\8-2-build-windows-amd64-cygwin\jdk8u261\295\hotspot\src\sha
Event: 6.312 Thread 0x00000262274dd000 Exception <a 'java/lang/ClassNotFoundException': org/springframework/context/annotation/ImportAwareCustomizer> (0x00000000d97dc4a8) thrown at [C:\jenkins\workspace\8-2-build-windows-amd64-cygwin\jdk8u261\295\hotspot\src\share\vm\classfile\systemDictionary
Event: 6.313 Thread 0x00000262274dd000 Exception <a 'java/lang/ClassNotFoundException': org/springframework/beans/factory/AwareCustomizer> (0x00000000d97eefa8) thrown at [C:\jenkins\workspace\8-2-build-windows-amd64-cygwin\jdk8u261\295\hotspot\src\share\vm\classfile\systemDictionary.cpp, line 
Event: 6.408 Thread 0x00000262274dd000 Exception <a 'java/lang/NoSuchMethodError': java.lang.Object.lambda$map$1(Ljava/util/function/Function;)Ljava/util/stream/Stream;> (0x00000000d9b62440) thrown at [C:\jenkins\workspace\8-2-build-windows-amd64-cygwin\jdk8u261\295\hotspot\src\share\vm\interp
Event: 6.550 Thread 0x00000262274dd000 Implicit null exception at 0x0000026211a20753 to 0x0000026211a208cd
Event: 6.873 Thread 0x00000262274dd000 Exception <a 'java/lang/IncompatibleClassChangeError': Found class java.lang.Object, but interface was expected> (0x00000000da35ff00) thrown at [C:\jenkins\workspace\8-2-build-windows-amd64-cygwin\jdk8u261\295\hotspot\src\share\vm\interpreter\linkResolver
Event: 8.734 Thread 0x00000262274dd000 Exception <a 'java/io/FileNotFoundException'> (0x00000000d84f88c8) thrown at [C:\jenkins\workspace\8-2-build-windows-amd64-cygwin\jdk8u261\295\hotspot\src\share\vm\prims\jni.cpp, line 710]
Event: 8.884 Thread 0x00000262274dd000 Exception <a 'java/lang/NoSuchMethodError': java.lang.Object.lambda$static$0(Ljava/lang/Object;)Ljava/lang/Object;> (0x00000000d88012e0) thrown at [C:\jenkins\workspace\8-2-build-windows-amd64-cygwin\jdk8u261\295\hotspot\src\share\vm\interpreter\linkResol
Event: 8.925 Thread 0x00000262274dd000 Implicit null exception at 0x00000262114ac756 to 0x00000262114acaf9
Event: 9.560 Thread 0x00000262274dd000 Exception <a 'java/io/FileNotFoundException'> (0x00000000da1646c0) thrown at [C:\jenkins\workspace\8-2-build-windows-amd64-cygwin\jdk8u261\295\hotspot\src\share\vm\prims\jni.cpp, line 710]

Events (10 events):
Event: 9.921 loading class org/apache/logging/log4j/message/AbstractMessageFactory done
Event: 9.922 loading class org/apache/logging/log4j/util/Constants
Event: 9.922 loading class org/apache/logging/log4j/util/Constants done
Event: 9.923 loading class org/apache/logging/log4j/util/PropertiesUtil
Event: 9.923 loading class org/apache/logging/log4j/util/PropertiesUtil done
Event: 9.924 loading class org/apache/logging/log4j/util/PropertySource
Event: 9.924 loading class org/apache/logging/log4j/util/PropertySource done
Event: 9.926 loading class org/apache/logging/log4j/util/PropertiesUtil$Environment
Event: 9.926 loading class org/apache/logging/log4j/util/PropertiesUtil$Environment done
Event: 9.927 Executing VM operation: CollectForMetadataAllocation


Dynamic libraries:
0x00007ff66b4f0000 - 0x00007ff66b537000 	C:\Program Files\Java\jre1.8.0_261\bin\javaw.exe
0x00007ff9f9980000 - 0x00007ff9f9b50000 	C:\Windows\SYSTEM32\ntdll.dll
0x00007ff9f70e0000 - 0x00007ff9f718b000 	C:\Windows\System32\KERNEL32.DLL
0x00007ff9f6240000 - 0x00007ff9f645d000 	C:\Windows\System32\KERNELBASE.dll
0x00007ff9f8850000 - 0x00007ff9f88f2000 	C:\Windows\System32\ADVAPI32.dll
0x00007ff9f8900000 - 0x00007ff9f899e000 	C:\Windows\System32\msvcrt.dll
0x00007ff9f8fd0000 - 0x00007ff9f9029000 	C:\Windows\System32\sechost.dll
0x00007ff9f8ea0000 - 0x00007ff9f8fc1000 	C:\Windows\System32\RPCRT4.dll
0x00007ff9f9810000 - 0x00007ff9f9975000 	C:\Windows\System32\USER32.dll
0x00007ff9f6e40000 - 0x00007ff9f6e5e000 	C:\Windows\System32\win32u.dll
0x00007ff9f9030000 - 0x00007ff9f9064000 	C:\Windows\System32\GDI32.dll
0x00007ff9f6460000 - 0x00007ff9f65e1000 	C:\Windows\System32\gdi32full.dll
0x00007ff9ea000000 - 0x00007ff9ea27a000 	C:\Windows\WinSxS\amd64_microsoft.windows.common-controls_6595b64144ccf1df_6.0.14393.2848_none_7ddecd5e83436d8c\COMCTL32.dll
0x00007ff9f9510000 - 0x00007ff9f97d5000 	C:\Windows\System32\combase.dll
0x00007ff9f6cd0000 - 0x00007ff9f6dc4000 	C:\Windows\System32\ucrtbase.dll
0x00007ff9f6dd0000 - 0x00007ff9f6e3a000 	C:\Windows\System32\bcryptPrimitives.dll
0x00007ff9f97e0000 - 0x00007ff9f980e000 	C:\Windows\System32\IMM32.DLL
0x00007ff9e0190000 - 0x00007ff9e01a5000 	C:\Program Files\Java\jre1.8.0_261\bin\vcruntime140.dll
0x00007ff9c9000000 - 0x00007ff9c909b000 	C:\Program Files\Java\jre1.8.0_261\bin\msvcp140.dll
0x0000000067270000 - 0x0000000067adc000 	C:\Program Files\Java\jre1.8.0_261\bin\server\jvm.dll
0x00007ff9f70d0000 - 0x00007ff9f70d8000 	C:\Windows\System32\PSAPI.DLL
0x00007ff9f43c0000 - 0x00007ff9f43e3000 	C:\Windows\SYSTEM32\WINMM.dll
0x00007ff9f22e0000 - 0x00007ff9f22e9000 	C:\Windows\SYSTEM32\WSOCK32.dll
0x00007ff9f8b50000 - 0x00007ff9f8bba000 	C:\Windows\System32\WS2_32.dll
0x00007ff9f0ae0000 - 0x00007ff9f0aea000 	C:\Windows\SYSTEM32\VERSION.dll
0x00007ff9f4360000 - 0x00007ff9f438b000 	C:\Windows\SYSTEM32\WINMMBASE.dll
0x00007ff9f61f0000 - 0x00007ff9f6232000 	C:\Windows\System32\cfgmgr32.dll
0x00007ff9f5e40000 - 0x00007ff9f5e4f000 	C:\Windows\System32\kernel.appcore.dll
0x00007ff9f4340000 - 0x00007ff9f4350000 	C:\Program Files\Java\jre1.8.0_261\bin\verify.dll
0x00007ff9e0160000 - 0x00007ff9e018b000 	C:\Program Files\Java\jre1.8.0_261\bin\java.dll
0x00007ff9c8fe0000 - 0x00007ff9c8ff8000 	C:\Program Files\Java\jre1.8.0_261\bin\zip.dll
0x00007ff9f7340000 - 0x00007ff9f8845000 	C:\Windows\System32\SHELL32.dll
0x00007ff9f65f0000 - 0x00007ff9f6cc9000 	C:\Windows\System32\windows.storage.dll
0x00007ff9f5df0000 - 0x00007ff9f5e3c000 	C:\Windows\System32\powrprof.dll
0x00007ff9f94b0000 - 0x00007ff9f9502000 	C:\Windows\System32\shlwapi.dll
0x00007ff9f5e70000 - 0x00007ff9f5f19000 	C:\Windows\System32\shcore.dll
0x00007ff9f5e50000 - 0x00007ff9f5e64000 	C:\Windows\System32\profapi.dll
0x00007ff9ed5c0000 - 0x00007ff9ed5cd000 	C:\Program Files\Java\jre1.8.0_261\bin\management.dll
0x00007ff9c8fc0000 - 0x00007ff9c8fdc000 	C:\Program Files\Java\jre1.8.0_261\bin\net.dll
0x00007ff9f5710000 - 0x00007ff9f576c000 	C:\Windows\system32\mswsock.dll
0x00007ff9e12a0000 - 0x00007ff9e12b6000 	C:\Windows\system32\napinsp.dll
0x00007ff9e1280000 - 0x00007ff9e129a000 	C:\Windows\system32\pnrpnsp.dll
0x00007ff9f36a0000 - 0x00007ff9f36b8000 	C:\Windows\system32\NLAapi.dll
0x00007ff9f54d0000 - 0x00007ff9f5571000 	C:\Windows\SYSTEM32\DNSAPI.dll
0x00007ff9f7330000 - 0x00007ff9f7338000 	C:\Windows\System32\NSI.dll
0x00007ff9f5490000 - 0x00007ff9f54c8000 	C:\Windows\SYSTEM32\IPHLPAPI.DLL
0x00007ff9e1270000 - 0x00007ff9e127e000 	C:\Windows\System32\winrnr.dll
0x00007ff9e0f40000 - 0x00007ff9e0f55000 	C:\Windows\System32\wshbth.dll
0x00007ff9e2d30000 - 0x00007ff9e2d3a000 	C:\Windows\System32\rasadhlp.dll
0x00007ff9e8b00000 - 0x00007ff9e8b6a000 	C:\Windows\System32\fwpuclnt.dll
0x00007ff9f59c0000 - 0x00007ff9f59eb000 	C:\Windows\SYSTEM32\bcrypt.dll
0x00007ff9c8fa0000 - 0x00007ff9c8fb3000 	C:\Program Files\Java\jre1.8.0_261\bin\nio.dll
0x00007ff9f58b0000 - 0x00007ff9f58c7000 	C:\Windows\SYSTEM32\CRYPTSP.dll
0x00007ff9f5310000 - 0x00007ff9f5343000 	C:\Windows\system32\rsaenh.dll
0x00007ff9f5590000 - 0x00007ff9f55af000 	C:\Windows\SYSTEM32\USERENV.dll
0x00007ff9f58d0000 - 0x00007ff9f58db000 	C:\Windows\SYSTEM32\CRYPTBASE.dll
0x00007ff9f1090000 - 0x00007ff9f10a6000 	C:\Windows\SYSTEM32\dhcpcsvc6.DLL
0x00007ff9f1140000 - 0x00007ff9f115a000 	C:\Windows\SYSTEM32\dhcpcsvc.DLL
0x00007ff9f18a0000 - 0x00007ff9f1a32000 	C:\Windows\SYSTEM32\dbghelp.dll

VM Arguments:
jvm_args: -Dfile.encoding=UTF-8 
java_command: finday.finday.FindayApplication
java_class_path (initial): D:\ITU\L3\S5\cloud\FINDAY\finday\target\classes;C:\Users\ASUS\.m2\repository\org\springframework\boot\spring-boot-starter-data-jpa\2.5.0-SNAPSHOT\spring-boot-starter-data-jpa-2.5.0-SNAPSHOT.jar;C:\Users\ASUS\.m2\repository\org\springframework\boot\spring-boot-starter-aop\2.5.0-SNAPSHOT\spring-boot-starter-aop-2.5.0-SNAPSHOT.jar;C:\Users\ASUS\.m2\repository\org\springframework\spring-aop\5.3.5-SNAPSHOT\spring-aop-5.3.5-SNAPSHOT.jar;C:\Users\ASUS\.m2\repository\org\aspectj\aspectjweaver\1.9.6\aspectjweaver-1.9.6.jar;C:\Users\ASUS\.m2\repository\org\springframework\boot\spring-boot-starter-jdbc\2.5.0-SNAPSHOT\spring-boot-starter-jdbc-2.5.0-SNAPSHOT.jar;C:\Users\ASUS\.m2\repository\com\zaxxer\HikariCP\4.0.2\HikariCP-4.0.2.jar;C:\Users\ASUS\.m2\repository\org\springframework\spring-jdbc\5.3.5-SNAPSHOT\spring-jdbc-5.3.5-SNAPSHOT.jar;C:\Users\ASUS\.m2\repository\jakarta\transaction\jakarta.transaction-api\1.3.3\jakarta.transaction-api-1.3.3.jar;C:\Users\ASUS\.m2\repository\jakarta\persistence\jakarta.persistence-api\2.2.3\jakarta.persistence-api-2.2.3.jar;C:\Users\ASUS\.m2\repository\org\hibernate\hibernate-core\5.4.28.Final\hibernate-core-5.4.28.Final.jar;C:\Users\ASUS\.m2\repository\org\jboss\logging\jboss-logging\3.4.1.Final\jboss-logging-3.4.1.Final.jar;C:\Users\ASUS\.m2\repository\org\javassist\javassist\3.27.0-GA\javassist-3.27.0-GA.jar;C:\Users\ASUS\.m2\repository\net\bytebuddy\byte-buddy\1.10.20\byte-buddy-1.10.20.jar;C:\Users\ASUS\.m2\repository\antlr\antlr\2.7.7\antlr-2.7.7.jar;C:\Users\ASUS\.m2\repository\org\jboss\jandex\2.2.3.Final\jandex-2.2.3.Final.jar;C:\Users\ASUS\.m2\repository\com\fasterxml\classmate\1.5.1\classmate-1.5.1.jar;C:\Users\ASUS\.m2\repository\org\dom4j\dom4j\2.1.3\dom4j-2.1.3.jar;C:\Users\ASUS\.m2\repository\org\hibernate\common\hibernate-commons-annotations\5.1.2.Final\hibernate-commons-annotations-5.1.2.Final.jar;C:\Users\ASUS\.m2\repository\org\glassfish\jaxb\jaxb-runtime\2.3.3\jaxb-runtime-2.3.3.jar;C:\Users\A
Launcher Type: SUN_STANDARD

Environment Variables:
JAVA_HOME=C:\Program Files\Java\jdk1.8.0_261
JRE_HOME=C:\Program Files\Java\jre1.8.0_261
CLASSPATH=.;C:\Program Files\Java\jdk1.7.0\jre\lib\ext\ojdbc6.jar;C:\apache-tomcat-8.5.46\lib\servlet-api.jar;C:\apache-tomcat-8.5.46\lib\catalina.jar;C:\Program Files\Weka-3-8-4\weka.jar;C:\Program Files\Weka-3-8-4\weka-src.jar;D:\ITU\L3\S5\programmation\javaLibrary\json-20201115.jar;D:\ITU\L3\S5\programmation\javaLibrary\json-simple-1.1.jar;D:\ITU\L3\S5\programmation\javaLibrary\sqljdbc4-chs-4.0.2206.100.jar;D:\ITU\L3\S5\programmation\javaLibrary\postgresql-42.2.5.jar
PATH=C:/Program Files/eclipse//plugins/org.eclipse.justj.openjdk.hotspot.jre.full.win32.x86_64_15.0.1.v20201027-0507/jre/bin/server;C:/Program Files/eclipse//plugins/org.eclipse.justj.openjdk.hotspot.jre.full.win32.x86_64_15.0.1.v20201027-0507/jre/bin;C:\oraclexe\app\oracle\product\11.2.0\server\bin;C:\Program Files (x86)\Common Files\Oracle\Java\javapath;C:\oraclexe\app\oracle\product\11.2.0\server\bin;C:\oraclexe\app\oracle\product\11.2.0\server\bin;C:\Windows\system32;C:\Windows;C:\Windows\System32\Wbem;C:\Windows\System32\WindowsPowerShell\v1.0\;C:\Program Files (x86)\NVIDIA Corporation\PhysX\Common;C:\Program Files\NVIDIA Corporation\NVIDIA NvDLISR;C:\Program Files\Java\jdk1.8.0_261\bin;C:\xampp\mysql\bin;C:\UwAmp\bin\database\mysql-5.7.11\bin;C:\Program Files\PostgreSQL\11\bin;C:\Windows\Microsoft.NET\Framework64\v4.0.30319;C:\Program Files\Microsoft SQL Server\Client SDK\ODBC\170\Tools\Binn\;C:\Program Files (x86)\Microsoft SQL Server\150\Tools\Binn\;C:\Program Files\Microsoft SQL Server\150\Tools\Binn\;C:\Program Files\Microsoft SQL Server\150\DTS\Binn\;C:\Program Files\Microsoft SQL Server\130\Tools\Binn\;C:\PostgreSQL\11\bin;C:\Program Files\Git\cmd;C:\sqlite;D:\ITU\L3\S5\programmation\javaLibrary\sqljdbc_6.0\enu\auth\x64;C:\ACE_wrappers\lib;C:\UwAmp\bin\php\php-7.0.3;C:\ProgramData\ComposerSetup\bin;C:\Users\ASUS\node_modules\npm\bin;C:\Program Files\nodejs\;C:\gradle-6.8.1\bin;C:\Program Files\PuTTY\;C:\Program Files\MongoDB\Server\4.4\bin;C:\Program Files\Java\jdk1.8.0_261\bin;C:\Program Files\heroku\bin;C:\Users\ASUS\AppData\Roaming\Composer\vendor\bin;C:\Users\ASUS\AppData\Roaming\npm;C:\Users\ASUS\AppData\Local\Programs\Microsoft VS Code\bin;C:\Program Files\eclipse;
USERNAME=ASUS
OS=Windows_NT
PROCESSOR_IDENTIFIER=Intel64 Family 6 Model 61 Stepping 4, GenuineIntel



---------------  S Y S T E M  ---------------

OS: Windows 10.0 , 64 bit Build 14393 (10.0.14393.2906)

CPU:total 4 (initial active 4) (2 cores per cpu, 2 threads per core) family 6 model 61 stepping 4, cmov, cx8, fxsr, mmx, sse, sse2, sse3, ssse3, sse4.1, sse4.2, popcnt, avx, avx2, aes, clmul, erms, 3dnowpref, lzcnt, ht, tsc, tscinvbit, bmi1, bmi2, adx

Memory: 4k page, physical 8285744k(1443484k free), swap 11537400k(88k free)

vm_info: Java HotSpot(TM) 64-Bit Server VM (25.261-b12) for windows-amd64 JRE (1.8.0_261-b12), built on Jun 18 2020 06:56:32 by "" with unknown MS VC++:1916

time: Wed Mar 17 02:37:24 2021
timezone: Afrique de l?Est
elapsed time: 10 seconds (0d 0h 0m 10s)

