#
# There is insufficient memory for the Java Runtime Environment to continue.
# Native memory allocation (malloc) failed to allocate 849536 bytes for Chunk::new
# Possible reasons:
#   The system is out of physical RAM or swap space
#   The process is running with CompressedOops enabled, and the Java Heap may be blocking the growth of the native heap
# Possible solutions:
#   Reduce memory load on the system
#   Increase physical memory or swap space
#   Check if swap backing store is full
#   Decrease Java heap size (-Xmx/-Xms)
#   Decrease number of Java threads
#   Decrease Java thread stack sizes (-Xss)
#   Set larger code cache with -XX:ReservedCodeCacheSize=
#   JVM is running with Unscaled Compressed Oops mode in which the Java heap is
#     placed in the first 4GB address space. The Java Heap base address is the
#     maximum limit for the native heap growth. Please use -XX:HeapBaseMinAddress
#     to set the Java Heap base and to place the Java Heap above 4GB virtual address.
# This output file may be truncated or incomplete.
#
#  Out of Memory Error (allocation.cpp:389), pid=13672, tid=0x0000000000003f80
#
# JRE version: Java(TM) SE Runtime Environment (8.0_261-b12) (build 1.8.0_261-b12)
# Java VM: Java HotSpot(TM) 64-Bit Server VM (25.261-b12 mixed mode windows-amd64 compressed oops)
# Failed to write core dump. Minidumps are not enabled by default on client versions of Windows
#

---------------  T H R E A D  ---------------

Current thread (0x0000023e2838f000):  JavaThread "C2 CompilerThread0" daemon [_thread_in_native, id=16256, stack(0x000000f342700000,0x000000f342800000)]

Stack: [0x000000f342700000,0x000000f342800000]
Native frames: (J=compiled Java code, j=interpreted, Vv=VM code, C=native code)
V  [jvm.dll+0x33e5f9]


Current CompileTask:
C2:   7606 3096       4       org.springframework.core.annotation.TypeMappedAnnotations::get (52 bytes)


---------------  P R O C E S S  ---------------

Java Threads: ( => current thread )
  0x0000023e29252800 JavaThread "container-0" [_thread_blocked, id=11096, stack(0x000000f343d00000,0x000000f343e00000)]
  0x0000023e29250800 JavaThread "Catalina-utility-2" [_thread_blocked, id=11148, stack(0x000000f343c00000,0x000000f343d00000)]
  0x0000023e29253800 JavaThread "Catalina-utility-1" [_thread_blocked, id=7828, stack(0x000000f343b00000,0x000000f343c00000)]
  0x0000023e29251000 JavaThread "HikariPool-1 connection adder" daemon [_thread_blocked, id=15188, stack(0x000000f343a00000,0x000000f343b00000)]
  0x0000023e29252000 JavaThread "HikariPool-1 housekeeper" daemon [_thread_blocked, id=3476, stack(0x000000f343900000,0x000000f343a00000)]
  0x0000023e2998e000 JavaThread "restartedMain" [_thread_in_native, id=10808, stack(0x000000f342d00000,0x000000f342e00000)]
  0x0000023e29a27800 JavaThread "Thread-0" [_thread_blocked, id=7556, stack(0x000000f342c00000,0x000000f342d00000)]
  0x0000023e28411800 JavaThread "Service Thread" daemon [_thread_blocked, id=14392, stack(0x000000f342a00000,0x000000f342b00000)]
  0x0000023e28396000 JavaThread "C1 CompilerThread2" daemon [_thread_in_vm, id=11332, stack(0x000000f342900000,0x000000f342a00000)]
  0x0000023e28393000 JavaThread "C2 CompilerThread1" daemon [_thread_in_native, id=8556, stack(0x000000f342800000,0x000000f342900000)]
=>0x0000023e2838f000 JavaThread "C2 CompilerThread0" daemon [_thread_in_native, id=16256, stack(0x000000f342700000,0x000000f342800000)]
  0x0000023e2838c800 JavaThread "Attach Listener" daemon [_thread_blocked, id=10416, stack(0x000000f342600000,0x000000f342700000)]
  0x0000023e28391000 JavaThread "Signal Dispatcher" daemon [_thread_blocked, id=4856, stack(0x000000f342500000,0x000000f342600000)]
  0x0000023e2836d800 JavaThread "Finalizer" daemon [_thread_blocked, id=8540, stack(0x000000f342400000,0x000000f342500000)]
  0x0000023e27c2a800 JavaThread "Reference Handler" daemon [_thread_blocked, id=15004, stack(0x000000f342300000,0x000000f342400000)]
  0x0000023e11c60800 JavaThread "main" [_thread_blocked, id=13136, stack(0x000000f341d00000,0x000000f341e00000)]

Other Threads:
  0x0000023e28342000 VMThread [stack: 0x000000f342200000,0x000000f342300000] [id=5052]
  0x0000023e2842f000 WatcherThread [stack: 0x000000f342b00000,0x000000f342c00000] [id=1420]

VM state:not at safepoint (normal execution)

VM Mutex/Monitor currently owned by a thread: None

heap address: 0x0000000081800000, size: 2024 MB, Compressed Oops mode: 32-bit
Narrow klass base: 0x0000000000000000, Narrow klass shift: 3
Compressed class space size: 1073741824 Address: 0x0000000100000000

Heap:
 PSYoungGen      total 142336K, used 93945K [0x00000000d5d80000, 0x00000000e4780000, 0x0000000100000000)
  eden space 133120K, 63% used [0x00000000d5d80000,0x00000000db042cb0,0x00000000ddf80000)
  from space 9216K, 99% used [0x00000000ddf80000,0x00000000de87bb00,0x00000000de880000)
  to   space 11264K, 0% used [0x00000000e3c80000,0x00000000e3c80000,0x00000000e4780000)
 ParOldGen       total 53760K, used 7476K [0x0000000081800000, 0x0000000084c80000, 0x00000000d5d80000)
  object space 53760K, 13% used [0x0000000081800000,0x0000000081f4d0a8,0x0000000084c80000)
 Metaspace       used 33301K, capacity 35276K, committed 35328K, reserved 1081344K
  class space    used 4248K, capacity 4598K, committed 4608K, reserved 1048576K

Card table byte_map: [0x0000023e22910000,0x0000023e22d10000] byte_map_base: 0x0000023e22504000

Marking Bits: (ParMarkBitMap*) 0x000000006ba84fb0
 Begin Bits: [0x0000023e22fc0000, 0x0000023e24f60000)
 End Bits:   [0x0000023e24f60000, 0x0000023e26f00000)

Polling page: 0x0000023e11f80000

CodeCache: size=245760Kb used=11330Kb max_used=11330Kb free=234429Kb
 bounds [0x0000023e13550000, 0x0000023e14080000, 0x0000023e22550000]
 total_blobs=3557 nmethods=3124 adapters=345
 compilation: enabled

Compilation events (10 events):
Event: 7.575 Thread 0x0000023e28396000 3178   !   3       org.springframework.util.ReflectionUtils::doWithLocalFields (84 bytes)
Event: 7.576 Thread 0x0000023e28396000 nmethod 3178 0x0000023e1370d750 code [0x0000023e1370d9c0, 0x0000023e1370e8f0]
Event: 7.576 Thread 0x0000023e28396000 3180       3       java.lang.ThreadLocal$ThreadLocalMap::set (136 bytes)
Event: 7.577 Thread 0x0000023e28396000 nmethod 3180 0x0000023e136da7d0 code [0x0000023e136da9e0, 0x0000023e136db4b0]
Event: 7.577 Thread 0x0000023e28396000 3179       3       java.lang.ThreadLocal$ThreadLocalMap::access$100 (7 bytes)
Event: 7.577 Thread 0x0000023e28396000 nmethod 3179 0x0000023e1371b410 code [0x0000023e1371b580, 0x0000023e1371b6f0]
Event: 7.577 Thread 0x0000023e28396000 3181   !   3       com.sun.proxy.$Proxy28::autowire (29 bytes)
Event: 7.578 Thread 0x0000023e28396000 nmethod 3181 0x0000023e1366ee10 code [0x0000023e1366efa0, 0x0000023e1366f3e0]
Event: 7.578 Thread 0x0000023e28396000 3182   !   3       org.springframework.beans.factory.support.AbstractBeanFactory::resolveBeanClass (117 bytes)
Event: 7.579 Thread 0x0000023e28396000 nmethod 3182 0x0000023e136a6510 code [0x0000023e136a6880, 0x0000023e136a8d30]

GC Heap History (10 events):
Event: 2.366 GC heap before
{Heap before GC invocations=4 (full 0):
 PSYoungGen      total 38400K, used 38383K [0x00000000d5d80000, 0x00000000da880000, 0x0000000100000000)
  eden space 33280K, 100% used [0x00000000d5d80000,0x00000000d7e00000,0x00000000d7e00000)
  from space 5120K, 99% used [0x00000000d7e00000,0x00000000d82fbe70,0x00000000d8300000)
  to   space 5120K, 0% used [0x00000000da380000,0x00000000da380000,0x00000000da880000)
 ParOldGen       total 87552K, used 461K [0x0000000081800000, 0x0000000086d80000, 0x00000000d5d80000)
  object space 87552K, 0% used [0x0000000081800000,0x0000000081873550,0x0000000086d80000)
 Metaspace       used 17305K, capacity 18136K, committed 18304K, reserved 1064960K
  class space    used 2181K, capacity 2351K, committed 2432K, reserved 1048576K
Event: 2.376 GC heap after
Heap after GC invocations=4 (full 0):
 PSYoungGen      total 71680K, used 5115K [0x00000000d5d80000, 0x00000000da880000, 0x0000000100000000)
  eden space 66560K, 0% used [0x00000000d5d80000,0x00000000d5d80000,0x00000000d9e80000)
  from space 5120K, 99% used [0x00000000da380000,0x00000000da87ecc8,0x00000000da880000)
  to   space 5120K, 0% used [0x00000000d9e80000,0x00000000d9e80000,0x00000000da380000)
 ParOldGen       total 87552K, used 3579K [0x0000000081800000, 0x0000000086d80000, 0x00000000d5d80000)
  object space 87552K, 4% used [0x0000000081800000,0x0000000081b7ecb8,0x0000000086d80000)
 Metaspace       used 17305K, capacity 18136K, committed 18304K, reserved 1064960K
  class space    used 2181K, capacity 2351K, committed 2432K, reserved 1048576K
}
Event: 2.975 GC heap before
{Heap before GC invocations=5 (full 0):
 PSYoungGen      total 71680K, used 71675K [0x00000000d5d80000, 0x00000000da880000, 0x0000000100000000)
  eden space 66560K, 100% used [0x00000000d5d80000,0x00000000d9e80000,0x00000000d9e80000)
  from space 5120K, 99% used [0x00000000da380000,0x00000000da87ecc8,0x00000000da880000)
  to   space 5120K, 0% used [0x00000000d9e80000,0x00000000d9e80000,0x00000000da380000)
 ParOldGen       total 87552K, used 3579K [0x0000000081800000, 0x0000000086d80000, 0x00000000d5d80000)
  object space 87552K, 4% used [0x0000000081800000,0x0000000081b7ecb8,0x0000000086d80000)
 Metaspace       used 19863K, capacity 20816K, committed 20992K, reserved 1067008K
  class space    used 2524K, capacity 2754K, committed 2816K, reserved 1048576K
Event: 2.993 GC heap after
Heap after GC invocations=5 (full 0):
 PSYoungGen      total 71680K, used 5118K [0x00000000d5d80000, 0x00000000df280000, 0x0000000100000000)
  eden space 66560K, 0% used [0x00000000d5d80000,0x00000000d5d80000,0x00000000d9e80000)
  from space 5120K, 99% used [0x00000000d9e80000,0x00000000da37fab8,0x00000000da380000)
  to   space 9728K, 0% used [0x00000000de900000,0x00000000de900000,0x00000000df280000)
 ParOldGen       total 87552K, used 5952K [0x0000000081800000, 0x0000000086d80000, 0x00000000d5d80000)
  object space 87552K, 6% used [0x0000000081800000,0x0000000081dd02f0,0x0000000086d80000)
 Metaspace       used 19863K, capacity 20816K, committed 20992K, reserved 1067008K
  class space    used 2524K, capacity 2754K, committed 2816K, reserved 1048576K
}
Event: 3.179 GC heap before
{Heap before GC invocations=6 (full 0):
 PSYoungGen      total 71680K, used 12593K [0x00000000d5d80000, 0x00000000df280000, 0x0000000100000000)
  eden space 66560K, 11% used [0x00000000d5d80000,0x00000000d64ccc80,0x00000000d9e80000)
  from space 5120K, 99% used [0x00000000d9e80000,0x00000000da37fab8,0x00000000da380000)
  to   space 9728K, 0% used [0x00000000de900000,0x00000000de900000,0x00000000df280000)
 ParOldGen       total 87552K, used 5952K [0x0000000081800000, 0x0000000086d80000, 0x00000000d5d80000)
  object space 87552K, 6% used [0x0000000081800000,0x0000000081dd02f0,0x0000000086d80000)
 Metaspace       used 20143K, capacity 21142K, committed 21248K, reserved 1067008K
  class space    used 2546K, capacity 2765K, committed 2816K, reserved 1048576K
Event: 3.190 GC heap after
Heap after GC invocations=6 (full 0):
 PSYoungGen      total 141824K, used 5797K [0x00000000d5d80000, 0x00000000df180000, 0x0000000100000000)
  eden space 133120K, 0% used [0x00000000d5d80000,0x00000000d5d80000,0x00000000ddf80000)
  from space 8704K, 66% used [0x00000000de900000,0x00000000deea9468,0x00000000df180000)
  to   space 9216K, 0% used [0x00000000ddf80000,0x00000000ddf80000,0x00000000de880000)
 ParOldGen       total 87552K, used 5960K [0x0000000081800000, 0x0000000086d80000, 0x00000000d5d80000)
  object space 87552K, 6% used [0x0000000081800000,0x0000000081dd22f0,0x0000000086d80000)
 Metaspace       used 20143K, capacity 21142K, committed 21248K, reserved 1067008K
  class space    used 2546K, capacity 2765K, committed 2816K, reserved 1048576K
}
Event: 3.190 GC heap before
{Heap before GC invocations=7 (full 1):
 PSYoungGen      total 141824K, used 5797K [0x00000000d5d80000, 0x00000000df180000, 0x0000000100000000)
  eden space 133120K, 0% used [0x00000000d5d80000,0x00000000d5d80000,0x00000000ddf80000)
  from space 8704K, 66% used [0x00000000de900000,0x00000000deea9468,0x00000000df180000)
  to   space 9216K, 0% used [0x00000000ddf80000,0x00000000ddf80000,0x00000000de880000)
 ParOldGen       total 87552K, used 5960K [0x0000000081800000, 0x0000000086d80000, 0x00000000d5d80000)
  object space 87552K, 6% used [0x0000000081800000,0x0000000081dd22f0,0x0000000086d80000)
 Metaspace       used 20143K, capacity 21142K, committed 21248K, reserved 1067008K
  class space    used 2546K, capacity 2765K, committed 2816K, reserved 1048576K
Event: 3.233 GC heap after
Heap after GC invocations=7 (full 1):
 PSYoungGen      total 141824K, used 0K [0x00000000d5d80000, 0x00000000df180000, 0x0000000100000000)
  eden space 133120K, 0% used [0x00000000d5d80000,0x00000000d5d80000,0x00000000ddf80000)
  from space 8704K, 0% used [0x00000000de900000,0x00000000de900000,0x00000000df180000)
  to   space 9216K, 0% used [0x00000000ddf80000,0x00000000ddf80000,0x00000000de880000)
 ParOldGen       total 53760K, used 5971K [0x0000000081800000, 0x0000000084c80000, 0x00000000d5d80000)
  object space 53760K, 11% used [0x0000000081800000,0x0000000081dd4f70,0x0000000084c80000)
 Metaspace       used 20143K, capacity 21142K, committed 21248K, reserved 1067008K
  class space    used 2546K, capacity 2765K, committed 2816K, reserved 1048576K
}
Event: 6.337 GC heap before
{Heap before GC invocations=8 (full 1):
 PSYoungGen      total 141824K, used 133120K [0x00000000d5d80000, 0x00000000df180000, 0x0000000100000000)
  eden space 133120K, 100% used [0x00000000d5d80000,0x00000000ddf80000,0x00000000ddf80000)
  from space 8704K, 0% used [0x00000000de900000,0x00000000de900000,0x00000000df180000)
  to   space 9216K, 0% used [0x00000000ddf80000,0x00000000ddf80000,0x00000000de880000)
 ParOldGen       total 53760K, used 5971K [0x0000000081800000, 0x0000000084c80000, 0x00000000d5d80000)
  object space 53760K, 11% used [0x0000000081800000,0x0000000081dd4f70,0x0000000084c80000)
 Metaspace       used 27672K, capacity 29514K, committed 29824K, reserved 1075200K
  class space    used 3599K, capacity 3951K, committed 3968K, reserved 1048576K
Event: 6.352 GC heap after
Heap after GC invocations=8 (full 1):
 PSYoungGen      total 142336K, used 9198K [0x00000000d5d80000, 0x00000000e4780000, 0x0000000100000000)
  eden space 133120K, 0% used [0x00000000d5d80000,0x00000000d5d80000,0x00000000ddf80000)
  from space 9216K, 99% used [0x00000000ddf80000,0x00000000de87bb00,0x00000000de880000)
  to   space 11264K, 0% used [0x00000000e3c80000,0x00000000e3c80000,0x00000000e4780000)
 ParOldGen       total 53760K, used 7476K [0x0000000081800000, 0x0000000084c80000, 0x00000000d5d80000)
  object space 53760K, 13% used [0x0000000081800000,0x0000000081f4d0a8,0x0000000084c80000)
 Metaspace       used 27672K, capacity 29514K, committed 29824K, reserved 1075200K
  class space    used 3599K, capacity 3951K, committed 3968K, reserved 1048576K
}

Deoptimization events (10 events):
Event: 5.132 Thread 0x0000023e2998e000 Uncommon trap: reason=class_check action=maybe_recompile pc=0x0000023e13e4e7e8 method=java.util.concurrent.ConcurrentHashMap.putVal(Ljava/lang/Object;Ljava/lang/Object;Z)Ljava/lang/Object; @ 192
Event: 5.314 Thread 0x0000023e2998e000 Uncommon trap: reason=unstable_if action=reinterpret pc=0x0000023e13b97f80 method=java.util.LinkedHashMap.get(Ljava/lang/Object;)Ljava/lang/Object; @ 20
Event: 6.447 Thread 0x0000023e2998e000 Uncommon trap: reason=class_check action=maybe_recompile pc=0x0000023e13b5c7f4 method=java.util.zip.InflaterInputStream.read([BII)I @ 100
Event: 6.447 Thread 0x0000023e2998e000 Uncommon trap: reason=class_check action=maybe_recompile pc=0x0000023e13b5c7f4 method=java.util.zip.InflaterInputStream.read([BII)I @ 100
Event: 6.450 Thread 0x0000023e2998e000 Uncommon trap: reason=class_check action=maybe_recompile pc=0x0000023e13b5c7f4 method=java.util.zip.InflaterInputStream.read([BII)I @ 100
Event: 6.450 Thread 0x0000023e2998e000 Uncommon trap: reason=class_check action=maybe_recompile pc=0x0000023e13b5c7f4 method=java.util.zip.InflaterInputStream.read([BII)I @ 100
Event: 6.596 Thread 0x0000023e2998e000 Uncommon trap: reason=unstable_if action=reinterpret pc=0x0000023e13f4def0 method=java.lang.Class$MethodArray.matchesNameAndDescriptor(Ljava/lang/reflect/Method;Ljava/lang/reflect/Method;)Z @ 33
Event: 6.833 Thread 0x0000023e2998e000 Uncommon trap: reason=unstable_if action=reinterpret pc=0x0000023e137cf990 method=java.lang.AbstractStringBuilder.append(Ljava/lang/String;)Ljava/lang/AbstractStringBuilder; @ 1
Event: 7.004 Thread 0x0000023e2998e000 Uncommon trap: reason=unstable_if action=reinterpret pc=0x0000023e137ee984 method=sun.nio.cs.UTF_8$Decoder.decode([BII[C)I @ 30
Event: 7.065 Thread 0x0000023e2998e000 Uncommon trap: reason=predicate action=maybe_recompile pc=0x0000023e13991c28 method=java.lang.String.regionMatches(ZILjava/lang/String;II)Z @ 63

Classes redefined (0 events):
No events

Internal exceptions (10 events):
Event: 4.815 Thread 0x0000023e2998e000 Exception <a 'java/lang/ClassNotFoundException': org/springframework/context/annotation/ImportAwareCustomizer> (0x00000000d9e71828) thrown at [C:\jenkins\workspace\8-2-build-windows-amd64-cygwin\jdk8u261\295\hotspot\src\share\vm\classfile\systemDictionary
Event: 4.816 Thread 0x0000023e2998e000 Exception <a 'java/lang/ClassNotFoundException': org/springframework/beans/factory/AwareCustomizer> (0x00000000d9e84328) thrown at [C:\jenkins\workspace\8-2-build-windows-amd64-cygwin\jdk8u261\295\hotspot\src\share\vm\classfile\systemDictionary.cpp, line 
Event: 4.816 Thread 0x0000023e2998e000 Implicit null exception at 0x0000023e13ddc20c to 0x0000023e13ddc39d
Event: 4.915 Thread 0x0000023e2998e000 Exception <a 'java/lang/NoSuchMethodError': java.lang.Object.lambda$map$1(Ljava/util/function/Function;)Ljava/util/stream/Stream;> (0x00000000da1f7cf8) thrown at [C:\jenkins\workspace\8-2-build-windows-amd64-cygwin\jdk8u261\295\hotspot\src\share\vm\interp
Event: 5.081 Thread 0x0000023e2998e000 Implicit null exception at 0x0000023e13d4138f to 0x0000023e13d41505
Event: 5.170 Thread 0x0000023e2998e000 Exception <a 'java/lang/IncompatibleClassChangeError': Found class java.lang.Object, but interface was expected> (0x00000000daa09290) thrown at [C:\jenkins\workspace\8-2-build-windows-amd64-cygwin\jdk8u261\295\hotspot\src\share\vm\interpreter\linkResolver
Event: 6.615 Thread 0x0000023e2998e000 Exception <a 'java/io/FileNotFoundException'> (0x00000000d8be0eb0) thrown at [C:\jenkins\workspace\8-2-build-windows-amd64-cygwin\jdk8u261\295\hotspot\src\share\vm\prims\jni.cpp, line 710]
Event: 6.800 Thread 0x0000023e2998e000 Exception <a 'java/lang/NoSuchMethodError': java.lang.Object.lambda$static$0(Ljava/lang/Object;)Ljava/lang/Object;> (0x00000000d8ee8e50) thrown at [C:\jenkins\workspace\8-2-build-windows-amd64-cygwin\jdk8u261\295\hotspot\src\share\vm\interpreter\linkResol
Event: 6.833 Thread 0x0000023e2998e000 Implicit null exception at 0x0000023e137cf5d6 to 0x0000023e137cf979
Event: 7.508 Thread 0x0000023e2998e000 Exception <a 'java/io/FileNotFoundException'> (0x00000000da93c258) thrown at [C:\jenkins\workspace\8-2-build-windows-amd64-cygwin\jdk8u261\295\hotspot\src\share\vm\prims\jni.cpp, line 710]

Events (10 events):
Event: 7.595 loading class org/springframework/orm/jpa/JpaSystemException
Event: 7.595 loading class org/springframework/orm/jpa/JpaSystemException done
Event: 7.595 loading class org/springframework/dao/UncategorizedDataAccessException
Event: 7.595 loading class org/springframework/dao/UncategorizedDataAccessException done
Event: 7.596 loading class org/springframework/jdbc/datasource/ConnectionHandle
Event: 7.596 loading class org/springframework/jdbc/datasource/ConnectionHandle done
Event: 7.597 loading class org/springframework/orm/jpa/vendor/SpringHibernateJpaPersistenceProvider
Event: 7.597 loading class org/springframework/orm/jpa/vendor/SpringHibernateJpaPersistenceProvider done
Event: 7.597 loading class org/hibernate/jpa/HibernatePersistenceProvider
Event: 7.597 loading class org/hibernate/jpa/HibernatePersistenceProvider done


Dynamic libraries:
0x00007ff79b280000 - 0x00007ff79b2c7000 	C:\Program Files\Java\jre1.8.0_261\bin\javaw.exe
0x00007ffd69030000 - 0x00007ffd69200000 	C:\Windows\SYSTEM32\ntdll.dll
0x00007ffd67c60000 - 0x00007ffd67d0b000 	C:\Windows\System32\KERNEL32.DLL
0x00007ffd65eb0000 - 0x00007ffd660cd000 	C:\Windows\System32\KERNELBASE.dll
0x00007ffd68eb0000 - 0x00007ffd68f52000 	C:\Windows\System32\ADVAPI32.dll
0x00007ffd68650000 - 0x00007ffd686ee000 	C:\Windows\System32\msvcrt.dll
0x00007ffd68fc0000 - 0x00007ffd69019000 	C:\Windows\System32\sechost.dll
0x00007ffd67f50000 - 0x00007ffd68071000 	C:\Windows\System32\RPCRT4.dll
0x00007ffd665c0000 - 0x00007ffd66725000 	C:\Windows\System32\USER32.dll
0x00007ffd660d0000 - 0x00007ffd660ee000 	C:\Windows\System32\win32u.dll
0x00007ffd686f0000 - 0x00007ffd68724000 	C:\Windows\System32\GDI32.dll
0x00007ffd66160000 - 0x00007ffd662e1000 	C:\Windows\System32\gdi32full.dll
0x00007ffd59d40000 - 0x00007ffd59fba000 	C:\Windows\WinSxS\amd64_microsoft.windows.common-controls_6595b64144ccf1df_6.0.14393.2848_none_7ddecd5e83436d8c\COMCTL32.dll
0x00007ffd68be0000 - 0x00007ffd68ea5000 	C:\Windows\System32\combase.dll
0x00007ffd65ca0000 - 0x00007ffd65d94000 	C:\Windows\System32\ucrtbase.dll
0x00007ffd660f0000 - 0x00007ffd6615a000 	C:\Windows\System32\bcryptPrimitives.dll
0x00007ffd67d20000 - 0x00007ffd67d4e000 	C:\Windows\System32\IMM32.DLL
0x00007ffd610a0000 - 0x00007ffd610b5000 	C:\Program Files\Java\jre1.8.0_261\bin\vcruntime140.dll
0x00007ffd2ab30000 - 0x00007ffd2abcb000 	C:\Program Files\Java\jre1.8.0_261\bin\msvcp140.dll
0x000000006b290000 - 0x000000006bafc000 	C:\Program Files\Java\jre1.8.0_261\bin\server\jvm.dll
0x00007ffd689a0000 - 0x00007ffd689a8000 	C:\Windows\System32\PSAPI.DLL
0x00007ffd61a70000 - 0x00007ffd61a79000 	C:\Windows\SYSTEM32\WSOCK32.dll
0x00007ffd5f3a0000 - 0x00007ffd5f3aa000 	C:\Windows\SYSTEM32\VERSION.dll
0x00007ffd63a70000 - 0x00007ffd63a93000 	C:\Windows\SYSTEM32\WINMM.dll
0x00007ffd689b0000 - 0x00007ffd68a1a000 	C:\Windows\System32\WS2_32.dll
0x0000023e11bf0000 - 0x0000023e11c1b000 	C:\Windows\SYSTEM32\WINMMBASE.dll
0x00007ffd663a0000 - 0x00007ffd663e2000 	C:\Windows\System32\cfgmgr32.dll
0x00007ffd65510000 - 0x00007ffd6551f000 	C:\Windows\System32\kernel.appcore.dll
0x00007ffd5ceb0000 - 0x00007ffd5cec0000 	C:\Program Files\Java\jre1.8.0_261\bin\verify.dll
0x00007ffd50e70000 - 0x00007ffd50e9b000 	C:\Program Files\Java\jre1.8.0_261\bin\java.dll
0x00007ffd59fc0000 - 0x00007ffd59fd8000 	C:\Program Files\Java\jre1.8.0_261\bin\zip.dll
0x00007ffd66750000 - 0x00007ffd67c55000 	C:\Windows\System32\SHELL32.dll
0x00007ffd65520000 - 0x00007ffd65bf9000 	C:\Windows\System32\windows.storage.dll
0x00007ffd654a0000 - 0x00007ffd654ec000 	C:\Windows\System32\powrprof.dll
0x00007ffd68b80000 - 0x00007ffd68bd2000 	C:\Windows\System32\shlwapi.dll
0x00007ffd65da0000 - 0x00007ffd65e49000 	C:\Windows\System32\shcore.dll
0x00007ffd654f0000 - 0x00007ffd65504000 	C:\Windows\System32\profapi.dll
0x00007ffd59500000 - 0x00007ffd5950d000 	C:\Program Files\Java\jre1.8.0_261\bin\management.dll
0x00007ffd50c50000 - 0x00007ffd50c6c000 	C:\Program Files\Java\jre1.8.0_261\bin\net.dll
0x00007ffd64dc0000 - 0x00007ffd64e1c000 	C:\Windows\system32\mswsock.dll
0x00007ffd50ad0000 - 0x00007ffd50ae6000 	C:\Windows\system32\napinsp.dll
0x00007ffd50ab0000 - 0x00007ffd50aca000 	C:\Windows\system32\pnrpnsp.dll
0x00007ffd62e90000 - 0x00007ffd62ea8000 	C:\Windows\system32\NLAapi.dll
0x00007ffd64b80000 - 0x00007ffd64c21000 	C:\Windows\SYSTEM32\DNSAPI.dll
0x00007ffd67d10000 - 0x00007ffd67d18000 	C:\Windows\System32\NSI.dll
0x00007ffd64b40000 - 0x00007ffd64b78000 	C:\Windows\SYSTEM32\IPHLPAPI.DLL
0x00007ffd50a20000 - 0x00007ffd50a2e000 	C:\Windows\System32\winrnr.dll
0x00007ffd50a00000 - 0x00007ffd50a15000 	C:\Windows\System32\wshbth.dll
0x00007ffd510d0000 - 0x00007ffd510da000 	C:\Windows\System32\rasadhlp.dll
0x00007ffd57b70000 - 0x00007ffd57bda000 	C:\Windows\System32\fwpuclnt.dll
0x00007ffd65070000 - 0x00007ffd6509b000 	C:\Windows\SYSTEM32\bcrypt.dll
0x00007ffd504f0000 - 0x00007ffd50503000 	C:\Program Files\Java\jre1.8.0_261\bin\nio.dll
0x00007ffd64f60000 - 0x00007ffd64f77000 	C:\Windows\SYSTEM32\CRYPTSP.dll
0x00007ffd649c0000 - 0x00007ffd649f3000 	C:\Windows\system32\rsaenh.dll
0x00007ffd64c40000 - 0x00007ffd64c5f000 	C:\Windows\SYSTEM32\USERENV.dll
0x00007ffd64f80000 - 0x00007ffd64f8b000 	C:\Windows\SYSTEM32\CRYPTBASE.dll
0x00007ffd5f3f0000 - 0x00007ffd5f406000 	C:\Windows\SYSTEM32\dhcpcsvc6.DLL
0x00007ffd600b0000 - 0x00007ffd600ca000 	C:\Windows\SYSTEM32\dhcpcsvc.DLL

VM Arguments:
jvm_args: -Dfile.encoding=UTF-8 
java_command: finday.finday.FindayApplication
java_class_path (initial): D:\ITU\L3\S5\cloud\FINDAY\finday\target\classes;C:\Users\ASUS\.m2\repository\org\springframework\boot\spring-boot-starter-data-jpa\2.5.0-SNAPSHOT\spring-boot-starter-data-jpa-2.5.0-SNAPSHOT.jar;C:\Users\ASUS\.m2\repository\org\springframework\boot\spring-boot-starter-aop\2.5.0-SNAPSHOT\spring-boot-starter-aop-2.5.0-SNAPSHOT.jar;C:\Users\ASUS\.m2\repository\org\springframework\spring-aop\5.3.5-SNAPSHOT\spring-aop-5.3.5-SNAPSHOT.jar;C:\Users\ASUS\.m2\repository\org\aspectj\aspectjweaver\1.9.6\aspectjweaver-1.9.6.jar;C:\Users\ASUS\.m2\repository\org\springframework\boot\spring-boot-starter-jdbc\2.5.0-SNAPSHOT\spring-boot-starter-jdbc-2.5.0-SNAPSHOT.jar;C:\Users\ASUS\.m2\repository\com\zaxxer\HikariCP\4.0.2\HikariCP-4.0.2.jar;C:\Users\ASUS\.m2\repository\org\springframework\spring-jdbc\5.3.5-SNAPSHOT\spring-jdbc-5.3.5-SNAPSHOT.jar;C:\Users\ASUS\.m2\repository\jakarta\transaction\jakarta.transaction-api\1.3.3\jakarta.transaction-api-1.3.3.jar;C:\Users\ASUS\.m2\repository\jakarta\persistence\jakarta.persistence-api\2.2.3\jakarta.persistence-api-2.2.3.jar;C:\Users\ASUS\.m2\repository\org\hibernate\hibernate-core\5.4.28.Final\hibernate-core-5.4.28.Final.jar;C:\Users\ASUS\.m2\repository\org\jboss\logging\jboss-logging\3.4.1.Final\jboss-logging-3.4.1.Final.jar;C:\Users\ASUS\.m2\repository\org\javassist\javassist\3.27.0-GA\javassist-3.27.0-GA.jar;C:\Users\ASUS\.m2\repository\net\bytebuddy\byte-buddy\1.10.20\byte-buddy-1.10.20.jar;C:\Users\ASUS\.m2\repository\antlr\antlr\2.7.7\antlr-2.7.7.jar;C:\Users\ASUS\.m2\repository\org\jboss\jandex\2.2.3.Final\jandex-2.2.3.Final.jar;C:\Users\ASUS\.m2\repository\com\fasterxml\classmate\1.5.1\classmate-1.5.1.jar;C:\Users\ASUS\.m2\repository\org\dom4j\dom4j\2.1.3\dom4j-2.1.3.jar;C:\Users\ASUS\.m2\repository\org\hibernate\common\hibernate-commons-annotations\5.1.2.Final\hibernate-commons-annotations-5.1.2.Final.jar;C:\Users\ASUS\.m2\repository\org\glassfish\jaxb\jaxb-runtime\2.3.3\jaxb-runtime-2.3.3.jar;C:\Users\A
Launcher Type: SUN_STANDARD

Environment Variables:
JAVA_HOME=C:\Program Files\Java\jdk1.8.0_261
JRE_HOME=C:\Program Files\Java\jre1.8.0_261
CLASSPATH=.;C:\Program Files\Java\jdk1.7.0\jre\lib\ext\ojdbc6.jar;C:\apache-tomcat-8.5.46\lib\servlet-api.jar;C:\apache-tomcat-8.5.46\lib\catalina.jar;C:\Program Files\Weka-3-8-4\weka.jar;C:\Program Files\Weka-3-8-4\weka-src.jar;D:\ITU\L3\S5\programmation\javaLibrary\json-20201115.jar;D:\ITU\L3\S5\programmation\javaLibrary\json-simple-1.1.jar;D:\ITU\L3\S5\programmation\javaLibrary\sqljdbc4-chs-4.0.2206.100.jar;D:\ITU\L3\S5\programmation\javaLibrary\postgresql-42.2.5.jar
PATH=C:/Program Files/eclipse//plugins/org.eclipse.justj.openjdk.hotspot.jre.full.win32.x86_64_15.0.1.v20201027-0507/jre/bin/server;C:/Program Files/eclipse//plugins/org.eclipse.justj.openjdk.hotspot.jre.full.win32.x86_64_15.0.1.v20201027-0507/jre/bin;C:\oraclexe\app\oracle\product\11.2.0\server\bin;C:\Program Files (x86)\Common Files\Oracle\Java\javapath;C:\oraclexe\app\oracle\product\11.2.0\server\bin;C:\oraclexe\app\oracle\product\11.2.0\server\bin;C:\Windows\system32;C:\Windows;C:\Windows\System32\Wbem;C:\Windows\System32\WindowsPowerShell\v1.0\;C:\Program Files (x86)\NVIDIA Corporation\PhysX\Common;C:\Program Files\NVIDIA Corporation\NVIDIA NvDLISR;C:\Program Files\Java\jdk1.8.0_261\bin;C:\xampp\mysql\bin;C:\UwAmp\bin\database\mysql-5.7.11\bin;C:\Program Files\PostgreSQL\11\bin;C:\Windows\Microsoft.NET\Framework64\v4.0.30319;C:\Program Files\Microsoft SQL Server\Client SDK\ODBC\170\Tools\Binn\;C:\Program Files (x86)\Microsoft SQL Server\150\Tools\Binn\;C:\Program Files\Microsoft SQL Server\150\Tools\Binn\;C:\Program Files\Microsoft SQL Server\150\DTS\Binn\;C:\Program Files\Microsoft SQL Server\130\Tools\Binn\;C:\PostgreSQL\11\bin;C:\Program Files\Git\cmd;C:\sqlite;D:\ITU\L3\S5\programmation\javaLibrary\sqljdbc_6.0\enu\auth\x64;C:\ACE_wrappers\lib;C:\UwAmp\bin\php\php-7.0.3;C:\ProgramData\ComposerSetup\bin;C:\Users\ASUS\node_modules\npm\bin;C:\Program Files\nodejs\;C:\gradle-6.8.1\bin;C:\Program Files\PuTTY\;C:\Program Files\MongoDB\Server\4.4\bin;C:\Program Files\Java\jdk1.8.0_261\bin;C:\Program Files\heroku\bin;C:\Users\ASUS\AppData\Roaming\Composer\vendor\bin;C:\Users\ASUS\AppData\Roaming\npm;C:\Users\ASUS\AppData\Local\Programs\Microsoft VS Code\bin;C:\Program Files\eclipse;
USERNAME=ASUS
OS=Windows_NT
PROCESSOR_IDENTIFIER=Intel64 Family 6 Model 61 Stepping 4, GenuineIntel



---------------  S Y S T E M  ---------------

OS: Windows 10.0 , 64 bit Build 14393 (10.0.14393.2906)

CPU:total 4 (initial active 4) (2 cores per cpu, 2 threads per core) family 6 model 61 stepping 4, cmov, cx8, fxsr, mmx, sse, sse2, sse3, ssse3, sse4.1, sse4.2, popcnt, avx, avx2, aes, clmul, erms, 3dnowpref, lzcnt, ht, tsc, tscinvbit, bmi1, bmi2, adx

Memory: 4k page, physical 8285744k(2038200k free), swap 10415848k(4792k free)

vm_info: Java HotSpot(TM) 64-Bit Server VM (25.261-b12) for windows-amd64 JRE (1.8.0_261-b12), built on Jun 18 2020 06:56:32 by "" with unknown MS VC++:1916

time: Wed Mar 17 17:20:24 2021
timezone: Afrique de l?Est
elapsed time: 7 seconds (0d 0h 0m 7s)

