#
# There is insufficient memory for the Java Runtime Environment to continue.
# Native memory allocation (malloc) failed to allocate 1048576 bytes for AllocateHeap
# Possible reasons:
#   The system is out of physical RAM or swap space
#   The process is running with CompressedOops enabled, and the Java Heap may be blocking the growth of the native heap
# Possible solutions:
#   Reduce memory load on the system
#   Increase physical memory or swap space
#   Check if swap backing store is full
#   Decrease Java heap size (-Xmx/-Xms)
#   Decrease number of Java threads
#   Decrease Java thread stack sizes (-Xss)
#   Set larger code cache with -XX:ReservedCodeCacheSize=
#   JVM is running with Unscaled Compressed Oops mode in which the Java heap is
#     placed in the first 4GB address space. The Java Heap base address is the
#     maximum limit for the native heap growth. Please use -XX:HeapBaseMinAddress
#     to set the Java Heap base and to place the Java Heap above 4GB virtual address.
# This output file may be truncated or incomplete.
#
#  Out of Memory Error (memory/allocation.inline.hpp:61), pid=15412, tid=0x00000000000005b0
#
# JRE version:  (8.0_261-b12) (build )
# Java VM: Java HotSpot(TM) 64-Bit Server VM (25.261-b12 mixed mode windows-amd64 compressed oops)
# Failed to write core dump. Minidumps are not enabled by default on client versions of Windows
#

---------------  T H R E A D  ---------------

Current thread (0x000001fe77d3e800):  JavaThread "Unknown thread" [_thread_in_vm, id=1456, stack(0x000000d59f000000,0x000000d59f100000)]

Stack: [0x000000d59f000000,0x000000d59f100000]
Native frames: (J=compiled Java code, j=interpreted, Vv=VM code, C=native code)
V  [jvm.dll+0x33e5f9]


---------------  P R O C E S S  ---------------

Java Threads: ( => current thread )

Other Threads:

=>0x000001fe77d3e800 (exited) JavaThread "Unknown thread" [_thread_in_vm, id=1456, stack(0x000000d59f000000,0x000000d59f100000)]

VM state:not at safepoint (normal execution)

VM Mutex/Monitor currently owned by a thread: None

heap address: 0x0000000081800000, size: 2024 MB, Compressed Oops mode: 32-bit
Narrow klass base: 0x0000000000000000, Narrow klass shift: 3
Compressed class space size: 1073741824 Address: 0x0000000100000000

Heap:
 PSYoungGen      total 38400K, used 665K [0x00000000d5d80000, 0x00000000d8800000, 0x0000000100000000)
  eden space 33280K, 2% used [0x00000000d5d80000,0x00000000d5e26670,0x00000000d7e00000)
  from space 5120K, 0% used [0x00000000d8300000,0x00000000d8300000,0x00000000d8800000)
  to   space 5120K, 0% used [0x00000000d7e00000,0x00000000d7e00000,0x00000000d8300000)
 ParOldGen       total 87552K, used 0K [0x0000000081800000, 0x0000000086d80000, 0x00000000d5d80000)
  object space 87552K, 0% used [0x0000000081800000,0x0000000081800000,0x0000000086d80000)
 Metaspace       used 752K, capacity 4480K, committed 4480K, reserved 1056768K
  class space    used 76K, capacity 384K, committed 384K, reserved 1048576K

Card table byte_map: [0x000001fe79a70000,0x000001fe79e70000] byte_map_base: 0x000001fe79664000

Marking Bits: (ParMarkBitMap*) 0x000000006ba84fb0
 Begin Bits: [0x000001fe7a120000, 0x000001fe7c0c0000)
 End Bits:   [0x000001fe7c0c0000, 0x000001fe7e060000)

Polling page: 0x000001fe77c70000

CodeCache: size=245760Kb used=328Kb max_used=328Kb free=245431Kb
 bounds [0x000001fe00000000, 0x000001fe00270000, 0x000001fe0f000000]
 total_blobs=58 nmethods=0 adapters=38
 compilation: enabled

Compilation events (0 events):
No events

GC Heap History (0 events):
No events

Deoptimization events (0 events):
No events

Classes redefined (0 events):
No events

Internal exceptions (0 events):
No events

Events (10 events):
Event: 0.118 loading class java/lang/Short
Event: 0.118 loading class java/lang/Short done
Event: 0.118 loading class java/lang/Integer
Event: 0.118 loading class java/lang/Integer done
Event: 0.118 loading class java/lang/Long
Event: 0.118 loading class java/lang/Long done
Event: 0.119 loading class java/lang/NullPointerException
Event: 0.120 loading class java/lang/NullPointerException done
Event: 0.120 loading class java/lang/ArithmeticException
Event: 0.120 loading class java/lang/ArithmeticException done


Dynamic libraries:
0x00007ff79b280000 - 0x00007ff79b2c7000 	C:\Program Files\Java\jre1.8.0_261\bin\javaw.exe
0x00007ffd69030000 - 0x00007ffd69200000 	C:\Windows\SYSTEM32\ntdll.dll
0x00007ffd67c60000 - 0x00007ffd67d0b000 	C:\Windows\System32\KERNEL32.DLL
0x00007ffd65eb0000 - 0x00007ffd660cd000 	C:\Windows\System32\KERNELBASE.dll
0x00007ffd68eb0000 - 0x00007ffd68f52000 	C:\Windows\System32\ADVAPI32.dll
0x00007ffd68650000 - 0x00007ffd686ee000 	C:\Windows\System32\msvcrt.dll
0x00007ffd68fc0000 - 0x00007ffd69019000 	C:\Windows\System32\sechost.dll
0x00007ffd67f50000 - 0x00007ffd68071000 	C:\Windows\System32\RPCRT4.dll
0x00007ffd665c0000 - 0x00007ffd66725000 	C:\Windows\System32\USER32.dll
0x00007ffd660d0000 - 0x00007ffd660ee000 	C:\Windows\System32\win32u.dll
0x00007ffd686f0000 - 0x00007ffd68724000 	C:\Windows\System32\GDI32.dll
0x00007ffd66160000 - 0x00007ffd662e1000 	C:\Windows\System32\gdi32full.dll
0x00007ffd59d40000 - 0x00007ffd59fba000 	C:\Windows\WinSxS\amd64_microsoft.windows.common-controls_6595b64144ccf1df_6.0.14393.2848_none_7ddecd5e83436d8c\COMCTL32.dll
0x00007ffd68be0000 - 0x00007ffd68ea5000 	C:\Windows\System32\combase.dll
0x00007ffd65ca0000 - 0x00007ffd65d94000 	C:\Windows\System32\ucrtbase.dll
0x00007ffd660f0000 - 0x00007ffd6615a000 	C:\Windows\System32\bcryptPrimitives.dll
0x00007ffd67d20000 - 0x00007ffd67d4e000 	C:\Windows\System32\IMM32.DLL
0x00007ffd610a0000 - 0x00007ffd610b5000 	C:\Program Files\Java\jre1.8.0_261\bin\vcruntime140.dll
0x00007ffd2ab30000 - 0x00007ffd2abcb000 	C:\Program Files\Java\jre1.8.0_261\bin\msvcp140.dll
0x000000006b290000 - 0x000000006bafc000 	C:\Program Files\Java\jre1.8.0_261\bin\server\jvm.dll
0x00007ffd689a0000 - 0x00007ffd689a8000 	C:\Windows\System32\PSAPI.DLL
0x00007ffd63a70000 - 0x00007ffd63a93000 	C:\Windows\SYSTEM32\WINMM.dll
0x00007ffd5f3a0000 - 0x00007ffd5f3aa000 	C:\Windows\SYSTEM32\VERSION.dll
0x00007ffd61a70000 - 0x00007ffd61a79000 	C:\Windows\SYSTEM32\WSOCK32.dll
0x00007ffd689b0000 - 0x00007ffd68a1a000 	C:\Windows\System32\WS2_32.dll
0x000001fe77ca0000 - 0x000001fe77ccb000 	C:\Windows\SYSTEM32\WINMMBASE.dll
0x00007ffd663a0000 - 0x00007ffd663e2000 	C:\Windows\System32\cfgmgr32.dll
0x00007ffd65510000 - 0x00007ffd6551f000 	C:\Windows\System32\kernel.appcore.dll
0x00007ffd5ceb0000 - 0x00007ffd5cec0000 	C:\Program Files\Java\jre1.8.0_261\bin\verify.dll
0x00007ffd50e70000 - 0x00007ffd50e9b000 	C:\Program Files\Java\jre1.8.0_261\bin\java.dll
0x00007ffd59fc0000 - 0x00007ffd59fd8000 	C:\Program Files\Java\jre1.8.0_261\bin\zip.dll

VM Arguments:
jvm_args: -Dfile.encoding=UTF-8 
java_command: finday.finday.FindayApplication
java_class_path (initial): D:\ITU\L3\S5\cloud\FINDAY\finday\target\classes;C:\Users\ASUS\.m2\repository\org\springframework\boot\spring-boot-starter-data-jpa\2.5.0-SNAPSHOT\spring-boot-starter-data-jpa-2.5.0-SNAPSHOT.jar;C:\Users\ASUS\.m2\repository\org\springframework\boot\spring-boot-starter-aop\2.5.0-SNAPSHOT\spring-boot-starter-aop-2.5.0-SNAPSHOT.jar;C:\Users\ASUS\.m2\repository\org\springframework\spring-aop\5.3.5-SNAPSHOT\spring-aop-5.3.5-SNAPSHOT.jar;C:\Users\ASUS\.m2\repository\org\aspectj\aspectjweaver\1.9.6\aspectjweaver-1.9.6.jar;C:\Users\ASUS\.m2\repository\org\springframework\boot\spring-boot-starter-jdbc\2.5.0-SNAPSHOT\spring-boot-starter-jdbc-2.5.0-SNAPSHOT.jar;C:\Users\ASUS\.m2\repository\com\zaxxer\HikariCP\4.0.2\HikariCP-4.0.2.jar;C:\Users\ASUS\.m2\repository\org\springframework\spring-jdbc\5.3.5-SNAPSHOT\spring-jdbc-5.3.5-SNAPSHOT.jar;C:\Users\ASUS\.m2\repository\jakarta\transaction\jakarta.transaction-api\1.3.3\jakarta.transaction-api-1.3.3.jar;C:\Users\ASUS\.m2\repository\jakarta\persistence\jakarta.persistence-api\2.2.3\jakarta.persistence-api-2.2.3.jar;C:\Users\ASUS\.m2\repository\org\hibernate\hibernate-core\5.4.28.Final\hibernate-core-5.4.28.Final.jar;C:\Users\ASUS\.m2\repository\org\jboss\logging\jboss-logging\3.4.1.Final\jboss-logging-3.4.1.Final.jar;C:\Users\ASUS\.m2\repository\org\javassist\javassist\3.27.0-GA\javassist-3.27.0-GA.jar;C:\Users\ASUS\.m2\repository\net\bytebuddy\byte-buddy\1.10.20\byte-buddy-1.10.20.jar;C:\Users\ASUS\.m2\repository\antlr\antlr\2.7.7\antlr-2.7.7.jar;C:\Users\ASUS\.m2\repository\org\jboss\jandex\2.2.3.Final\jandex-2.2.3.Final.jar;C:\Users\ASUS\.m2\repository\com\fasterxml\classmate\1.5.1\classmate-1.5.1.jar;C:\Users\ASUS\.m2\repository\org\dom4j\dom4j\2.1.3\dom4j-2.1.3.jar;C:\Users\ASUS\.m2\repository\org\hibernate\common\hibernate-commons-annotations\5.1.2.Final\hibernate-commons-annotations-5.1.2.Final.jar;C:\Users\ASUS\.m2\repository\org\glassfish\jaxb\jaxb-runtime\2.3.3\jaxb-runtime-2.3.3.jar;C:\Users\A
Launcher Type: SUN_STANDARD

Environment Variables:
JAVA_HOME=C:\Program Files\Java\jdk1.8.0_261
JRE_HOME=C:\Program Files\Java\jre1.8.0_261
CLASSPATH=.;C:\Program Files\Java\jdk1.7.0\jre\lib\ext\ojdbc6.jar;C:\apache-tomcat-8.5.46\lib\servlet-api.jar;C:\apache-tomcat-8.5.46\lib\catalina.jar;C:\Program Files\Weka-3-8-4\weka.jar;C:\Program Files\Weka-3-8-4\weka-src.jar;D:\ITU\L3\S5\programmation\javaLibrary\json-20201115.jar;D:\ITU\L3\S5\programmation\javaLibrary\json-simple-1.1.jar;D:\ITU\L3\S5\programmation\javaLibrary\sqljdbc4-chs-4.0.2206.100.jar;D:\ITU\L3\S5\programmation\javaLibrary\postgresql-42.2.5.jar
PATH=C:/Program Files/eclipse//plugins/org.eclipse.justj.openjdk.hotspot.jre.full.win32.x86_64_15.0.1.v20201027-0507/jre/bin/server;C:/Program Files/eclipse//plugins/org.eclipse.justj.openjdk.hotspot.jre.full.win32.x86_64_15.0.1.v20201027-0507/jre/bin;C:\oraclexe\app\oracle\product\11.2.0\server\bin;C:\Program Files (x86)\Common Files\Oracle\Java\javapath;C:\oraclexe\app\oracle\product\11.2.0\server\bin;C:\oraclexe\app\oracle\product\11.2.0\server\bin;C:\Windows\system32;C:\Windows;C:\Windows\System32\Wbem;C:\Windows\System32\WindowsPowerShell\v1.0\;C:\Program Files (x86)\NVIDIA Corporation\PhysX\Common;C:\Program Files\NVIDIA Corporation\NVIDIA NvDLISR;C:\Program Files\Java\jdk1.8.0_261\bin;C:\xampp\mysql\bin;C:\UwAmp\bin\database\mysql-5.7.11\bin;C:\Program Files\PostgreSQL\11\bin;C:\Windows\Microsoft.NET\Framework64\v4.0.30319;C:\Program Files\Microsoft SQL Server\Client SDK\ODBC\170\Tools\Binn\;C:\Program Files (x86)\Microsoft SQL Server\150\Tools\Binn\;C:\Program Files\Microsoft SQL Server\150\Tools\Binn\;C:\Program Files\Microsoft SQL Server\150\DTS\Binn\;C:\Program Files\Microsoft SQL Server\130\Tools\Binn\;C:\PostgreSQL\11\bin;C:\Program Files\Git\cmd;C:\sqlite;D:\ITU\L3\S5\programmation\javaLibrary\sqljdbc_6.0\enu\auth\x64;C:\ACE_wrappers\lib;C:\UwAmp\bin\php\php-7.0.3;C:\ProgramData\ComposerSetup\bin;C:\Users\ASUS\node_modules\npm\bin;C:\Program Files\nodejs\;C:\gradle-6.8.1\bin;C:\Program Files\PuTTY\;C:\Program Files\MongoDB\Server\4.4\bin;C:\Program Files\Java\jdk1.8.0_261\bin;C:\Program Files\heroku\bin;C:\Users\ASUS\AppData\Roaming\Composer\vendor\bin;C:\Users\ASUS\AppData\Roaming\npm;C:\Users\ASUS\AppData\Local\Programs\Microsoft VS Code\bin;C:\Program Files\eclipse;
USERNAME=ASUS
OS=Windows_NT
PROCESSOR_IDENTIFIER=Intel64 Family 6 Model 61 Stepping 4, GenuineIntel



---------------  S Y S T E M  ---------------

OS: Windows 10.0 , 64 bit Build 14393 (10.0.14393.2906)

CPU:total 4 (initial active 4) (2 cores per cpu, 2 threads per core) family 6 model 61 stepping 4, cmov, cx8, fxsr, mmx, sse, sse2, sse3, ssse3, sse4.1, sse4.2, popcnt, avx, avx2, aes, clmul, erms, 3dnowpref, lzcnt, ht, tsc, tscinvbit, bmi1, bmi2, adx

Memory: 4k page, physical 8285744k(2160456k free), swap 10415848k(1040k free)

vm_info: Java HotSpot(TM) 64-Bit Server VM (25.261-b12) for windows-amd64 JRE (1.8.0_261-b12), built on Jun 18 2020 06:56:32 by "" with unknown MS VC++:1916

time: Wed Mar 17 17:19:00 2021
timezone: Afrique de l?Est
elapsed time: 0 seconds (0d 0h 0m 0s)

