#
# There is insufficient memory for the Java Runtime Environment to continue.
# Native memory allocation (malloc) failed to allocate 1083728 bytes for Chunk::new
# Possible reasons:
#   The system is out of physical RAM or swap space
#   The process is running with CompressedOops enabled, and the Java Heap may be blocking the growth of the native heap
# Possible solutions:
#   Reduce memory load on the system
#   Increase physical memory or swap space
#   Check if swap backing store is full
#   Decrease Java heap size (-Xmx/-Xms)
#   Decrease number of Java threads
#   Decrease Java thread stack sizes (-Xss)
#   Set larger code cache with -XX:ReservedCodeCacheSize=
#   JVM is running with Unscaled Compressed Oops mode in which the Java heap is
#     placed in the first 4GB address space. The Java Heap base address is the
#     maximum limit for the native heap growth. Please use -XX:HeapBaseMinAddress
#     to set the Java Heap base and to place the Java Heap above 4GB virtual address.
# This output file may be truncated or incomplete.
#
#  Out of Memory Error (allocation.cpp:389), pid=15468, tid=0x00000000000031dc
#
# JRE version: Java(TM) SE Runtime Environment (8.0_261-b12) (build 1.8.0_261-b12)
# Java VM: Java HotSpot(TM) 64-Bit Server VM (25.261-b12 mixed mode windows-amd64 compressed oops)
# Failed to write core dump. Minidumps are not enabled by default on client versions of Windows
#

---------------  T H R E A D  ---------------

Current thread (0x000001a942400000):  JavaThread "C2 CompilerThread0" daemon [_thread_in_native, id=12764, stack(0x00000063cae00000,0x00000063caf00000)]

Stack: [0x00000063cae00000,0x00000063caf00000]
Native frames: (J=compiled Java code, j=interpreted, Vv=VM code, C=native code)
V  [jvm.dll+0x33e5f9]
V  [jvm.dll+0x2850e2]
V  [jvm.dll+0x285d8d]
V  [jvm.dll+0x27c895]
V  [jvm.dll+0xe4d6c]
V  [jvm.dll+0xe556c]
V  [jvm.dll+0x47ed35]
V  [jvm.dll+0x446ab8]
V  [jvm.dll+0x44f8f5]
V  [jvm.dll+0x44ecb5]
V  [jvm.dll+0x439bc7]
V  [jvm.dll+0xbbbcb]
V  [jvm.dll+0xba22b]
V  [jvm.dll+0x24d962]
V  [jvm.dll+0x2a1cfc]
C  [ucrtbase.dll+0x1cd70]
C  [KERNEL32.DLL+0x84d4]
C  [ntdll.dll+0x6e851]


Current CompileTask:
C2:  61862 4789   !   4       org.springframework.beans.factory.support.DefaultListableBeanFactory::doGetBeanNamesForType (511 bytes)


---------------  P R O C E S S  ---------------

Java Threads: ( => current thread )
  0x000001a948595000 JavaThread "http-nio-5555-exec-10" daemon [_thread_blocked, id=14880, stack(0x00000063d0400000,0x00000063d0500000)]
  0x000001a948593800 JavaThread "http-nio-5555-exec-8" daemon [_thread_blocked, id=7240, stack(0x00000063d0100000,0x00000063d0200000)]
  0x000001a948590800 JavaThread "http-nio-5555-exec-7" daemon [_thread_blocked, id=15972, stack(0x00000063d0000000,0x00000063d0100000)]
  0x000001a948592000 JavaThread "http-nio-5555-exec-6" daemon [_thread_blocked, id=5848, stack(0x00000063cff00000,0x00000063d0000000)]
  0x000001a948593000 JavaThread "http-nio-5555-exec-5" daemon [_thread_blocked, id=8568, stack(0x00000063cfe00000,0x00000063cff00000)]
  0x000001a948597800 JavaThread "http-nio-5555-exec-4" daemon [_thread_blocked, id=6476, stack(0x00000063cfd00000,0x00000063cfe00000)]
  0x000001a948596800 JavaThread "http-nio-5555-exec-3" daemon [_thread_blocked, id=12684, stack(0x00000063cfc00000,0x00000063cfd00000)]
  0x000001a948591800 JavaThread "http-nio-5555-exec-2" daemon [_thread_blocked, id=14280, stack(0x00000063cfb00000,0x00000063cfc00000)]
  0x000001a948596000 JavaThread "http-nio-5555-exec-1" daemon [_thread_blocked, id=8736, stack(0x00000063cfa00000,0x00000063cfb00000)]
  0x000001a948195800 JavaThread "http-nio-5555-BlockPoller" daemon [_thread_in_vm, id=16224, stack(0x00000063cf800000,0x00000063cf900000)]
  0x000001a948196800 JavaThread "HikariPool-3 connection adder" daemon [_thread_blocked, id=10124, stack(0x00000063cf600000,0x00000063cf700000)]
  0x000001a948199800 JavaThread "container-0" [_thread_blocked, id=13272, stack(0x00000063cf500000,0x00000063cf600000)]
  0x000001a94819b800 JavaThread "Catalina-utility-2" [_thread_blocked, id=960, stack(0x00000063cf400000,0x00000063cf500000)]
  0x000001a94819a000 JavaThread "Catalina-utility-1" [_thread_blocked, id=11256, stack(0x00000063cf300000,0x00000063cf400000)]
  0x000001a948198000 JavaThread "HikariPool-3 housekeeper" daemon [_thread_blocked, id=15924, stack(0x00000063cf200000,0x00000063cf300000)]
  0x000001a948197000 JavaThread "restartedMain" [_thread_blocked, id=10696, stack(0x00000063cf000000,0x00000063cf100000)]
  0x000001a94819c800 JavaThread "Thread-10" [_thread_blocked, id=13572, stack(0x00000063ced00000,0x00000063cee00000)]
  0x000001a948599000 JavaThread "DestroyJavaVM" [_thread_blocked, id=348, stack(0x00000063ca400000,0x00000063ca500000)]
  0x000001a948198800 JavaThread "Live Reload Server" daemon [_thread_in_native, id=11788, stack(0x00000063cc400000,0x00000063cc500000)]
  0x000001a942484800 JavaThread "Service Thread" daemon [_thread_blocked, id=3400, stack(0x00000063cb100000,0x00000063cb200000)]
  0x000001a94247a800 JavaThread "C1 CompilerThread2" daemon [_thread_blocked, id=15452, stack(0x00000063cb000000,0x00000063cb100000)]
  0x000001a94245b800 JavaThread "C2 CompilerThread1" daemon [_thread_in_native, id=15252, stack(0x00000063caf00000,0x00000063cb000000)]
=>0x000001a942400000 JavaThread "C2 CompilerThread0" daemon [_thread_in_native, id=12764, stack(0x00000063cae00000,0x00000063caf00000)]
  0x000001a9423ff800 JavaThread "Attach Listener" daemon [_thread_blocked, id=15932, stack(0x00000063cad00000,0x00000063cae00000)]
  0x000001a9423fe800 JavaThread "Signal Dispatcher" daemon [_thread_blocked, id=11236, stack(0x00000063cac00000,0x00000063cad00000)]
  0x000001a9423e1800 JavaThread "Finalizer" daemon [_thread_blocked, id=9888, stack(0x00000063cab00000,0x00000063cac00000)]
  0x000001a9423b7000 JavaThread "Reference Handler" daemon [_thread_blocked, id=16372, stack(0x00000063caa00000,0x00000063cab00000)]

Other Threads:
  0x000001a9423b3800 VMThread [stack: 0x00000063ca900000,0x00000063caa00000] [id=13476]
  0x000001a942499000 WatcherThread [stack: 0x00000063cb200000,0x00000063cb300000] [id=8444]

VM state:synchronizing (normal execution)

VM Mutex/Monitor currently owned by a thread:  ([mutex/lock_event])
[0x000001a92bd0d630] Threads_lock - owner thread: 0x000001a9423b3800

OutOfMemory and StackOverflow Exception counts:
OutOfMemoryError java_heap_errors=1
StackOverflowErrors=1

heap address: 0x0000000081800000, size: 2024 MB, Compressed Oops mode: 32-bit
Narrow klass base: 0x0000000000000000, Narrow klass shift: 3
Compressed class space size: 1073741824 Address: 0x0000000100000000

Heap:
 PSYoungGen      total 315392K, used 114157K [0x00000000d5d80000, 0x00000000ea000000, 0x0000000100000000)
  eden space 301568K, 37% used [0x00000000d5d80000,0x00000000dccfb658,0x00000000e8400000)
  from space 13824K, 0% used [0x00000000e9280000,0x00000000e9280000,0x00000000ea000000)
  to   space 14336K, 0% used [0x00000000e8400000,0x00000000e8400000,0x00000000e9200000)
 ParOldGen       total 77824K, used 18069K [0x0000000081800000, 0x0000000086400000, 0x00000000d5d80000)
  object space 77824K, 23% used [0x0000000081800000,0x00000000829a5790,0x0000000086400000)
 Metaspace       used 50941K, capacity 53896K, committed 54144K, reserved 1095680K
  class space    used 6697K, capacity 7207K, committed 7296K, reserved 1048576K

Card table byte_map: [0x000001a93c9c0000,0x000001a93cdc0000] byte_map_base: 0x000001a93c5b4000

Marking Bits: (ParMarkBitMap*) 0x000000006ba84fb0
 Begin Bits: [0x000001a93d070000, 0x000001a93f010000)
 End Bits:   [0x000001a93f010000, 0x000001a940fb0000)

Polling page: 0x000001a92be10000

CodeCache: size=245760Kb used=15913Kb max_used=15913Kb free=229846Kb
 bounds [0x000001a92d600000, 0x000001a92e5a0000, 0x000001a93c600000]
 total_blobs=4782 nmethods=4265 adapters=429
 compilation: enabled

Compilation events (10 events):
Event: 61.743 Thread 0x000001a94247a800 4966       2       org.springframework.core.LocalVariableTableParameterNameDiscoverer$ParameterNameDiscoveringVisitor::visitMethod (40 bytes)
Event: 61.743 Thread 0x000001a94247a800 nmethod 4966 0x000001a92e569b50 code [0x000001a92e569cc0, 0x000001a92e569f80]
Event: 61.743 Thread 0x000001a94247a800 4964       2       org.springframework.beans.BeanUtils::findPrimaryConstructor (26 bytes)
Event: 61.744 Thread 0x000001a94247a800 nmethod 4964 0x000001a92e5696d0 code [0x000001a92e569840, 0x000001a92e569a30]
Event: 61.753 Thread 0x000001a94247a800 4967       2       org.springframework.beans.factory.config.DependencyDescriptor::<init> (74 bytes)
Event: 61.753 Thread 0x000001a94247a800 nmethod 4967 0x000001a92e568e90 code [0x000001a92e569040, 0x000001a92e569420]
Event: 61.755 Thread 0x000001a94247a800 4968   !   2       org.springframework.beans.factory.support.SimpleInstantiationStrategy::instantiate (152 bytes)
Event: 61.756 Thread 0x000001a94247a800 nmethod 4968 0x000001a92e58ca50 code [0x000001a92e58cc80, 0x000001a92e58d540]
Event: 61.756 Thread 0x000001a94247a800 4969   !   2       com.sun.proxy.$Proxy29::prefix (29 bytes)
Event: 61.757 Thread 0x000001a94247a800 nmethod 4969 0x000001a92e568890 code [0x000001a92e568a20, 0x000001a92e568ce0]

GC Heap History (10 events):
Event: 7.511 GC heap before
{Heap before GC invocations=10 (full 2):
 PSYoungGen      total 231424K, used 9550K [0x00000000d5d80000, 0x00000000e4d00000, 0x0000000100000000)
  eden space 220672K, 0% used [0x00000000d5d80000,0x00000000d5d80000,0x00000000e3500000)
  from space 10752K, 88% used [0x00000000e4280000,0x00000000e4bd38f8,0x00000000e4d00000)
  to   space 12288K, 0% used [0x00000000e3500000,0x00000000e3500000,0x00000000e4100000)
 ParOldGen       total 52736K, used 7583K [0x0000000081800000, 0x0000000084b80000, 0x00000000d5d80000)
  object space 52736K, 14% used [0x0000000081800000,0x0000000081f67f40,0x0000000084b80000)
 Metaspace       used 33325K, capacity 35276K, committed 35416K, reserved 1081344K
  class space    used 4251K, capacity 4598K, committed 4608K, reserved 1048576K
Event: 7.585 GC heap after
Heap after GC invocations=10 (full 2):
 PSYoungGen      total 231424K, used 0K [0x00000000d5d80000, 0x00000000e4d00000, 0x0000000100000000)
  eden space 220672K, 0% used [0x00000000d5d80000,0x00000000d5d80000,0x00000000e3500000)
  from space 10752K, 0% used [0x00000000e4280000,0x00000000e4280000,0x00000000e4d00000)
  to   space 12288K, 0% used [0x00000000e3500000,0x00000000e3500000,0x00000000e4100000)
 ParOldGen       total 77824K, used 14196K [0x0000000081800000, 0x0000000086400000, 0x00000000d5d80000)
  object space 77824K, 18% used [0x0000000081800000,0x00000000825dd298,0x0000000086400000)
 Metaspace       used 33325K, capacity 35276K, committed 35416K, reserved 1081344K
  class space    used 4251K, capacity 4598K, committed 4608K, reserved 1048576K
}
Event: 22.471 GC heap before
{Heap before GC invocations=11 (full 2):
 PSYoungGen      total 231424K, used 127972K [0x00000000d5d80000, 0x00000000e4d00000, 0x0000000100000000)
  eden space 220672K, 57% used [0x00000000d5d80000,0x00000000dda79378,0x00000000e3500000)
  from space 10752K, 0% used [0x00000000e4280000,0x00000000e4280000,0x00000000e4d00000)
  to   space 12288K, 0% used [0x00000000e3500000,0x00000000e3500000,0x00000000e4100000)
 ParOldGen       total 77824K, used 14196K [0x0000000081800000, 0x0000000086400000, 0x00000000d5d80000)
  object space 77824K, 18% used [0x0000000081800000,0x00000000825dd298,0x0000000086400000)
 Metaspace       used 45872K, capacity 48472K, committed 48640K, reserved 1091584K
  class space    used 6181K, capacity 6640K, committed 6656K, reserved 1048576K
Event: 22.490 GC heap after
Heap after GC invocations=11 (full 2):
 PSYoungGen      total 232960K, used 12287K [0x00000000d5d80000, 0x00000000ea100000, 0x0000000100000000)
  eden space 220672K, 0% used [0x00000000d5d80000,0x00000000d5d80000,0x00000000e3500000)
  from space 12288K, 99% used [0x00000000e3500000,0x00000000e40ffe60,0x00000000e4100000)
  to   space 14848K, 0% used [0x00000000e9280000,0x00000000e9280000,0x00000000ea100000)
 ParOldGen       total 77824K, used 16347K [0x0000000081800000, 0x0000000086400000, 0x00000000d5d80000)
  object space 77824K, 21% used [0x0000000081800000,0x00000000827f6c10,0x0000000086400000)
 Metaspace       used 45872K, capacity 48472K, committed 48640K, reserved 1091584K
  class space    used 6181K, capacity 6640K, committed 6656K, reserved 1048576K
}
Event: 22.490 GC heap before
{Heap before GC invocations=12 (full 3):
 PSYoungGen      total 232960K, used 12287K [0x00000000d5d80000, 0x00000000ea100000, 0x0000000100000000)
  eden space 220672K, 0% used [0x00000000d5d80000,0x00000000d5d80000,0x00000000e3500000)
  from space 12288K, 99% used [0x00000000e3500000,0x00000000e40ffe60,0x00000000e4100000)
  to   space 14848K, 0% used [0x00000000e9280000,0x00000000e9280000,0x00000000ea100000)
 ParOldGen       total 77824K, used 16347K [0x0000000081800000, 0x0000000086400000, 0x00000000d5d80000)
  object space 77824K, 21% used [0x0000000081800000,0x00000000827f6c10,0x0000000086400000)
 Metaspace       used 45872K, capacity 48472K, committed 48640K, reserved 1091584K
  class space    used 6181K, capacity 6640K, committed 6656K, reserved 1048576K
Event: 22.603 GC heap after
Heap after GC invocations=12 (full 3):
 PSYoungGen      total 232960K, used 0K [0x00000000d5d80000, 0x00000000ea100000, 0x0000000100000000)
  eden space 220672K, 0% used [0x00000000d5d80000,0x00000000d5d80000,0x00000000e3500000)
  from space 12288K, 0% used [0x00000000e3500000,0x00000000e3500000,0x00000000e4100000)
  to   space 14848K, 0% used [0x00000000e9280000,0x00000000e9280000,0x00000000ea100000)
 ParOldGen       total 77824K, used 22186K [0x0000000081800000, 0x0000000086400000, 0x00000000d5d80000)
  object space 77824K, 28% used [0x0000000081800000,0x0000000082daa8f8,0x0000000086400000)
 Metaspace       used 45872K, capacity 48472K, committed 48640K, reserved 1091584K
  class space    used 6181K, capacity 6640K, committed 6656K, reserved 1048576K
}
Event: 57.759 GC heap before
{Heap before GC invocations=13 (full 3):
 PSYoungGen      total 232960K, used 160374K [0x00000000d5d80000, 0x00000000ea100000, 0x0000000100000000)
  eden space 220672K, 72% used [0x00000000d5d80000,0x00000000dfa1d8a8,0x00000000e3500000)
  from space 12288K, 0% used [0x00000000e3500000,0x00000000e3500000,0x00000000e4100000)
  to   space 14848K, 0% used [0x00000000e9280000,0x00000000e9280000,0x00000000ea100000)
 ParOldGen       total 77824K, used 22186K [0x0000000081800000, 0x0000000086400000, 0x00000000d5d80000)
  object space 77824K, 28% used [0x0000000081800000,0x0000000082daa8f8,0x0000000086400000)
 Metaspace       used 50571K, capacity 53368K, committed 53632K, reserved 1095680K
  class space    used 6686K, capacity 7196K, committed 7296K, reserved 1048576K
Event: 57.791 GC heap after
Heap after GC invocations=13 (full 3):
 PSYoungGen      total 315392K, used 7205K [0x00000000d5d80000, 0x00000000ea000000, 0x0000000100000000)
  eden space 301568K, 0% used [0x00000000d5d80000,0x00000000d5d80000,0x00000000e8400000)
  from space 13824K, 52% used [0x00000000e9280000,0x00000000e9989780,0x00000000ea000000)
  to   space 14336K, 0% used [0x00000000e8400000,0x00000000e8400000,0x00000000e9200000)
 ParOldGen       total 77824K, used 22186K [0x0000000081800000, 0x0000000086400000, 0x00000000d5d80000)
  object space 77824K, 28% used [0x0000000081800000,0x0000000082daa8f8,0x0000000086400000)
 Metaspace       used 50571K, capacity 53368K, committed 53632K, reserved 1095680K
  class space    used 6686K, capacity 7196K, committed 7296K, reserved 1048576K
}
Event: 57.791 GC heap before
{Heap before GC invocations=14 (full 4):
 PSYoungGen      total 315392K, used 7205K [0x00000000d5d80000, 0x00000000ea000000, 0x0000000100000000)
  eden space 301568K, 0% used [0x00000000d5d80000,0x00000000d5d80000,0x00000000e8400000)
  from space 13824K, 52% used [0x00000000e9280000,0x00000000e9989780,0x00000000ea000000)
  to   space 14336K, 0% used [0x00000000e8400000,0x00000000e8400000,0x00000000e9200000)
 ParOldGen       total 77824K, used 22186K [0x0000000081800000, 0x0000000086400000, 0x00000000d5d80000)
  object space 77824K, 28% used [0x0000000081800000,0x0000000082daa8f8,0x0000000086400000)
 Metaspace       used 50571K, capacity 53368K, committed 53632K, reserved 1095680K
  class space    used 6686K, capacity 7196K, committed 7296K, reserved 1048576K
Event: 58.116 GC heap after
Heap after GC invocations=14 (full 4):
 PSYoungGen      total 315392K, used 0K [0x00000000d5d80000, 0x00000000ea000000, 0x0000000100000000)
  eden space 301568K, 0% used [0x00000000d5d80000,0x00000000d5d80000,0x00000000e8400000)
  from space 13824K, 0% used [0x00000000e9280000,0x00000000e9280000,0x00000000ea000000)
  to   space 14336K, 0% used [0x00000000e8400000,0x00000000e8400000,0x00000000e9200000)
 ParOldGen       total 77824K, used 18069K [0x0000000081800000, 0x0000000086400000, 0x00000000d5d80000)
  object space 77824K, 23% used [0x0000000081800000,0x00000000829a5790,0x0000000086400000)
 Metaspace       used 50571K, capacity 53368K, committed 53632K, reserved 1095680K
  class space    used 6686K, capacity 7196K, committed 7296K, reserved 1048576K
}

Deoptimization events (10 events):
Event: 23.744 Thread 0x000001a948596800 Uncommon trap: reason=bimorphic action=maybe_recompile pc=0x000001a92e0ce1d0 method=java.util.Collections$SetFromMap.contains(Ljava/lang/Object;)Z @ 5
Event: 32.340 Thread 0x000001a94859d800 Uncommon trap: reason=unstable_if action=reinterpret pc=0x000001a92d91c83c method=java.lang.CharacterDataLatin1.isWhitespace(I)Z @ 14
Event: 32.787 Thread 0x000001a94859d800 Uncommon trap: reason=unstable_if action=reinterpret pc=0x000001a92e29f4ec method=java.net.URI.match(CJJ)Z @ 45
Event: 33.068 Thread 0x000001a94859d800 Uncommon trap: reason=unstable_if action=reinterpret pc=0x000001a92da4d108 method=java.lang.String$CaseInsensitiveComparator.compare(Ljava/lang/String;Ljava/lang/String;)I @ 70
Event: 33.201 Thread 0x000001a94859d800 Uncommon trap: reason=bimorphic action=maybe_recompile pc=0x000001a92e31af3c method=java.util.concurrent.ConcurrentHashMap.putVal(Ljava/lang/Object;Ljava/lang/Object;Z)Ljava/lang/Object; @ 192
Event: 33.201 Thread 0x000001a94859d800 Uncommon trap: reason=bimorphic action=maybe_recompile pc=0x000001a92e31af3c method=java.util.concurrent.ConcurrentHashMap.putVal(Ljava/lang/Object;Ljava/lang/Object;Z)Ljava/lang/Object; @ 192
Event: 33.248 Thread 0x000001a94859d800 Uncommon trap: reason=bimorphic action=maybe_recompile pc=0x000001a92e31af3c method=java.util.concurrent.ConcurrentHashMap.putVal(Ljava/lang/Object;Ljava/lang/Object;Z)Ljava/lang/Object; @ 192
Event: 33.248 Thread 0x000001a94859d800 Uncommon trap: reason=bimorphic action=maybe_recompile pc=0x000001a92e31af3c method=java.util.concurrent.ConcurrentHashMap.putVal(Ljava/lang/Object;Ljava/lang/Object;Z)Ljava/lang/Object; @ 192
Event: 59.411 Thread 0x000001a948197000 Uncommon trap: reason=null_check action=make_not_entrant pc=0x000001a92e40b554 method=java.lang.Class.isAnnotation()Z @ 1
Event: 60.254 Thread 0x000001a948197000 Uncommon trap: reason=bimorphic action=maybe_recompile pc=0x000001a92e0ce1d0 method=java.util.Collections$SetFromMap.contains(Ljava/lang/Object;)Z @ 5

Classes redefined (0 events):
No events

Internal exceptions (10 events):
Event: 23.367 Thread 0x000001a948596800 Exception <a 'java/lang/NoClassDefFoundError': org/jooq/DSLContext> (0x00000000d87f14a0) thrown at [C:\jenkins\workspace\8-2-build-windows-amd64-cygwin\jdk8u261\295\hotspot\src\share\vm\oops\constantPool.cpp, line 245]
Event: 23.552 Thread 0x000001a948596800 Exception <a 'java/io/FileNotFoundException'> (0x00000000db3676d8) thrown at [C:\jenkins\workspace\8-2-build-windows-amd64-cygwin\jdk8u261\295\hotspot\src\share\vm\prims\jni.cpp, line 710]
Event: 23.656 Thread 0x000001a948596800 Exception <a 'java/io/FileNotFoundException'> (0x00000000db8a2d28) thrown at [C:\jenkins\workspace\8-2-build-windows-amd64-cygwin\jdk8u261\295\hotspot\src\share\vm\prims\jni.cpp, line 710]
Event: 57.499 Thread 0x000001a948595000 Exception <a 'java/lang/InterruptedException': sleep interrupted> (0x00000000df7f5de0) thrown at [C:\jenkins\workspace\8-2-build-windows-amd64-cygwin\jdk8u261\295\hotspot\src\share\vm\prims\jvm.cpp, line 3346]
Event: 58.179 Thread 0x000001a948197000 Exception <a 'java/io/FileNotFoundException'> (0x00000000d63f18d8) thrown at [C:\jenkins\workspace\8-2-build-windows-amd64-cygwin\jdk8u261\295\hotspot\src\share\vm\prims\jni.cpp, line 710]
Event: 60.146 Thread 0x000001a948197000 Exception <a 'java/lang/NoClassDefFoundError': org/flywaydb/core/Flyway> (0x00000000d88bc9f0) thrown at [C:\jenkins\workspace\8-2-build-windows-amd64-cygwin\jdk8u261\295\hotspot\src\share\vm\oops\constantPool.cpp, line 245]
Event: 60.146 Thread 0x000001a948197000 Exception <a 'java/lang/NoClassDefFoundError': liquibase/integration/spring/SpringLiquibase> (0x00000000d88bcc78) thrown at [C:\jenkins\workspace\8-2-build-windows-amd64-cygwin\jdk8u261\295\hotspot\src\share\vm\oops\constantPool.cpp, line 245]
Event: 60.156 Thread 0x000001a948197000 Exception <a 'java/lang/NoClassDefFoundError': org/jooq/DSLContext> (0x00000000d88f4710) thrown at [C:\jenkins\workspace\8-2-build-windows-amd64-cygwin\jdk8u261\295\hotspot\src\share\vm\oops\constantPool.cpp, line 245]
Event: 61.091 Thread 0x000001a948197000 Exception <a 'java/io/FileNotFoundException'> (0x00000000db477518) thrown at [C:\jenkins\workspace\8-2-build-windows-amd64-cygwin\jdk8u261\295\hotspot\src\share\vm\prims\jni.cpp, line 710]
Event: 61.250 Thread 0x000001a948197000 Exception <a 'java/io/FileNotFoundException'> (0x00000000db9a94e8) thrown at [C:\jenkins\workspace\8-2-build-windows-amd64-cygwin\jdk8u261\295\hotspot\src\share\vm\prims\jni.cpp, line 710]

Events (10 events):
Event: 61.650 loading class org/thymeleaf/spring5$SpringTemplateEngine
Event: 61.650 loading class org/thymeleaf/spring5$SpringTemplateEngine done
Event: 61.651 loading class org/apache/jasper/compiler/JspConfig
Event: 61.651 loading class org/apache/jasper/compiler/JspConfig done
Event: 61.654 loading class org/apache/jasper/compiler$JspConfig
Event: 61.654 loading class org/apache/jasper/compiler$JspConfig done
Event: 61.706 loading class org/joda/time/YearMonth
Event: 61.706 loading class org/joda/time/YearMonth done
Event: 61.706 loading class org/joda/time$YearMonth
Event: 61.706 loading class org/joda/time$YearMonth done


Dynamic libraries:
0x00007ff79b280000 - 0x00007ff79b2c7000 	C:\Program Files\Java\jre1.8.0_261\bin\javaw.exe
0x00007ffd69030000 - 0x00007ffd69200000 	C:\Windows\SYSTEM32\ntdll.dll
0x00007ffd67c60000 - 0x00007ffd67d0b000 	C:\Windows\System32\KERNEL32.DLL
0x00007ffd65eb0000 - 0x00007ffd660cd000 	C:\Windows\System32\KERNELBASE.dll
0x00007ffd68eb0000 - 0x00007ffd68f52000 	C:\Windows\System32\ADVAPI32.dll
0x00007ffd68650000 - 0x00007ffd686ee000 	C:\Windows\System32\msvcrt.dll
0x00007ffd68fc0000 - 0x00007ffd69019000 	C:\Windows\System32\sechost.dll
0x00007ffd67f50000 - 0x00007ffd68071000 	C:\Windows\System32\RPCRT4.dll
0x00007ffd665c0000 - 0x00007ffd66725000 	C:\Windows\System32\USER32.dll
0x00007ffd660d0000 - 0x00007ffd660ee000 	C:\Windows\System32\win32u.dll
0x00007ffd686f0000 - 0x00007ffd68724000 	C:\Windows\System32\GDI32.dll
0x00007ffd66160000 - 0x00007ffd662e1000 	C:\Windows\System32\gdi32full.dll
0x00007ffd59d40000 - 0x00007ffd59fba000 	C:\Windows\WinSxS\amd64_microsoft.windows.common-controls_6595b64144ccf1df_6.0.14393.2848_none_7ddecd5e83436d8c\COMCTL32.dll
0x00007ffd68be0000 - 0x00007ffd68ea5000 	C:\Windows\System32\combase.dll
0x00007ffd65ca0000 - 0x00007ffd65d94000 	C:\Windows\System32\ucrtbase.dll
0x00007ffd660f0000 - 0x00007ffd6615a000 	C:\Windows\System32\bcryptPrimitives.dll
0x00007ffd67d20000 - 0x00007ffd67d4e000 	C:\Windows\System32\IMM32.DLL
0x00007ffd610a0000 - 0x00007ffd610b5000 	C:\Program Files\Java\jre1.8.0_261\bin\vcruntime140.dll
0x00007ffd2ab30000 - 0x00007ffd2abcb000 	C:\Program Files\Java\jre1.8.0_261\bin\msvcp140.dll
0x000000006b290000 - 0x000000006bafc000 	C:\Program Files\Java\jre1.8.0_261\bin\server\jvm.dll
0x00007ffd689a0000 - 0x00007ffd689a8000 	C:\Windows\System32\PSAPI.DLL
0x00007ffd61a70000 - 0x00007ffd61a79000 	C:\Windows\SYSTEM32\WSOCK32.dll
0x00007ffd5f3a0000 - 0x00007ffd5f3aa000 	C:\Windows\SYSTEM32\VERSION.dll
0x00007ffd63a70000 - 0x00007ffd63a93000 	C:\Windows\SYSTEM32\WINMM.dll
0x00007ffd689b0000 - 0x00007ffd68a1a000 	C:\Windows\System32\WS2_32.dll
0x000001a92be40000 - 0x000001a92be6b000 	C:\Windows\SYSTEM32\WINMMBASE.dll
0x00007ffd663a0000 - 0x00007ffd663e2000 	C:\Windows\System32\cfgmgr32.dll
0x00007ffd65510000 - 0x00007ffd6551f000 	C:\Windows\System32\kernel.appcore.dll
0x00007ffd5ceb0000 - 0x00007ffd5cec0000 	C:\Program Files\Java\jre1.8.0_261\bin\verify.dll
0x00007ffd50e70000 - 0x00007ffd50e9b000 	C:\Program Files\Java\jre1.8.0_261\bin\java.dll
0x00007ffd59fc0000 - 0x00007ffd59fd8000 	C:\Program Files\Java\jre1.8.0_261\bin\zip.dll
0x00007ffd66750000 - 0x00007ffd67c55000 	C:\Windows\System32\SHELL32.dll
0x00007ffd65520000 - 0x00007ffd65bf9000 	C:\Windows\System32\windows.storage.dll
0x00007ffd654a0000 - 0x00007ffd654ec000 	C:\Windows\System32\powrprof.dll
0x00007ffd68b80000 - 0x00007ffd68bd2000 	C:\Windows\System32\shlwapi.dll
0x00007ffd65da0000 - 0x00007ffd65e49000 	C:\Windows\System32\shcore.dll
0x00007ffd654f0000 - 0x00007ffd65504000 	C:\Windows\System32\profapi.dll
0x00007ffd59500000 - 0x00007ffd5950d000 	C:\Program Files\Java\jre1.8.0_261\bin\management.dll
0x00007ffd50c50000 - 0x00007ffd50c6c000 	C:\Program Files\Java\jre1.8.0_261\bin\net.dll
0x00007ffd64dc0000 - 0x00007ffd64e1c000 	C:\Windows\system32\mswsock.dll
0x00007ffd50ad0000 - 0x00007ffd50ae6000 	C:\Windows\system32\napinsp.dll
0x00007ffd50ab0000 - 0x00007ffd50aca000 	C:\Windows\system32\pnrpnsp.dll
0x00007ffd62e90000 - 0x00007ffd62ea8000 	C:\Windows\system32\NLAapi.dll
0x00007ffd64b80000 - 0x00007ffd64c21000 	C:\Windows\SYSTEM32\DNSAPI.dll
0x00007ffd67d10000 - 0x00007ffd67d18000 	C:\Windows\System32\NSI.dll
0x00007ffd64b40000 - 0x00007ffd64b78000 	C:\Windows\SYSTEM32\IPHLPAPI.DLL
0x00007ffd50a20000 - 0x00007ffd50a2e000 	C:\Windows\System32\winrnr.dll
0x00007ffd50a00000 - 0x00007ffd50a15000 	C:\Windows\System32\wshbth.dll
0x00007ffd510d0000 - 0x00007ffd510da000 	C:\Windows\System32\rasadhlp.dll
0x00007ffd57b70000 - 0x00007ffd57bda000 	C:\Windows\System32\fwpuclnt.dll
0x00007ffd65070000 - 0x00007ffd6509b000 	C:\Windows\SYSTEM32\bcrypt.dll
0x00007ffd504f0000 - 0x00007ffd50503000 	C:\Program Files\Java\jre1.8.0_261\bin\nio.dll
0x00007ffd64f60000 - 0x00007ffd64f77000 	C:\Windows\SYSTEM32\CRYPTSP.dll
0x00007ffd649c0000 - 0x00007ffd649f3000 	C:\Windows\system32\rsaenh.dll
0x00007ffd64c40000 - 0x00007ffd64c5f000 	C:\Windows\SYSTEM32\USERENV.dll
0x00007ffd64f80000 - 0x00007ffd64f8b000 	C:\Windows\SYSTEM32\CRYPTBASE.dll
0x00007ffd5f3f0000 - 0x00007ffd5f406000 	C:\Windows\SYSTEM32\dhcpcsvc6.DLL
0x00007ffd600b0000 - 0x00007ffd600ca000 	C:\Windows\SYSTEM32\dhcpcsvc.DLL
0x00007ffd618d0000 - 0x00007ffd61a62000 	C:\Windows\SYSTEM32\dbghelp.dll

VM Arguments:
jvm_args: -Dfile.encoding=UTF-8 
java_command: finday.finday.FindayApplication
java_class_path (initial): D:\ITU\L3\S5\cloud\FINDAY\finday\target\classes;C:\Users\ASUS\.m2\repository\org\springframework\boot\spring-boot-starter-data-jpa\2.5.0-SNAPSHOT\spring-boot-starter-data-jpa-2.5.0-SNAPSHOT.jar;C:\Users\ASUS\.m2\repository\org\springframework\boot\spring-boot-starter-aop\2.5.0-SNAPSHOT\spring-boot-starter-aop-2.5.0-SNAPSHOT.jar;C:\Users\ASUS\.m2\repository\org\springframework\spring-aop\5.3.5-SNAPSHOT\spring-aop-5.3.5-SNAPSHOT.jar;C:\Users\ASUS\.m2\repository\org\aspectj\aspectjweaver\1.9.6\aspectjweaver-1.9.6.jar;C:\Users\ASUS\.m2\repository\org\springframework\boot\spring-boot-starter-jdbc\2.5.0-SNAPSHOT\spring-boot-starter-jdbc-2.5.0-SNAPSHOT.jar;C:\Users\ASUS\.m2\repository\com\zaxxer\HikariCP\4.0.2\HikariCP-4.0.2.jar;C:\Users\ASUS\.m2\repository\org\springframework\spring-jdbc\5.3.5-SNAPSHOT\spring-jdbc-5.3.5-SNAPSHOT.jar;C:\Users\ASUS\.m2\repository\jakarta\transaction\jakarta.transaction-api\1.3.3\jakarta.transaction-api-1.3.3.jar;C:\Users\ASUS\.m2\repository\jakarta\persistence\jakarta.persistence-api\2.2.3\jakarta.persistence-api-2.2.3.jar;C:\Users\ASUS\.m2\repository\org\hibernate\hibernate-core\5.4.28.Final\hibernate-core-5.4.28.Final.jar;C:\Users\ASUS\.m2\repository\org\jboss\logging\jboss-logging\3.4.1.Final\jboss-logging-3.4.1.Final.jar;C:\Users\ASUS\.m2\repository\org\javassist\javassist\3.27.0-GA\javassist-3.27.0-GA.jar;C:\Users\ASUS\.m2\repository\net\bytebuddy\byte-buddy\1.10.20\byte-buddy-1.10.20.jar;C:\Users\ASUS\.m2\repository\antlr\antlr\2.7.7\antlr-2.7.7.jar;C:\Users\ASUS\.m2\repository\org\jboss\jandex\2.2.3.Final\jandex-2.2.3.Final.jar;C:\Users\ASUS\.m2\repository\com\fasterxml\classmate\1.5.1\classmate-1.5.1.jar;C:\Users\ASUS\.m2\repository\org\dom4j\dom4j\2.1.3\dom4j-2.1.3.jar;C:\Users\ASUS\.m2\repository\org\hibernate\common\hibernate-commons-annotations\5.1.2.Final\hibernate-commons-annotations-5.1.2.Final.jar;C:\Users\ASUS\.m2\repository\org\glassfish\jaxb\jaxb-runtime\2.3.3\jaxb-runtime-2.3.3.jar;C:\Users\A
Launcher Type: SUN_STANDARD

Environment Variables:
JAVA_HOME=C:\Program Files\Java\jdk1.8.0_261
JRE_HOME=C:\Program Files\Java\jre1.8.0_261
CLASSPATH=.;C:\Program Files\Java\jdk1.7.0\jre\lib\ext\ojdbc6.jar;C:\apache-tomcat-8.5.46\lib\servlet-api.jar;C:\apache-tomcat-8.5.46\lib\catalina.jar;C:\Program Files\Weka-3-8-4\weka.jar;C:\Program Files\Weka-3-8-4\weka-src.jar;D:\ITU\L3\S5\programmation\javaLibrary\json-20201115.jar;D:\ITU\L3\S5\programmation\javaLibrary\json-simple-1.1.jar;D:\ITU\L3\S5\programmation\javaLibrary\sqljdbc4-chs-4.0.2206.100.jar;D:\ITU\L3\S5\programmation\javaLibrary\postgresql-42.2.5.jar
PATH=C:/Program Files/eclipse//plugins/org.eclipse.justj.openjdk.hotspot.jre.full.win32.x86_64_15.0.1.v20201027-0507/jre/bin/server;C:/Program Files/eclipse//plugins/org.eclipse.justj.openjdk.hotspot.jre.full.win32.x86_64_15.0.1.v20201027-0507/jre/bin;C:\oraclexe\app\oracle\product\11.2.0\server\bin;C:\Program Files (x86)\Common Files\Oracle\Java\javapath;C:\oraclexe\app\oracle\product\11.2.0\server\bin;C:\oraclexe\app\oracle\product\11.2.0\server\bin;C:\Windows\system32;C:\Windows;C:\Windows\System32\Wbem;C:\Windows\System32\WindowsPowerShell\v1.0\;C:\Program Files (x86)\NVIDIA Corporation\PhysX\Common;C:\Program Files\NVIDIA Corporation\NVIDIA NvDLISR;C:\Program Files\Java\jdk1.8.0_261\bin;C:\xampp\mysql\bin;C:\UwAmp\bin\database\mysql-5.7.11\bin;C:\Program Files\PostgreSQL\11\bin;C:\Windows\Microsoft.NET\Framework64\v4.0.30319;C:\Program Files\Microsoft SQL Server\Client SDK\ODBC\170\Tools\Binn\;C:\Program Files (x86)\Microsoft SQL Server\150\Tools\Binn\;C:\Program Files\Microsoft SQL Server\150\Tools\Binn\;C:\Program Files\Microsoft SQL Server\150\DTS\Binn\;C:\Program Files\Microsoft SQL Server\130\Tools\Binn\;C:\PostgreSQL\11\bin;C:\Program Files\Git\cmd;C:\sqlite;D:\ITU\L3\S5\programmation\javaLibrary\sqljdbc_6.0\enu\auth\x64;C:\ACE_wrappers\lib;C:\UwAmp\bin\php\php-7.0.3;C:\ProgramData\ComposerSetup\bin;C:\Users\ASUS\node_modules\npm\bin;C:\Program Files\nodejs\;C:\gradle-6.8.1\bin;C:\Program Files\PuTTY\;C:\Program Files\MongoDB\Server\4.4\bin;C:\Program Files\Java\jdk1.8.0_261\bin;C:\Program Files\heroku\bin;C:\Users\ASUS\AppData\Roaming\Composer\vendor\bin;C:\Users\ASUS\AppData\Roaming\npm;C:\Users\ASUS\AppData\Local\Programs\Microsoft VS Code\bin;C:\Program Files\eclipse;
USERNAME=ASUS
OS=Windows_NT
PROCESSOR_IDENTIFIER=Intel64 Family 6 Model 61 Stepping 4, GenuineIntel



---------------  S Y S T E M  ---------------

OS: Windows 10.0 , 64 bit Build 14393 (10.0.14393.2906)

CPU:total 4 (initial active 4) (2 cores per cpu, 2 threads per core) family 6 model 61 stepping 4, cmov, cx8, fxsr, mmx, sse, sse2, sse3, ssse3, sse4.1, sse4.2, popcnt, avx, avx2, aes, clmul, erms, 3dnowpref, lzcnt, ht, tsc, tscinvbit, bmi1, bmi2, adx

Memory: 4k page, physical 8285744k(2162576k free), swap 10415848k(214432k free)

vm_info: Java HotSpot(TM) 64-Bit Server VM (25.261-b12) for windows-amd64 JRE (1.8.0_261-b12), built on Jun 18 2020 06:56:32 by "" with unknown MS VC++:1916

time: Wed Mar 17 17:19:00 2021
timezone: Afrique de l?Est
elapsed time: 61 seconds (0d 0h 1m 1s)

