#
# There is insufficient memory for the Java Runtime Environment to continue.
# Native memory allocation (malloc) failed to allocate 845296 bytes for Chunk::new
# Possible reasons:
#   The system is out of physical RAM or swap space
#   The process is running with CompressedOops enabled, and the Java Heap may be blocking the growth of the native heap
# Possible solutions:
#   Reduce memory load on the system
#   Increase physical memory or swap space
#   Check if swap backing store is full
#   Decrease Java heap size (-Xmx/-Xms)
#   Decrease number of Java threads
#   Decrease Java thread stack sizes (-Xss)
#   Set larger code cache with -XX:ReservedCodeCacheSize=
#   JVM is running with Unscaled Compressed Oops mode in which the Java heap is
#     placed in the first 4GB address space. The Java Heap base address is the
#     maximum limit for the native heap growth. Please use -XX:HeapBaseMinAddress
#     to set the Java Heap base and to place the Java Heap above 4GB virtual address.
# This output file may be truncated or incomplete.
#
#  Out of Memory Error (allocation.cpp:389), pid=10624, tid=0x0000000000002be4
#
# JRE version: Java(TM) SE Runtime Environment (8.0_261-b12) (build 1.8.0_261-b12)
# Java VM: Java HotSpot(TM) 64-Bit Server VM (25.261-b12 mixed mode windows-amd64 compressed oops)
# Failed to write core dump. Minidumps are not enabled by default on client versions of Windows
#

---------------  T H R E A D  ---------------

Current thread (0x0000028df6dbc800):  JavaThread "C2 CompilerThread0" daemon [_thread_in_native, id=11236, stack(0x000000d8d2000000,0x000000d8d2100000)]

Stack: [0x000000d8d2000000,0x000000d8d2100000]
Native frames: (J=compiled Java code, j=interpreted, Vv=VM code, C=native code)
V  [jvm.dll+0x33e5f9]
V  [jvm.dll+0x2850e2]
V  [jvm.dll+0x285d8d]
V  [jvm.dll+0x27c895]
V  [jvm.dll+0xe4d6c]
V  [jvm.dll+0xe556c]
V  [jvm.dll+0x47ece3]
V  [jvm.dll+0x446ab8]
V  [jvm.dll+0x44f8f5]
V  [jvm.dll+0x44ecb5]
V  [jvm.dll+0x439bc7]
V  [jvm.dll+0xbbbcb]
V  [jvm.dll+0xba22b]
V  [jvm.dll+0x24d962]
V  [jvm.dll+0x2a1cfc]
C  [ucrtbase.dll+0x1cd70]
C  [KERNEL32.DLL+0x84d4]
C  [ntdll.dll+0x6e851]


Current CompileTask:
C2:  10725 1445   !   4       java.net.URL::<init> (543 bytes)


---------------  P R O C E S S  ---------------

Java Threads: ( => current thread )
  0x0000028df7bba800 JavaThread "background-preinit" [_thread_in_vm, id=9332, stack(0x000000d8d3300000,0x000000d8d3400000)]
  0x0000028df6ecc800 JavaThread "restartedMain" [_thread_in_native, id=13508, stack(0x000000d8d3200000,0x000000d8d3300000)]
  0x0000028df83a9800 JavaThread "Thread-0" [_thread_blocked, id=13800, stack(0x000000d8d3100000,0x000000d8d3200000)]
  0x0000028df6e22800 JavaThread "Service Thread" daemon [_thread_blocked, id=10644, stack(0x000000d8d2300000,0x000000d8d2400000)]
  0x0000028df6e21000 JavaThread "C1 CompilerThread2" daemon [_thread_blocked, id=6792, stack(0x000000d8d2200000,0x000000d8d2300000)]
  0x0000028df6e1a800 JavaThread "C2 CompilerThread1" daemon [_thread_blocked, id=13804, stack(0x000000d8d2100000,0x000000d8d2200000)]
=>0x0000028df6dbc800 JavaThread "C2 CompilerThread0" daemon [_thread_in_native, id=11236, stack(0x000000d8d2000000,0x000000d8d2100000)]
  0x0000028df6dbb800 JavaThread "Attach Listener" daemon [_thread_blocked, id=10980, stack(0x000000d8d1f00000,0x000000d8d2000000)]
  0x0000028df6dbb000 JavaThread "Signal Dispatcher" daemon [_thread_blocked, id=15052, stack(0x000000d8d1e00000,0x000000d8d1f00000)]
  0x0000028df6d9b800 JavaThread "Finalizer" daemon [_thread_blocked, id=15900, stack(0x000000d8d1d00000,0x000000d8d1e00000)]
  0x0000028df6d75800 JavaThread "Reference Handler" daemon [_thread_blocked, id=7704, stack(0x000000d8d1c00000,0x000000d8d1d00000)]
  0x0000028de079f800 JavaThread "main" [_thread_blocked, id=5588, stack(0x000000d8d1600000,0x000000d8d1700000)]

Other Threads:
  0x0000028df6d73800 VMThread [stack: 0x000000d8d1b00000,0x000000d8d1c00000] [id=4428]
  0x0000028df6e4f000 WatcherThread [stack: 0x000000d8d2400000,0x000000d8d2500000] [id=12268]

VM state:not at safepoint (normal execution)

VM Mutex/Monitor currently owned by a thread: None

heap address: 0x0000000081800000, size: 2024 MB, Compressed Oops mode: 32-bit
Narrow klass base: 0x0000000000000000, Narrow klass shift: 3
Compressed class space size: 1073741824 Address: 0x0000000100000000

Heap:
 PSYoungGen      total 71680K, used 16508K [0x00000000d5d80000, 0x00000000da880000, 0x0000000100000000)
  eden space 66560K, 17% used [0x00000000d5d80000,0x00000000d689f9b0,0x00000000d9e80000)
  from space 5120K, 99% used [0x00000000da380000,0x00000000da87f928,0x00000000da880000)
  to   space 5120K, 0% used [0x00000000d9e80000,0x00000000d9e80000,0x00000000da380000)
 ParOldGen       total 87552K, used 3439K [0x0000000081800000, 0x0000000086d80000, 0x00000000d5d80000)
  object space 87552K, 3% used [0x0000000081800000,0x0000000081b5bcc8,0x0000000086d80000)
 Metaspace       used 18212K, capacity 19048K, committed 19200K, reserved 1067008K
  class space    used 2319K, capacity 2511K, committed 2560K, reserved 1048576K

Card table byte_map: [0x0000028df1350000,0x0000028df1750000] byte_map_base: 0x0000028df0f44000

Marking Bits: (ParMarkBitMap*) 0x000000006ba84fb0
 Begin Bits: [0x0000028df1a00000, 0x0000028df39a0000)
 End Bits:   [0x0000028df39a0000, 0x0000028df5940000)

Polling page: 0x0000028de0700000

CodeCache: size=245760Kb used=4911Kb max_used=4923Kb free=240848Kb
 bounds [0x0000028de1f90000, 0x0000028de2470000, 0x0000028df0f90000]
 total_blobs=1796 nmethods=1461 adapters=247
 compilation: enabled

Compilation events (10 events):
Event: 10.554 Thread 0x0000028df6e21000 nmethod 1459 0x0000028de24559d0 code [0x0000028de2455b20, 0x0000028de2455c38]
Event: 10.554 Thread 0x0000028df6e21000 1460       3       java.lang.Class::getGenericInfo (52 bytes)
Event: 10.555 Thread 0x0000028df6e21000 nmethod 1460 0x0000028de2453f50 code [0x0000028de24541a0, 0x0000028de2454e90]
Event: 10.561 Thread 0x0000028df6e1a800 nmethod 1457 0x0000028de2457510 code [0x0000028de2457740, 0x0000028de2458118]
Event: 10.564 Thread 0x0000028df6e1a800 1462       4       java.util.AbstractCollection::<init> (5 bytes)
Event: 10.564 Thread 0x0000028df6e1a800 nmethod 1462 0x0000028de2453d50 code [0x0000028de2453e80, 0x0000028de2453ed8]
Event: 10.565 Thread 0x0000028df6e21000 1463       3       java.util.LinkedHashMap::values (25 bytes)
Event: 10.566 Thread 0x0000028df6e21000 nmethod 1463 0x0000028de2453710 code [0x0000028de2453880, 0x0000028de2453bb8]
Event: 10.566 Thread 0x0000028df6e21000 1464       3       java.util.LinkedHashMap$LinkedValues::iterator (12 bytes)
Event: 10.567 Thread 0x0000028df6e21000 nmethod 1464 0x0000028de2456f10 code [0x0000028de2457080, 0x0000028de2457398]

GC Heap History (8 events):
Event: 6.251 GC heap before
{Heap before GC invocations=1 (full 0):
 PSYoungGen      total 38400K, used 33255K [0x00000000d5d80000, 0x00000000d8800000, 0x0000000100000000)
  eden space 33280K, 99% used [0x00000000d5d80000,0x00000000d7df9d38,0x00000000d7e00000)
  from space 5120K, 0% used [0x00000000d8300000,0x00000000d8300000,0x00000000d8800000)
  to   space 5120K, 0% used [0x00000000d7e00000,0x00000000d7e00000,0x00000000d8300000)
 ParOldGen       total 87552K, used 0K [0x0000000081800000, 0x0000000086d80000, 0x00000000d5d80000)
  object space 87552K, 0% used [0x0000000081800000,0x0000000081800000,0x0000000086d80000)
 Metaspace       used 7596K, capacity 7848K, committed 7936K, reserved 1056768K
  class space    used 885K, capacity 960K, committed 1024K, reserved 1048576K
Event: 6.273 GC heap after
Heap after GC invocations=1 (full 0):
 PSYoungGen      total 38400K, used 3838K [0x00000000d5d80000, 0x00000000d8800000, 0x0000000100000000)
  eden space 33280K, 0% used [0x00000000d5d80000,0x00000000d5d80000,0x00000000d7e00000)
  from space 5120K, 74% used [0x00000000d7e00000,0x00000000d81bf9a0,0x00000000d8300000)
  to   space 5120K, 0% used [0x00000000d8300000,0x00000000d8300000,0x00000000d8800000)
 ParOldGen       total 87552K, used 16K [0x0000000081800000, 0x0000000086d80000, 0x00000000d5d80000)
  object space 87552K, 0% used [0x0000000081800000,0x0000000081804000,0x0000000086d80000)
 Metaspace       used 7596K, capacity 7848K, committed 7936K, reserved 1056768K
  class space    used 885K, capacity 960K, committed 1024K, reserved 1048576K
}
Event: 6.505 GC heap before
{Heap before GC invocations=2 (full 0):
 PSYoungGen      total 38400K, used 37118K [0x00000000d5d80000, 0x00000000d8800000, 0x0000000100000000)
  eden space 33280K, 100% used [0x00000000d5d80000,0x00000000d7e00000,0x00000000d7e00000)
  from space 5120K, 74% used [0x00000000d7e00000,0x00000000d81bf9a0,0x00000000d8300000)
  to   space 5120K, 0% used [0x00000000d8300000,0x00000000d8300000,0x00000000d8800000)
 ParOldGen       total 87552K, used 16K [0x0000000081800000, 0x0000000086d80000, 0x00000000d5d80000)
  object space 87552K, 0% used [0x0000000081800000,0x0000000081804000,0x0000000086d80000)
 Metaspace       used 7752K, capacity 8022K, committed 8192K, reserved 1056768K
  class space    used 905K, capacity 995K, committed 1024K, reserved 1048576K
Event: 6.514 GC heap after
Heap after GC invocations=2 (full 0):
 PSYoungGen      total 38400K, used 2866K [0x00000000d5d80000, 0x00000000da880000, 0x0000000100000000)
  eden space 33280K, 0% used [0x00000000d5d80000,0x00000000d5d80000,0x00000000d7e00000)
  from space 5120K, 55% used [0x00000000d8300000,0x00000000d85cc960,0x00000000d8800000)
  to   space 5120K, 0% used [0x00000000d7e00000,0x00000000d7e00000,0x00000000d8300000)
 ParOldGen       total 87552K, used 24K [0x0000000081800000, 0x0000000086d80000, 0x00000000d5d80000)
  object space 87552K, 0% used [0x0000000081800000,0x0000000081806000,0x0000000086d80000)
 Metaspace       used 7752K, capacity 8022K, committed 8192K, reserved 1056768K
  class space    used 905K, capacity 995K, committed 1024K, reserved 1048576K
}
Event: 8.886 GC heap before
{Heap before GC invocations=3 (full 0):
 PSYoungGen      total 38400K, used 36146K [0x00000000d5d80000, 0x00000000da880000, 0x0000000100000000)
  eden space 33280K, 100% used [0x00000000d5d80000,0x00000000d7e00000,0x00000000d7e00000)
  from space 5120K, 55% used [0x00000000d8300000,0x00000000d85cc960,0x00000000d8800000)
  to   space 5120K, 0% used [0x00000000d7e00000,0x00000000d7e00000,0x00000000d8300000)
 ParOldGen       total 87552K, used 24K [0x0000000081800000, 0x0000000086d80000, 0x00000000d5d80000)
  object space 87552K, 0% used [0x0000000081800000,0x0000000081806000,0x0000000086d80000)
 Metaspace       used 12265K, capacity 12960K, committed 13056K, reserved 1060864K
  class space    used 1564K, capacity 1721K, committed 1792K, reserved 1048576K
Event: 8.924 GC heap after
Heap after GC invocations=3 (full 0):
 PSYoungGen      total 38400K, used 5106K [0x00000000d5d80000, 0x00000000da880000, 0x0000000100000000)
  eden space 33280K, 0% used [0x00000000d5d80000,0x00000000d5d80000,0x00000000d7e00000)
  from space 5120K, 99% used [0x00000000d7e00000,0x00000000d82fcbf0,0x00000000d8300000)
  to   space 5120K, 0% used [0x00000000da380000,0x00000000da380000,0x00000000da880000)
 ParOldGen       total 87552K, used 372K [0x0000000081800000, 0x0000000086d80000, 0x00000000d5d80000)
  object space 87552K, 0% used [0x0000000081800000,0x000000008185d290,0x0000000086d80000)
 Metaspace       used 12265K, capacity 12960K, committed 13056K, reserved 1060864K
  class space    used 1564K, capacity 1721K, committed 1792K, reserved 1048576K
}
Event: 10.135 GC heap before
{Heap before GC invocations=4 (full 0):
 PSYoungGen      total 38400K, used 38386K [0x00000000d5d80000, 0x00000000da880000, 0x0000000100000000)
  eden space 33280K, 100% used [0x00000000d5d80000,0x00000000d7e00000,0x00000000d7e00000)
  from space 5120K, 99% used [0x00000000d7e00000,0x00000000d82fcbf0,0x00000000d8300000)
  to   space 5120K, 0% used [0x00000000da380000,0x00000000da380000,0x00000000da880000)
 ParOldGen       total 87552K, used 372K [0x0000000081800000, 0x0000000086d80000, 0x00000000d5d80000)
  object space 87552K, 0% used [0x0000000081800000,0x000000008185d290,0x0000000086d80000)
 Metaspace       used 17037K, capacity 17838K, committed 18048K, reserved 1064960K
  class space    used 2136K, capacity 2316K, committed 2432K, reserved 1048576K
Event: 10.172 GC heap after
Heap after GC invocations=4 (full 0):
 PSYoungGen      total 71680K, used 5118K [0x00000000d5d80000, 0x00000000da880000, 0x0000000100000000)
  eden space 66560K, 0% used [0x00000000d5d80000,0x00000000d5d80000,0x00000000d9e80000)
  from space 5120K, 99% used [0x00000000da380000,0x00000000da87f928,0x00000000da880000)
  to   space 5120K, 0% used [0x00000000d9e80000,0x00000000d9e80000,0x00000000da380000)
 ParOldGen       total 87552K, used 3439K [0x0000000081800000, 0x0000000086d80000, 0x00000000d5d80000)
  object space 87552K, 3% used [0x0000000081800000,0x0000000081b5bcc8,0x0000000086d80000)
 Metaspace       used 17037K, capacity 17838K, committed 18048K, reserved 1064960K
  class space    used 2136K, capacity 2316K, committed 2432K, reserved 1048576K
}

Deoptimization events (8 events):
Event: 4.741 Thread 0x0000028de079f800 Uncommon trap: reason=unstable_if action=reinterpret pc=0x0000028de212f324 method=sun.misc.MetaIndex.mayContain(Ljava/lang/String;)Z @ 38
Event: 6.169 Thread 0x0000028de079f800 Uncommon trap: reason=range_check action=make_not_entrant pc=0x0000028de2265160 method=sun.reflect.generics.parser.SignatureParser.current()C @ 34
Event: 6.548 Thread 0x0000028df6ecc800 Uncommon trap: reason=class_check action=maybe_recompile pc=0x0000028de2125af4 method=sun.misc.URLClassPath.getLoader(I)Lsun/misc/URLClassPath$Loader; @ 94
Event: 6.639 Thread 0x0000028df6ecc800 Uncommon trap: reason=unstable_if action=reinterpret pc=0x0000028de2127b68 method=java.lang.String.indexOf([CII[CIII)I @ 3
Event: 8.055 Thread 0x0000028df6ecc800 Uncommon trap: reason=unstable_if action=reinterpret pc=0x0000028de2291410 method=java.util.HashMap.getNode(ILjava/lang/Object;)Ljava/util/HashMap$Node; @ 129
Event: 9.418 Thread 0x0000028df6ecc800 Uncommon trap: reason=unstable_if action=reinterpret pc=0x0000028de240c5ac method=java.util.concurrent.ConcurrentHashMap.putVal(Ljava/lang/Object;Ljava/lang/Object;Z)Ljava/lang/Object; @ 113
Event: 9.652 Thread 0x0000028df6ecc800 Uncommon trap: reason=class_check action=maybe_recompile pc=0x0000028de235a620 method=java.util.HashMap.putVal(ILjava/lang/Object;Ljava/lang/Object;ZZ)Ljava/lang/Object; @ 203
Event: 10.563 Thread 0x0000028df7bba800 Uncommon trap: reason=unstable_if action=reinterpret pc=0x0000028de2323664 method=jdk.internal.org.objectweb.asm.Type.getArgumentsAndReturnSizes(Ljava/lang/String;)I @ 47

Classes redefined (0 events):
No events

Internal exceptions (10 events):
Event: 7.969 Thread 0x0000028df6ecc800 Exception <a 'java/lang/NoSuchMethodError': java.lang.Object.lambda$from$1(Ljava/util/function/Supplier;Lorg/springframework/boot/BootstrapContext;)Ljava/lang/Object;> (0x00000000d71f9c40) thrown at [C:\jenkins\workspace\8-2-build-windows-amd64-cygwin\jdk
Event: 8.094 Thread 0x0000028df6ecc800 Exception <a 'java/lang/NoSuchMethodError': java.lang.Object.lambda$and$0(Ljava/util/function/Predicate;Ljava/lang/Object;)Z> (0x00000000d74a3d90) thrown at [C:\jenkins\workspace\8-2-build-windows-amd64-cygwin\jdk8u261\295\hotspot\src\share\vm\interpreter
Event: 8.859 Thread 0x0000028df7bba800 Exception <a 'java/lang/NoClassDefFoundError': javax/validation/Validation> (0x00000000d7bc7e00) thrown at [C:\jenkins\workspace\8-2-build-windows-amd64-cygwin\jdk8u261\295\hotspot\src\share\vm\classfile\systemDictionary.cpp, line 199]
Event: 9.387 Thread 0x0000028df6ecc800 Exception <a 'java/lang/NoSuchMethodError': org.slf4j.impl.StaticMDCBinder.getSingleton()Lorg/slf4j/impl/StaticMDCBinder;> (0x00000000d6e14df8) thrown at [C:\jenkins\workspace\8-2-build-windows-amd64-cygwin\jdk8u261\295\hotspot\src\share\vm\interpreter\li
Event: 9.751 Thread 0x0000028df6ecc800 Exception <a 'java/lang/NoSuchMethodError': java.lang.Object.lambda$getAnnotationTypes$0(Lorg/springframework/core/annotation/MergedAnnotation;)Ljava/lang/String;> (0x00000000d74cf428) thrown at [C:\jenkins\workspace\8-2-build-windows-amd64-cygwin\jdk8u26
Event: 9.772 Thread 0x0000028df6ecc800 Exception <a 'java/lang/NoSuchMethodError': java.lang.Object.lambda$getMetaAnnotationTypes$1(Lorg/springframework/core/annotation/MergedAnnotation;)Ljava/lang/String;> (0x00000000d74f6978) thrown at [C:\jenkins\workspace\8-2-build-windows-amd64-cygwin\jdk
Event: 10.519 Thread 0x0000028df6ecc800 Exception <a 'java/lang/ClassNotFoundException': java/lang/ObjectCustomizer> (0x00000000d6236f00) thrown at [C:\jenkins\workspace\8-2-build-windows-amd64-cygwin\jdk8u261\295\hotspot\src\share\vm\classfile\systemDictionary.cpp, line 210]
Event: 10.553 Thread 0x0000028df6ecc800 Exception <a 'java/lang/ClassNotFoundException': org/springframework/context/annotation/ConfigurationClassPostProcessorCustomizer> (0x00000000d62559f0) thrown at [C:\jenkins\workspace\8-2-build-windows-amd64-cygwin\jdk8u261\295\hotspot\src\share\vm\classf
Event: 10.564 Thread 0x0000028df6ecc800 Exception <a 'java/lang/ClassNotFoundException': org/springframework/beans/factory/support/BeanDefinitionRegistryPostProcessorCustomizer> (0x00000000d6440390) thrown at [C:\jenkins\workspace\8-2-build-windows-amd64-cygwin\jdk8u261\295\hotspot\src\share\vm
Event: 10.568 Thread 0x0000028df6ecc800 Exception <a 'java/lang/ClassNotFoundException': org/springframework/beans/factory/config/BeanFactoryPostProcessorCustomizer> (0x00000000d64585f0) thrown at [C:\jenkins\workspace\8-2-build-windows-amd64-cygwin\jdk8u261\295\hotspot\src\share\vm\classfile\s

Events (10 events):
Event: 10.563 loading class org/springframework/beans/factory/support/BeanDefinitionRegistryPostProcessorCustomizer done
Event: 10.564 loading class org/springframework/beans/factory/support/BeanDefinitionRegistryPostProcessorCustomizer
Event: 10.564 loading class java/util/function/ToLongFunction done
Event: 10.564 loading class org/springframework/beans/factory/support/BeanDefinitionRegistryPostProcessorCustomizer done
Event: 10.564 loading class org/springframework/beans/factory/config/BeanFactoryPostProcessorCustomizer
Event: 10.564 loading class org/springframework/beans/factory/config/BeanFactoryPostProcessorCustomizer done
Event: 10.567 loading class org/springframework/beans/factory/config/BeanFactoryPostProcessorCustomizer
Event: 10.567 loading class org/springframework/beans/factory/config/BeanFactoryPostProcessorCustomizer done
Event: 10.568 loading class org/springframework/beans/factory/config/BeanFactoryPostProcessorCustomizer
Event: 10.568 loading class org/springframework/beans/factory/config/BeanFactoryPostProcessorCustomizer done


Dynamic libraries:
0x00007ff79b280000 - 0x00007ff79b2c7000 	C:\Program Files\Java\jre1.8.0_261\bin\javaw.exe
0x00007ffd69030000 - 0x00007ffd69200000 	C:\Windows\SYSTEM32\ntdll.dll
0x00007ffd67c60000 - 0x00007ffd67d0b000 	C:\Windows\System32\KERNEL32.DLL
0x00007ffd65eb0000 - 0x00007ffd660cd000 	C:\Windows\System32\KERNELBASE.dll
0x00007ffd68eb0000 - 0x00007ffd68f52000 	C:\Windows\System32\ADVAPI32.dll
0x00007ffd68650000 - 0x00007ffd686ee000 	C:\Windows\System32\msvcrt.dll
0x00007ffd68fc0000 - 0x00007ffd69019000 	C:\Windows\System32\sechost.dll
0x00007ffd67f50000 - 0x00007ffd68071000 	C:\Windows\System32\RPCRT4.dll
0x00007ffd665c0000 - 0x00007ffd66725000 	C:\Windows\System32\USER32.dll
0x00007ffd660d0000 - 0x00007ffd660ee000 	C:\Windows\System32\win32u.dll
0x00007ffd686f0000 - 0x00007ffd68724000 	C:\Windows\System32\GDI32.dll
0x00007ffd66160000 - 0x00007ffd662e1000 	C:\Windows\System32\gdi32full.dll
0x00007ffd59d40000 - 0x00007ffd59fba000 	C:\Windows\WinSxS\amd64_microsoft.windows.common-controls_6595b64144ccf1df_6.0.14393.2848_none_7ddecd5e83436d8c\COMCTL32.dll
0x00007ffd68be0000 - 0x00007ffd68ea5000 	C:\Windows\System32\combase.dll
0x00007ffd65ca0000 - 0x00007ffd65d94000 	C:\Windows\System32\ucrtbase.dll
0x00007ffd660f0000 - 0x00007ffd6615a000 	C:\Windows\System32\bcryptPrimitives.dll
0x00007ffd67d20000 - 0x00007ffd67d4e000 	C:\Windows\System32\IMM32.DLL
0x00007ffd50e80000 - 0x00007ffd50e95000 	C:\Program Files\Java\jre1.8.0_261\bin\vcruntime140.dll
0x00007ffd21140000 - 0x00007ffd211db000 	C:\Program Files\Java\jre1.8.0_261\bin\msvcp140.dll
0x000000006b290000 - 0x000000006bafc000 	C:\Program Files\Java\jre1.8.0_261\bin\server\jvm.dll
0x00007ffd689a0000 - 0x00007ffd689a8000 	C:\Windows\System32\PSAPI.DLL
0x00007ffd61a70000 - 0x00007ffd61a79000 	C:\Windows\SYSTEM32\WSOCK32.dll
0x00007ffd63a70000 - 0x00007ffd63a93000 	C:\Windows\SYSTEM32\WINMM.dll
0x00007ffd689b0000 - 0x00007ffd68a1a000 	C:\Windows\System32\WS2_32.dll
0x00007ffd5f3a0000 - 0x00007ffd5f3aa000 	C:\Windows\SYSTEM32\VERSION.dll
0x0000028de0720000 - 0x0000028de074b000 	C:\Windows\SYSTEM32\WINMMBASE.dll
0x00007ffd663a0000 - 0x00007ffd663e2000 	C:\Windows\System32\cfgmgr32.dll
0x00007ffd65510000 - 0x00007ffd6551f000 	C:\Windows\System32\kernel.appcore.dll
0x00007ffd59500000 - 0x00007ffd59510000 	C:\Program Files\Java\jre1.8.0_261\bin\verify.dll
0x00007ffd4fbc0000 - 0x00007ffd4fbeb000 	C:\Program Files\Java\jre1.8.0_261\bin\java.dll
0x00007ffd50ca0000 - 0x00007ffd50cb8000 	C:\Program Files\Java\jre1.8.0_261\bin\zip.dll
0x00007ffd66750000 - 0x00007ffd67c55000 	C:\Windows\System32\SHELL32.dll
0x00007ffd65520000 - 0x00007ffd65bf9000 	C:\Windows\System32\windows.storage.dll
0x00007ffd654a0000 - 0x00007ffd654ec000 	C:\Windows\System32\powrprof.dll
0x00007ffd68b80000 - 0x00007ffd68bd2000 	C:\Windows\System32\shlwapi.dll
0x00007ffd65da0000 - 0x00007ffd65e49000 	C:\Windows\System32\shcore.dll
0x00007ffd654f0000 - 0x00007ffd65504000 	C:\Windows\System32\profapi.dll
0x00007ffd515e0000 - 0x00007ffd515ed000 	C:\Program Files\Java\jre1.8.0_261\bin\management.dll
0x00007ffd504f0000 - 0x00007ffd5050c000 	C:\Program Files\Java\jre1.8.0_261\bin\net.dll
0x00007ffd64dc0000 - 0x00007ffd64e1c000 	C:\Windows\system32\mswsock.dll
0x00007ffd50ad0000 - 0x00007ffd50ae6000 	C:\Windows\system32\napinsp.dll
0x00007ffd50ab0000 - 0x00007ffd50aca000 	C:\Windows\system32\pnrpnsp.dll
0x00007ffd62e90000 - 0x00007ffd62ea8000 	C:\Windows\system32\NLAapi.dll
0x00007ffd64b80000 - 0x00007ffd64c21000 	C:\Windows\SYSTEM32\DNSAPI.dll
0x00007ffd67d10000 - 0x00007ffd67d18000 	C:\Windows\System32\NSI.dll
0x00007ffd64b40000 - 0x00007ffd64b78000 	C:\Windows\SYSTEM32\IPHLPAPI.DLL
0x00007ffd50a20000 - 0x00007ffd50a2e000 	C:\Windows\System32\winrnr.dll
0x00007ffd50a00000 - 0x00007ffd50a15000 	C:\Windows\System32\wshbth.dll
0x00007ffd510d0000 - 0x00007ffd510da000 	C:\Windows\System32\rasadhlp.dll
0x00007ffd57b70000 - 0x00007ffd57bda000 	C:\Windows\System32\fwpuclnt.dll
0x00007ffd65070000 - 0x00007ffd6509b000 	C:\Windows\SYSTEM32\bcrypt.dll
0x00007ffd618d0000 - 0x00007ffd61a62000 	C:\Windows\SYSTEM32\dbghelp.dll

VM Arguments:
jvm_args: -Dfile.encoding=UTF-8 
java_command: finday.finday.FindayApplication
java_class_path (initial): D:\ITU\L3\S5\cloud\FINDAY\finday\target\classes;C:\Users\ASUS\.m2\repository\org\springframework\boot\spring-boot-starter-data-jpa\2.5.0-SNAPSHOT\spring-boot-starter-data-jpa-2.5.0-SNAPSHOT.jar;C:\Users\ASUS\.m2\repository\org\springframework\boot\spring-boot-starter-aop\2.5.0-SNAPSHOT\spring-boot-starter-aop-2.5.0-SNAPSHOT.jar;C:\Users\ASUS\.m2\repository\org\springframework\spring-aop\5.3.5-SNAPSHOT\spring-aop-5.3.5-SNAPSHOT.jar;C:\Users\ASUS\.m2\repository\org\aspectj\aspectjweaver\1.9.6\aspectjweaver-1.9.6.jar;C:\Users\ASUS\.m2\repository\org\springframework\boot\spring-boot-starter-jdbc\2.5.0-SNAPSHOT\spring-boot-starter-jdbc-2.5.0-SNAPSHOT.jar;C:\Users\ASUS\.m2\repository\com\zaxxer\HikariCP\4.0.2\HikariCP-4.0.2.jar;C:\Users\ASUS\.m2\repository\org\springframework\spring-jdbc\5.3.5-SNAPSHOT\spring-jdbc-5.3.5-SNAPSHOT.jar;C:\Users\ASUS\.m2\repository\jakarta\transaction\jakarta.transaction-api\1.3.3\jakarta.transaction-api-1.3.3.jar;C:\Users\ASUS\.m2\repository\jakarta\persistence\jakarta.persistence-api\2.2.3\jakarta.persistence-api-2.2.3.jar;C:\Users\ASUS\.m2\repository\org\hibernate\hibernate-core\5.4.28.Final\hibernate-core-5.4.28.Final.jar;C:\Users\ASUS\.m2\repository\org\jboss\logging\jboss-logging\3.4.1.Final\jboss-logging-3.4.1.Final.jar;C:\Users\ASUS\.m2\repository\org\javassist\javassist\3.27.0-GA\javassist-3.27.0-GA.jar;C:\Users\ASUS\.m2\repository\net\bytebuddy\byte-buddy\1.10.20\byte-buddy-1.10.20.jar;C:\Users\ASUS\.m2\repository\antlr\antlr\2.7.7\antlr-2.7.7.jar;C:\Users\ASUS\.m2\repository\org\jboss\jandex\2.2.3.Final\jandex-2.2.3.Final.jar;C:\Users\ASUS\.m2\repository\com\fasterxml\classmate\1.5.1\classmate-1.5.1.jar;C:\Users\ASUS\.m2\repository\org\dom4j\dom4j\2.1.3\dom4j-2.1.3.jar;C:\Users\ASUS\.m2\repository\org\hibernate\common\hibernate-commons-annotations\5.1.2.Final\hibernate-commons-annotations-5.1.2.Final.jar;C:\Users\ASUS\.m2\repository\org\glassfish\jaxb\jaxb-runtime\2.3.3\jaxb-runtime-2.3.3.jar;C:\Users\A
Launcher Type: SUN_STANDARD

Environment Variables:
JAVA_HOME=C:\Program Files\Java\jdk1.8.0_261
JRE_HOME=C:\Program Files\Java\jre1.8.0_261
CLASSPATH=.;C:\Program Files\Java\jdk1.7.0\jre\lib\ext\ojdbc6.jar;C:\apache-tomcat-8.5.46\lib\servlet-api.jar;C:\apache-tomcat-8.5.46\lib\catalina.jar;C:\Program Files\Weka-3-8-4\weka.jar;C:\Program Files\Weka-3-8-4\weka-src.jar;D:\ITU\L3\S5\programmation\javaLibrary\json-20201115.jar;D:\ITU\L3\S5\programmation\javaLibrary\json-simple-1.1.jar;D:\ITU\L3\S5\programmation\javaLibrary\sqljdbc4-chs-4.0.2206.100.jar;D:\ITU\L3\S5\programmation\javaLibrary\postgresql-42.2.5.jar
PATH=C:/Program Files/eclipse//plugins/org.eclipse.justj.openjdk.hotspot.jre.full.win32.x86_64_15.0.1.v20201027-0507/jre/bin/server;C:/Program Files/eclipse//plugins/org.eclipse.justj.openjdk.hotspot.jre.full.win32.x86_64_15.0.1.v20201027-0507/jre/bin;C:\oraclexe\app\oracle\product\11.2.0\server\bin;C:\Program Files (x86)\Common Files\Oracle\Java\javapath;C:\oraclexe\app\oracle\product\11.2.0\server\bin;C:\oraclexe\app\oracle\product\11.2.0\server\bin;C:\Windows\system32;C:\Windows;C:\Windows\System32\Wbem;C:\Windows\System32\WindowsPowerShell\v1.0\;C:\Program Files (x86)\NVIDIA Corporation\PhysX\Common;C:\Program Files\NVIDIA Corporation\NVIDIA NvDLISR;C:\Program Files\Java\jdk1.8.0_261\bin;C:\xampp\mysql\bin;C:\UwAmp\bin\database\mysql-5.7.11\bin;C:\Program Files\PostgreSQL\11\bin;C:\Windows\Microsoft.NET\Framework64\v4.0.30319;C:\Program Files\Microsoft SQL Server\Client SDK\ODBC\170\Tools\Binn\;C:\Program Files (x86)\Microsoft SQL Server\150\Tools\Binn\;C:\Program Files\Microsoft SQL Server\150\Tools\Binn\;C:\Program Files\Microsoft SQL Server\150\DTS\Binn\;C:\Program Files\Microsoft SQL Server\130\Tools\Binn\;C:\PostgreSQL\11\bin;C:\Program Files\Git\cmd;C:\sqlite;D:\ITU\L3\S5\programmation\javaLibrary\sqljdbc_6.0\enu\auth\x64;C:\ACE_wrappers\lib;C:\UwAmp\bin\php\php-7.0.3;C:\ProgramData\ComposerSetup\bin;C:\Users\ASUS\node_modules\npm\bin;C:\Program Files\nodejs\;C:\gradle-6.8.1\bin;C:\Program Files\PuTTY\;C:\Program Files\MongoDB\Server\4.4\bin;C:\Program Files\Java\jdk1.8.0_261\bin;C:\Program Files\heroku\bin;C:\Users\ASUS\AppData\Roaming\Composer\vendor\bin;C:\Users\ASUS\AppData\Roaming\npm;C:\Users\ASUS\AppData\Local\Programs\Microsoft VS Code\bin;C:\Program Files\eclipse;
USERNAME=ASUS
OS=Windows_NT
PROCESSOR_IDENTIFIER=Intel64 Family 6 Model 61 Stepping 4, GenuineIntel



---------------  S Y S T E M  ---------------

OS: Windows 10.0 , 64 bit Build 14393 (10.0.14393.2906)

CPU:total 4 (initial active 4) (2 cores per cpu, 2 threads per core) family 6 model 61 stepping 4, cmov, cx8, fxsr, mmx, sse, sse2, sse3, ssse3, sse4.1, sse4.2, popcnt, avx, avx2, aes, clmul, erms, 3dnowpref, lzcnt, ht, tsc, tscinvbit, bmi1, bmi2, adx

Memory: 4k page, physical 8285744k(1993112k free), swap 10420496k(21784k free)

vm_info: Java HotSpot(TM) 64-Bit Server VM (25.261-b12) for windows-amd64 JRE (1.8.0_261-b12), built on Jun 18 2020 06:56:32 by "" with unknown MS VC++:1916

time: Wed Mar 17 18:10:50 2021
timezone: Afrique de l?Est
elapsed time: 11 seconds (0d 0h 0m 11s)

