#
# There is insufficient memory for the Java Runtime Environment to continue.
# Native memory allocation (malloc) failed to allocate 852016 bytes for Chunk::new
# Possible reasons:
#   The system is out of physical RAM or swap space
#   The process is running with CompressedOops enabled, and the Java Heap may be blocking the growth of the native heap
# Possible solutions:
#   Reduce memory load on the system
#   Increase physical memory or swap space
#   Check if swap backing store is full
#   Decrease Java heap size (-Xmx/-Xms)
#   Decrease number of Java threads
#   Decrease Java thread stack sizes (-Xss)
#   Set larger code cache with -XX:ReservedCodeCacheSize=
#   JVM is running with Unscaled Compressed Oops mode in which the Java heap is
#     placed in the first 4GB address space. The Java Heap base address is the
#     maximum limit for the native heap growth. Please use -XX:HeapBaseMinAddress
#     to set the Java Heap base and to place the Java Heap above 4GB virtual address.
# This output file may be truncated or incomplete.
#
#  Out of Memory Error (allocation.cpp:389), pid=8772, tid=0x0000000000002f68
#
# JRE version: Java(TM) SE Runtime Environment (8.0_261-b12) (build 1.8.0_261-b12)
# Java VM: Java HotSpot(TM) 64-Bit Server VM (25.261-b12 mixed mode windows-amd64 compressed oops)
# Failed to write core dump. Minidumps are not enabled by default on client versions of Windows
#

---------------  T H R E A D  ---------------

Current thread (0x000002102e4ed000):  JavaThread "C2 CompilerThread0" daemon [_thread_in_native, id=12136, stack(0x000000c121900000,0x000000c121a00000)]

Stack: [0x000000c121900000,0x000000c121a00000]
Native frames: (J=compiled Java code, j=interpreted, Vv=VM code, C=native code)
V  [jvm.dll+0x33e5f9]
V  [jvm.dll+0x2850e2]
V  [jvm.dll+0x285d8d]
V  [jvm.dll+0x27c895]
V  [jvm.dll+0xe4d6c]
V  [jvm.dll+0xe556c]
V  [jvm.dll+0x47ece3]
V  [jvm.dll+0x446ab8]
V  [jvm.dll+0x44f8f5]
V  [jvm.dll+0x44ecb5]
V  [jvm.dll+0x439bc7]
V  [jvm.dll+0xbbbcb]
V  [jvm.dll+0xba22b]
V  [jvm.dll+0x24d962]
V  [jvm.dll+0x2a1cfc]
C  [ucrtbase.dll+0x1cd70]
C  [KERNEL32.DLL+0x84d4]
C  [ntdll.dll+0x6e851]


Current CompileTask:
C2:   3371 1443   !   4       java.net.URL::<init> (543 bytes)


---------------  P R O C E S S  ---------------

Java Threads: ( => current thread )
  0x000002103078f000 JavaThread "Thread-5" [_thread_in_Java, id=10368, stack(0x000000c122400000,0x000000c122500000)]
  0x000002102fe57800 JavaThread "restartedMain" [_thread_blocked, id=12780, stack(0x000000c122200000,0x000000c122300000)]
  0x000002102fe56800 JavaThread "Thread-0" [_thread_blocked, id=10276, stack(0x000000c122100000,0x000000c122200000)]
  0x000002102e551800 JavaThread "Service Thread" daemon [_thread_blocked, id=9944, stack(0x000000c121c00000,0x000000c121d00000)]
  0x000002102e550000 JavaThread "C1 CompilerThread2" daemon [_thread_blocked, id=14200, stack(0x000000c121b00000,0x000000c121c00000)]
  0x000002102e54c800 JavaThread "C2 CompilerThread1" daemon [_thread_blocked, id=13924, stack(0x000000c121a00000,0x000000c121b00000)]
=>0x000002102e4ed000 JavaThread "C2 CompilerThread0" daemon [_thread_in_native, id=12136, stack(0x000000c121900000,0x000000c121a00000)]
  0x000002102e4ec800 JavaThread "Attach Listener" daemon [_thread_blocked, id=11128, stack(0x000000c121800000,0x000000c121900000)]
  0x000002102e4eb800 JavaThread "Signal Dispatcher" daemon [_thread_blocked, id=9464, stack(0x000000c121700000,0x000000c121800000)]
  0x000002102e4cb800 JavaThread "Finalizer" daemon [_thread_blocked, id=16788, stack(0x000000c121600000,0x000000c121700000)]
  0x000002102e4a4800 JavaThread "Reference Handler" daemon [_thread_blocked, id=572, stack(0x000000c121500000,0x000000c121600000)]
  0x0000021017d1f800 JavaThread "main" [_thread_blocked, id=10932, stack(0x000000c120f00000,0x000000c121000000)]

Other Threads:
  0x000002102e4a3000 VMThread [stack: 0x000000c121400000,0x000000c121500000] [id=12568]
  0x000002102e581000 WatcherThread [stack: 0x000000c121d00000,0x000000c121e00000] [id=17028]

VM state:not at safepoint (normal execution)

VM Mutex/Monitor currently owned by a thread: None

heap address: 0x0000000081800000, size: 2024 MB, Compressed Oops mode: 32-bit
Narrow klass base: 0x0000000000000000, Narrow klass shift: 3
Compressed class space size: 1073741824 Address: 0x0000000100000000

Heap:
 PSYoungGen      total 38400K, used 27733K [0x00000000d5d80000, 0x00000000d8800000, 0x0000000100000000)
  eden space 33280K, 67% used [0x00000000d5d80000,0x00000000d7395710,0x00000000d7e00000)
  from space 5120K, 99% used [0x00000000d7e00000,0x00000000d82fffb0,0x00000000d8300000)
  to   space 5120K, 0% used [0x00000000d8300000,0x00000000d8300000,0x00000000d8800000)
 ParOldGen       total 87552K, used 4676K [0x0000000081800000, 0x0000000086d80000, 0x00000000d5d80000)
  object space 87552K, 5% used [0x0000000081800000,0x0000000081c911c0,0x0000000086d80000)
 Metaspace       used 19306K, capacity 20202K, committed 20352K, reserved 1067008K
  class space    used 2447K, capacity 2662K, committed 2688K, reserved 1048576K

Card table byte_map: [0x0000021028ab0000,0x0000021028eb0000] byte_map_base: 0x00000210286a4000

Marking Bits: (ParMarkBitMap*) 0x000000006a9b4fb0
 Begin Bits: [0x0000021029160000, 0x000002102b100000)
 End Bits:   [0x000002102b100000, 0x000002102d0a0000)

Polling page: 0x0000021017f40000

CodeCache: size=245760Kb used=5189Kb max_used=5201Kb free=240570Kb
 bounds [0x00000210196f0000, 0x0000021019c10000, 0x00000210286f0000]
 total_blobs=1947 nmethods=1589 adapters=270
 compilation: enabled

Compilation events (10 events):
Event: 3.250 Thread 0x000002102e550000 1574       3       java.util.LinkedHashMap$LinkedValueIterator::next (8 bytes)
Event: 3.250 Thread 0x000002102e550000 nmethod 1574 0x0000021019bf9650 code [0x0000021019bf97c0, 0x0000021019bf99d0]
Event: 3.250 Thread 0x000002102e550000 1575       3       org.springframework.core.annotation.AttributeMethods::indexOf (37 bytes)
Event: 3.250 Thread 0x000002102e550000 nmethod 1575 0x0000021019bf9a90 code [0x0000021019bf9c00, 0x0000021019bf9ff0]
Event: 3.251 Thread 0x000002102e54c800 nmethod 1560 0x0000021019bfa150 code [0x0000021019bfa360, 0x0000021019bfb2a0]
Event: 3.251 Thread 0x000002102e54c800 1569       4       java.util.ArrayList$Itr::next (66 bytes)
Event: 3.252 Thread 0x000002102e54c800 nmethod 1569 0x0000021019bf6590 code [0x0000021019bf66e0, 0x0000021019bf67f8]
Event: 3.253 Thread 0x000002102e550000 1576       3       java.util.ArrayDeque::<init> (14 bytes)
Event: 3.254 Thread 0x000002102e550000 nmethod 1576 0x0000021019bf6050 code [0x0000021019bf61c0, 0x0000021019bf6478]
Event: 3.256 Thread 0x000002102e54c800 1577 %     4       java.util.Properties::loadConvert @ 39 (505 bytes)

GC Heap History (8 events):
Event: 1.637 GC heap before
{Heap before GC invocations=1 (full 0):
 PSYoungGen      total 38400K, used 33244K [0x00000000d5d80000, 0x00000000d8800000, 0x0000000100000000)
  eden space 33280K, 99% used [0x00000000d5d80000,0x00000000d7df7060,0x00000000d7e00000)
  from space 5120K, 0% used [0x00000000d8300000,0x00000000d8300000,0x00000000d8800000)
  to   space 5120K, 0% used [0x00000000d7e00000,0x00000000d7e00000,0x00000000d8300000)
 ParOldGen       total 87552K, used 0K [0x0000000081800000, 0x0000000086d80000, 0x00000000d5d80000)
  object space 87552K, 0% used [0x0000000081800000,0x0000000081800000,0x0000000086d80000)
 Metaspace       used 7595K, capacity 7852K, committed 7936K, reserved 1056768K
  class space    used 890K, capacity 960K, committed 1024K, reserved 1048576K
Event: 1.643 GC heap after
Heap after GC invocations=1 (full 0):
 PSYoungGen      total 38400K, used 3851K [0x00000000d5d80000, 0x00000000d8800000, 0x0000000100000000)
  eden space 33280K, 0% used [0x00000000d5d80000,0x00000000d5d80000,0x00000000d7e00000)
  from space 5120K, 75% used [0x00000000d7e00000,0x00000000d81c2f50,0x00000000d8300000)
  to   space 5120K, 0% used [0x00000000d8300000,0x00000000d8300000,0x00000000d8800000)
 ParOldGen       total 87552K, used 8K [0x0000000081800000, 0x0000000086d80000, 0x00000000d5d80000)
  object space 87552K, 0% used [0x0000000081800000,0x0000000081802000,0x0000000086d80000)
 Metaspace       used 7595K, capacity 7852K, committed 7936K, reserved 1056768K
  class space    used 890K, capacity 960K, committed 1024K, reserved 1048576K
}
Event: 1.774 GC heap before
{Heap before GC invocations=2 (full 0):
 PSYoungGen      total 38400K, used 37131K [0x00000000d5d80000, 0x00000000d8800000, 0x0000000100000000)
  eden space 33280K, 100% used [0x00000000d5d80000,0x00000000d7e00000,0x00000000d7e00000)
  from space 5120K, 75% used [0x00000000d7e00000,0x00000000d81c2f50,0x00000000d8300000)
  to   space 5120K, 0% used [0x00000000d8300000,0x00000000d8300000,0x00000000d8800000)
 ParOldGen       total 87552K, used 8K [0x0000000081800000, 0x0000000086d80000, 0x00000000d5d80000)
  object space 87552K, 0% used [0x0000000081800000,0x0000000081802000,0x0000000086d80000)
 Metaspace       used 7798K, capacity 8104K, committed 8192K, reserved 1056768K
  class space    used 918K, capacity 999K, committed 1024K, reserved 1048576K
Event: 1.780 GC heap after
Heap after GC invocations=2 (full 0):
 PSYoungGen      total 38400K, used 3082K [0x00000000d5d80000, 0x00000000d8800000, 0x0000000100000000)
  eden space 33280K, 0% used [0x00000000d5d80000,0x00000000d5d80000,0x00000000d7e00000)
  from space 5120K, 60% used [0x00000000d8300000,0x00000000d86028d8,0x00000000d8800000)
  to   space 5120K, 0% used [0x00000000d7e00000,0x00000000d7e00000,0x00000000d8300000)
 ParOldGen       total 87552K, used 16K [0x0000000081800000, 0x0000000086d80000, 0x00000000d5d80000)
  object space 87552K, 0% used [0x0000000081800000,0x0000000081804000,0x0000000086d80000)
 Metaspace       used 7798K, capacity 8104K, committed 8192K, reserved 1056768K
  class space    used 918K, capacity 999K, committed 1024K, reserved 1048576K
}
Event: 2.545 GC heap before
{Heap before GC invocations=3 (full 0):
 PSYoungGen      total 38400K, used 36362K [0x00000000d5d80000, 0x00000000d8800000, 0x0000000100000000)
  eden space 33280K, 100% used [0x00000000d5d80000,0x00000000d7e00000,0x00000000d7e00000)
  from space 5120K, 60% used [0x00000000d8300000,0x00000000d86028d8,0x00000000d8800000)
  to   space 5120K, 0% used [0x00000000d7e00000,0x00000000d7e00000,0x00000000d8300000)
 ParOldGen       total 87552K, used 16K [0x0000000081800000, 0x0000000086d80000, 0x00000000d5d80000)
  object space 87552K, 0% used [0x0000000081800000,0x0000000081804000,0x0000000086d80000)
 Metaspace       used 12427K, capacity 13152K, committed 13312K, reserved 1060864K
  class space    used 1585K, capacity 1721K, committed 1792K, reserved 1048576K
Event: 2.552 GC heap after
Heap after GC invocations=3 (full 0):
 PSYoungGen      total 38400K, used 5112K [0x00000000d5d80000, 0x00000000d8800000, 0x0000000100000000)
  eden space 33280K, 0% used [0x00000000d5d80000,0x00000000d5d80000,0x00000000d7e00000)
  from space 5120K, 99% used [0x00000000d7e00000,0x00000000d82fe0e0,0x00000000d8300000)
  to   space 5120K, 0% used [0x00000000d8300000,0x00000000d8300000,0x00000000d8800000)
 ParOldGen       total 87552K, used 407K [0x0000000081800000, 0x0000000086d80000, 0x00000000d5d80000)
  object space 87552K, 0% used [0x0000000081800000,0x0000000081865c30,0x0000000086d80000)
 Metaspace       used 12427K, capacity 13152K, committed 13312K, reserved 1060864K
  class space    used 1585K, capacity 1721K, committed 1792K, reserved 1048576K
}
Event: 2.941 GC heap before
{Heap before GC invocations=4 (full 0):
 PSYoungGen      total 38400K, used 38392K [0x00000000d5d80000, 0x00000000d8800000, 0x0000000100000000)
  eden space 33280K, 100% used [0x00000000d5d80000,0x00000000d7e00000,0x00000000d7e00000)
  from space 5120K, 99% used [0x00000000d7e00000,0x00000000d82fe0e0,0x00000000d8300000)
  to   space 5120K, 0% used [0x00000000d8300000,0x00000000d8300000,0x00000000d8800000)
 ParOldGen       total 87552K, used 407K [0x0000000081800000, 0x0000000086d80000, 0x00000000d5d80000)
  object space 87552K, 0% used [0x0000000081800000,0x0000000081865c30,0x0000000086d80000)
 Metaspace       used 17209K, capacity 18008K, committed 18304K, reserved 1064960K
  class space    used 2164K, capacity 2349K, committed 2432K, reserved 1048576K
Event: 2.952 GC heap after
Heap after GC invocations=4 (full 0):
 PSYoungGen      total 38400K, used 5100K [0x00000000d5d80000, 0x00000000d8800000, 0x0000000100000000)
  eden space 33280K, 0% used [0x00000000d5d80000,0x00000000d5d80000,0x00000000d7e00000)
  from space 5120K, 99% used [0x00000000d8300000,0x00000000d87fb2a8,0x00000000d8800000)
  to   space 5120K, 0% used [0x00000000d7e00000,0x00000000d7e00000,0x00000000d8300000)
 ParOldGen       total 87552K, used 3687K [0x0000000081800000, 0x0000000086d80000, 0x00000000d5d80000)
  object space 87552K, 4% used [0x0000000081800000,0x0000000081b99c50,0x0000000086d80000)
 Metaspace       used 17209K, capacity 18008K, committed 18304K, reserved 1064960K
  class space    used 2164K, capacity 2349K, committed 2432K, reserved 1048576K
}

Deoptimization events (7 events):
Event: 1.593 Thread 0x0000021017d1f800 Uncommon trap: reason=range_check action=make_not_entrant pc=0x00000210199c2920 method=sun.reflect.generics.parser.SignatureParser.current()C @ 34
Event: 1.740 Thread 0x000002102fe57800 Uncommon trap: reason=class_check action=maybe_recompile pc=0x000002101988bf24 method=sun.misc.URLClassPath.getLoader(I)Lsun/misc/URLClassPath$Loader; @ 94
Event: 1.819 Thread 0x000002102fe57800 Uncommon trap: reason=unstable_if action=reinterpret pc=0x00000210198a20e8 method=java.lang.String.indexOf([CII[CIII)I @ 3
Event: 2.304 Thread 0x000002102fe57800 Uncommon trap: reason=unstable_if action=reinterpret pc=0x00000210199df350 method=java.util.HashMap.getNode(ILjava/lang/Object;)Ljava/util/HashMap$Node; @ 129
Event: 2.734 Thread 0x000002102ff95800 Uncommon trap: reason=unstable_if action=reinterpret pc=0x0000021019b62d2c method=java.util.concurrent.ConcurrentHashMap.putVal(Ljava/lang/Object;Ljava/lang/Object;Z)Ljava/lang/Object; @ 113
Event: 3.075 Thread 0x000002102fe57800 Uncommon trap: reason=unstable_if action=reinterpret pc=0x0000021019a00c10 method=java.io.WinNTFileSystem.normalize(Ljava/lang/String;)Ljava/lang/String; @ 128
Event: 3.076 Thread 0x000002102ff95800 Uncommon trap: reason=unstable_if action=reinterpret pc=0x0000021019a98da8 method=jdk.internal.org.objectweb.asm.Type.getArgumentsAndReturnSizes(Ljava/lang/String;)I @ 47

Classes redefined (0 events):
No events

Internal exceptions (10 events):
Event: 2.997 Thread 0x000002102fe57800 Exception <a 'java/lang/ClassNotFoundException': org/springframework/context/ResourceLoaderAwareCustomizer> (0x00000000d60c5338) thrown at [C:\jenkins\workspace\8-2-build-windows-amd64-cygwin\jdk8u261\295\hotspot\src\share\vm\classfile\systemDictionary.cp
Event: 2.998 Thread 0x000002102fe57800 Exception <a 'java/lang/ClassNotFoundException': org/springframework/beans/factory/AwareCustomizer> (0x00000000d60d7518) thrown at [C:\jenkins\workspace\8-2-build-windows-amd64-cygwin\jdk8u261\295\hotspot\src\share\vm\classfile\systemDictionary.cpp, line 
Event: 2.999 Thread 0x000002102fe57800 Exception <a 'java/lang/ClassNotFoundException': org/springframework/context/ApplicationStartupAwareCustomizer> (0x00000000d60eb370) thrown at [C:\jenkins\workspace\8-2-build-windows-amd64-cygwin\jdk8u261\295\hotspot\src\share\vm\classfile\systemDictionar
Event: 3.000 Thread 0x000002102fe57800 Exception <a 'java/lang/ClassNotFoundException': org/springframework/beans/factory/AwareCustomizer> (0x00000000d60fd9d8) thrown at [C:\jenkins\workspace\8-2-build-windows-amd64-cygwin\jdk8u261\295\hotspot\src\share\vm\classfile\systemDictionary.cpp, line 
Event: 3.001 Thread 0x000002102fe57800 Exception <a 'java/lang/ClassNotFoundException': org/springframework/beans/factory/BeanClassLoaderAwareCustomizer> (0x00000000d6147bf0) thrown at [C:\jenkins\workspace\8-2-build-windows-amd64-cygwin\jdk8u261\295\hotspot\src\share\vm\classfile\systemDictio
Event: 3.002 Thread 0x000002102fe57800 Exception <a 'java/lang/ClassNotFoundException': org/springframework/beans/factory/AwareCustomizer> (0x00000000d6159de8) thrown at [C:\jenkins\workspace\8-2-build-windows-amd64-cygwin\jdk8u261\295\hotspot\src\share\vm\classfile\systemDictionary.cpp, line 
Event: 3.003 Thread 0x000002102fe57800 Exception <a 'java/lang/ClassNotFoundException': org/springframework/context/EnvironmentAwareCustomizer> (0x00000000d616c080) thrown at [C:\jenkins\workspace\8-2-build-windows-amd64-cygwin\jdk8u261\295\hotspot\src\share\vm\classfile\systemDictionary.cpp, 
Event: 3.005 Thread 0x000002102fe57800 Exception <a 'java/lang/ClassNotFoundException': org/springframework/beans/factory/AwareCustomizer> (0x00000000d617e158) thrown at [C:\jenkins\workspace\8-2-build-windows-amd64-cygwin\jdk8u261\295\hotspot\src\share\vm\classfile\systemDictionary.cpp, line 
Event: 3.083 Thread 0x000002102ff95800 Exception <a 'java/lang/IncompatibleClassChangeError': Found class java.lang.Object, but interface was expected> (0x00000000d65acf30) thrown at [C:\jenkins\workspace\8-2-build-windows-amd64-cygwin\jdk8u261\295\hotspot\src\share\vm\interpreter\linkResolver
Event: 3.213 Thread 0x000002102fe57800 Exception <a 'java/lang/NoSuchMethodError': java.lang.Object.lambda$or$2(Ljava/util/function/Predicate;Ljava/lang/Object;)Z> (0x00000000d69f4c08) thrown at [C:\jenkins\workspace\8-2-build-windows-amd64-cygwin\jdk8u261\295\hotspot\src\share\vm\interpreter\

Events (10 events):
Event: 3.246 loading class org/springframework/boot/autoconfigure/condition/OnClassCondition$OutcomesResolver
Event: 3.246 loading class org/springframework/boot/autoconfigure/condition/OnClassCondition$OutcomesResolver done
Event: 3.247 loading class org/springframework/boot/autoconfigure/condition/OnWebApplicationCondition
Event: 3.247 loading class org/springframework/boot/autoconfigure/condition/OnWebApplicationCondition done
Event: 3.250 loading class org/springframework/boot/autoconfigure/AutoConfigurationImportSelector$ConfigurationClassFilter
Event: 3.250 loading class org/springframework/boot/autoconfigure/AutoConfigurationImportSelector$ConfigurationClassFilter done
Event: 3.251 loading class org/springframework/boot/autoconfigure/AutoConfigurationMetadataLoader
Event: 3.251 loading class org/springframework/boot/autoconfigure/AutoConfigurationMetadataLoader done
Event: 3.252 loading class org/springframework/boot/autoconfigure/AutoConfigurationMetadata
Event: 3.252 loading class org/springframework/boot/autoconfigure/AutoConfigurationMetadata done


Dynamic libraries:
0x00007ff620540000 - 0x00007ff620587000 	C:\Program Files\Java\jre1.8.0_261\bin\javaw.exe
0x00007ffd69030000 - 0x00007ffd69200000 	C:\Windows\SYSTEM32\ntdll.dll
0x00007ffd67c60000 - 0x00007ffd67d0b000 	C:\Windows\System32\KERNEL32.DLL
0x00007ffd65eb0000 - 0x00007ffd660cd000 	C:\Windows\System32\KERNELBASE.dll
0x00007ffd68eb0000 - 0x00007ffd68f52000 	C:\Windows\System32\ADVAPI32.dll
0x00007ffd68650000 - 0x00007ffd686ee000 	C:\Windows\System32\msvcrt.dll
0x00007ffd68fc0000 - 0x00007ffd69019000 	C:\Windows\System32\sechost.dll
0x00007ffd67f50000 - 0x00007ffd68071000 	C:\Windows\System32\RPCRT4.dll
0x00007ffd665c0000 - 0x00007ffd66725000 	C:\Windows\System32\USER32.dll
0x00007ffd660d0000 - 0x00007ffd660ee000 	C:\Windows\System32\win32u.dll
0x00007ffd686f0000 - 0x00007ffd68724000 	C:\Windows\System32\GDI32.dll
0x00007ffd66160000 - 0x00007ffd662e1000 	C:\Windows\System32\gdi32full.dll
0x00007ffd59d40000 - 0x00007ffd59fba000 	C:\Windows\WinSxS\amd64_microsoft.windows.common-controls_6595b64144ccf1df_6.0.14393.2848_none_7ddecd5e83436d8c\COMCTL32.dll
0x00007ffd68be0000 - 0x00007ffd68ea5000 	C:\Windows\System32\combase.dll
0x00007ffd65ca0000 - 0x00007ffd65d94000 	C:\Windows\System32\ucrtbase.dll
0x00007ffd660f0000 - 0x00007ffd6615a000 	C:\Windows\System32\bcryptPrimitives.dll
0x00007ffd67d20000 - 0x00007ffd67d4e000 	C:\Windows\System32\IMM32.DLL
0x00007ffd59580000 - 0x00007ffd59595000 	C:\Program Files\Java\jre1.8.0_261\bin\vcruntime140.dll
0x00007ffd21d00000 - 0x00007ffd21d9b000 	C:\Program Files\Java\jre1.8.0_261\bin\msvcp140.dll
0x000000006a1c0000 - 0x000000006aa2c000 	C:\Program Files\Java\jre1.8.0_261\bin\server\jvm.dll
0x00007ffd689a0000 - 0x00007ffd689a8000 	C:\Windows\System32\PSAPI.DLL
0x00007ffd63a70000 - 0x00007ffd63a93000 	C:\Windows\SYSTEM32\WINMM.dll
0x00007ffd61a70000 - 0x00007ffd61a79000 	C:\Windows\SYSTEM32\WSOCK32.dll
0x00007ffd5f3a0000 - 0x00007ffd5f3aa000 	C:\Windows\SYSTEM32\VERSION.dll
0x00007ffd689b0000 - 0x00007ffd68a1a000 	C:\Windows\System32\WS2_32.dll
0x0000021017f10000 - 0x0000021017f3b000 	C:\Windows\SYSTEM32\WINMMBASE.dll
0x00007ffd663a0000 - 0x00007ffd663e2000 	C:\Windows\System32\cfgmgr32.dll
0x00007ffd65510000 - 0x00007ffd6551f000 	C:\Windows\System32\kernel.appcore.dll
0x00007ffd5be90000 - 0x00007ffd5bea0000 	C:\Program Files\Java\jre1.8.0_261\bin\verify.dll
0x00007ffd4fbe0000 - 0x00007ffd4fc0b000 	C:\Program Files\Java\jre1.8.0_261\bin\java.dll
0x00007ffd3ba30000 - 0x00007ffd3ba48000 	C:\Program Files\Java\jre1.8.0_261\bin\zip.dll
0x00007ffd66750000 - 0x00007ffd67c55000 	C:\Windows\System32\SHELL32.dll
0x00007ffd65520000 - 0x00007ffd65bf9000 	C:\Windows\System32\windows.storage.dll
0x00007ffd654a0000 - 0x00007ffd654ec000 	C:\Windows\System32\powrprof.dll
0x00007ffd68b80000 - 0x00007ffd68bd2000 	C:\Windows\System32\shlwapi.dll
0x00007ffd65da0000 - 0x00007ffd65e49000 	C:\Windows\System32\shcore.dll
0x00007ffd654f0000 - 0x00007ffd65504000 	C:\Windows\System32\profapi.dll
0x00007ffd5be60000 - 0x00007ffd5be6d000 	C:\Program Files\Java\jre1.8.0_261\bin\management.dll
0x00007ffd3aa90000 - 0x00007ffd3aaac000 	C:\Program Files\Java\jre1.8.0_261\bin\net.dll
0x00007ffd64dc0000 - 0x00007ffd64e1c000 	C:\Windows\system32\mswsock.dll
0x00007ffd50ad0000 - 0x00007ffd50ae6000 	C:\Windows\system32\napinsp.dll
0x00007ffd50ab0000 - 0x00007ffd50aca000 	C:\Windows\system32\pnrpnsp.dll
0x00007ffd62e90000 - 0x00007ffd62ea8000 	C:\Windows\system32\NLAapi.dll
0x00007ffd64b80000 - 0x00007ffd64c21000 	C:\Windows\SYSTEM32\DNSAPI.dll
0x00007ffd67d10000 - 0x00007ffd67d18000 	C:\Windows\System32\NSI.dll
0x00007ffd64b40000 - 0x00007ffd64b78000 	C:\Windows\SYSTEM32\IPHLPAPI.DLL
0x00007ffd50a20000 - 0x00007ffd50a2e000 	C:\Windows\System32\winrnr.dll
0x00007ffd50a00000 - 0x00007ffd50a15000 	C:\Windows\System32\wshbth.dll
0x00007ffd510d0000 - 0x00007ffd510da000 	C:\Windows\System32\rasadhlp.dll
0x00007ffd57b70000 - 0x00007ffd57bda000 	C:\Windows\System32\fwpuclnt.dll
0x00007ffd65070000 - 0x00007ffd6509b000 	C:\Windows\SYSTEM32\bcrypt.dll
0x00007ffd3a500000 - 0x00007ffd3a513000 	C:\Program Files\Java\jre1.8.0_261\bin\nio.dll
0x00007ffd618d0000 - 0x00007ffd61a62000 	C:\Windows\SYSTEM32\dbghelp.dll

VM Arguments:
jvm_args: -Dfile.encoding=UTF-8 
java_command: finday.finday.FindayApplication
java_class_path (initial): D:\ITU\L3\S5\cloud\FINDAY\finday\target\classes;C:\Users\ASUS\.m2\repository\org\springframework\boot\spring-boot-starter-data-jpa\2.5.0-SNAPSHOT\spring-boot-starter-data-jpa-2.5.0-SNAPSHOT.jar;C:\Users\ASUS\.m2\repository\org\springframework\boot\spring-boot-starter-aop\2.5.0-SNAPSHOT\spring-boot-starter-aop-2.5.0-SNAPSHOT.jar;C:\Users\ASUS\.m2\repository\org\springframework\spring-aop\5.3.5-SNAPSHOT\spring-aop-5.3.5-SNAPSHOT.jar;C:\Users\ASUS\.m2\repository\org\aspectj\aspectjweaver\1.9.6\aspectjweaver-1.9.6.jar;C:\Users\ASUS\.m2\repository\org\springframework\boot\spring-boot-starter-jdbc\2.5.0-SNAPSHOT\spring-boot-starter-jdbc-2.5.0-SNAPSHOT.jar;C:\Users\ASUS\.m2\repository\com\zaxxer\HikariCP\4.0.2\HikariCP-4.0.2.jar;C:\Users\ASUS\.m2\repository\org\springframework\spring-jdbc\5.3.5-SNAPSHOT\spring-jdbc-5.3.5-SNAPSHOT.jar;C:\Users\ASUS\.m2\repository\jakarta\transaction\jakarta.transaction-api\1.3.3\jakarta.transaction-api-1.3.3.jar;C:\Users\ASUS\.m2\repository\jakarta\persistence\jakarta.persistence-api\2.2.3\jakarta.persistence-api-2.2.3.jar;C:\Users\ASUS\.m2\repository\org\hibernate\hibernate-core\5.4.28.Final\hibernate-core-5.4.28.Final.jar;C:\Users\ASUS\.m2\repository\org\jboss\logging\jboss-logging\3.4.1.Final\jboss-logging-3.4.1.Final.jar;C:\Users\ASUS\.m2\repository\org\javassist\javassist\3.27.0-GA\javassist-3.27.0-GA.jar;C:\Users\ASUS\.m2\repository\net\bytebuddy\byte-buddy\1.10.20\byte-buddy-1.10.20.jar;C:\Users\ASUS\.m2\repository\antlr\antlr\2.7.7\antlr-2.7.7.jar;C:\Users\ASUS\.m2\repository\org\jboss\jandex\2.2.3.Final\jandex-2.2.3.Final.jar;C:\Users\ASUS\.m2\repository\com\fasterxml\classmate\1.5.1\classmate-1.5.1.jar;C:\Users\ASUS\.m2\repository\org\dom4j\dom4j\2.1.3\dom4j-2.1.3.jar;C:\Users\ASUS\.m2\repository\org\hibernate\common\hibernate-commons-annotations\5.1.2.Final\hibernate-commons-annotations-5.1.2.Final.jar;C:\Users\ASUS\.m2\repository\org\glassfish\jaxb\jaxb-runtime\2.3.3\jaxb-runtime-2.3.3.jar;C:\Users\A
Launcher Type: SUN_STANDARD

Environment Variables:
JAVA_HOME=C:\Program Files\Java\jdk1.8.0_261
JRE_HOME=C:\Program Files\Java\jre1.8.0_261
CLASSPATH=.;C:\Program Files\Java\jdk1.7.0\jre\lib\ext\ojdbc6.jar;C:\apache-tomcat-8.5.46\lib\servlet-api.jar;C:\apache-tomcat-8.5.46\lib\catalina.jar;C:\Program Files\Weka-3-8-4\weka.jar;C:\Program Files\Weka-3-8-4\weka-src.jar;D:\ITU\L3\S5\programmation\javaLibrary\json-20201115.jar;D:\ITU\L3\S5\programmation\javaLibrary\json-simple-1.1.jar;D:\ITU\L3\S5\programmation\javaLibrary\sqljdbc4-chs-4.0.2206.100.jar;D:\ITU\L3\S5\programmation\javaLibrary\postgresql-42.2.5.jar
PATH=C:/Program Files/eclipse//plugins/org.eclipse.justj.openjdk.hotspot.jre.full.win32.x86_64_15.0.1.v20201027-0507/jre/bin/server;C:/Program Files/eclipse//plugins/org.eclipse.justj.openjdk.hotspot.jre.full.win32.x86_64_15.0.1.v20201027-0507/jre/bin;C:\oraclexe\app\oracle\product\11.2.0\server\bin;C:\Program Files (x86)\Common Files\Oracle\Java\javapath;C:\oraclexe\app\oracle\product\11.2.0\server\bin;C:\oraclexe\app\oracle\product\11.2.0\server\bin;C:\Windows\system32;C:\Windows;C:\Windows\System32\Wbem;C:\Windows\System32\WindowsPowerShell\v1.0\;C:\Program Files (x86)\NVIDIA Corporation\PhysX\Common;C:\Program Files\NVIDIA Corporation\NVIDIA NvDLISR;C:\Program Files\Java\jdk1.8.0_261\bin;C:\xampp\mysql\bin;C:\UwAmp\bin\database\mysql-5.7.11\bin;C:\Program Files\PostgreSQL\11\bin;C:\Windows\Microsoft.NET\Framework64\v4.0.30319;C:\Program Files\Microsoft SQL Server\Client SDK\ODBC\170\Tools\Binn\;C:\Program Files (x86)\Microsoft SQL Server\150\Tools\Binn\;C:\Program Files\Microsoft SQL Server\150\Tools\Binn\;C:\Program Files\Microsoft SQL Server\150\DTS\Binn\;C:\Program Files\Microsoft SQL Server\130\Tools\Binn\;C:\PostgreSQL\11\bin;C:\Program Files\Git\cmd;C:\sqlite;D:\ITU\L3\S5\programmation\javaLibrary\sqljdbc_6.0\enu\auth\x64;C:\ACE_wrappers\lib;C:\UwAmp\bin\php\php-7.0.3;C:\ProgramData\ComposerSetup\bin;C:\Users\ASUS\node_modules\npm\bin;C:\Program Files\nodejs\;C:\gradle-6.8.1\bin;C:\Program Files\PuTTY\;C:\Program Files\MongoDB\Server\4.4\bin;C:\Program Files\heroku\bin;C:\Users\ASUS\AppData\Roaming\Composer\vendor\bin;C:\Users\ASUS\AppData\Roaming\npm;C:\Users\ASUS\AppData\Local\Programs\Microsoft VS Code\bin;C:\Program Files\eclipse;
USERNAME=ASUS
OS=Windows_NT
PROCESSOR_IDENTIFIER=Intel64 Family 6 Model 61 Stepping 4, GenuineIntel



---------------  S Y S T E M  ---------------

OS: Windows 10.0 , 64 bit Build 14393 (10.0.14393.2906)

CPU:total 4 (initial active 4) (2 cores per cpu, 2 threads per core) family 6 model 61 stepping 4, cmov, cx8, fxsr, mmx, sse, sse2, sse3, ssse3, sse4.1, sse4.2, popcnt, avx, avx2, aes, clmul, erms, 3dnowpref, lzcnt, ht, tsc, tscinvbit, bmi1, bmi2, adx

Memory: 4k page, physical 8285744k(1672624k free), swap 10883960k(5472k free)

vm_info: Java HotSpot(TM) 64-Bit Server VM (25.261-b12) for windows-amd64 JRE (1.8.0_261-b12), built on Jun 18 2020 06:56:32 by "" with unknown MS VC++:1916

time: Thu Mar 18 22:38:33 2021
timezone: Afrique de l?Est
elapsed time: 3 seconds (0d 0h 0m 3s)

