#
# There is insufficient memory for the Java Runtime Environment to continue.
# Native memory allocation (malloc) failed to allocate 61072 bytes for Chunk::new
# Possible reasons:
#   The system is out of physical RAM or swap space
#   The process is running with CompressedOops enabled, and the Java Heap may be blocking the growth of the native heap
# Possible solutions:
#   Reduce memory load on the system
#   Increase physical memory or swap space
#   Check if swap backing store is full
#   Decrease Java heap size (-Xmx/-Xms)
#   Decrease number of Java threads
#   Decrease Java thread stack sizes (-Xss)
#   Set larger code cache with -XX:ReservedCodeCacheSize=
#   JVM is running with Unscaled Compressed Oops mode in which the Java heap is
#     placed in the first 4GB address space. The Java Heap base address is the
#     maximum limit for the native heap growth. Please use -XX:HeapBaseMinAddress
#     to set the Java Heap base and to place the Java Heap above 4GB virtual address.
# This output file may be truncated or incomplete.
#
#  Out of Memory Error (allocation.cpp:389), pid=16312, tid=0x00000000000011a8
#
# JRE version: Java(TM) SE Runtime Environment (8.0_261-b12) (build 1.8.0_261-b12)
# Java VM: Java HotSpot(TM) 64-Bit Server VM (25.261-b12 mixed mode windows-amd64 compressed oops)
# Failed to write core dump. Minidumps are not enabled by default on client versions of Windows
#

---------------  T H R E A D  ---------------

Current thread (0x00000252ebb3e800):  JavaThread "C2 CompilerThread0" daemon [_thread_in_native, id=4520, stack(0x000000df74400000,0x000000df74500000)]

Stack: [0x000000df74400000,0x000000df74500000]
Native frames: (J=compiled Java code, j=interpreted, Vv=VM code, C=native code)
V  [jvm.dll+0x33e5f9]
V  [jvm.dll+0x2850e2]
V  [jvm.dll+0x285d8d]
V  [jvm.dll+0x27c895]
V  [jvm.dll+0xe4d6c]
V  [jvm.dll+0xe556c]
V  [jvm.dll+0x461e47]
V  [jvm.dll+0x49cc3d]
V  [jvm.dll+0x450e26]
V  [jvm.dll+0x44eb84]
V  [jvm.dll+0x439bc7]
V  [jvm.dll+0xbbbcb]
V  [jvm.dll+0xba22b]
V  [jvm.dll+0x24d962]
V  [jvm.dll+0x2a1cfc]
C  [ucrtbase.dll+0x1cd70]
C  [KERNEL32.DLL+0x84d4]
C  [ntdll.dll+0x6e851]


Current CompileTask:
C2: 189156 5117   !   4       org.springframework.beans.factory.support.AbstractBeanFactory::doGetBean (832 bytes)


---------------  P R O C E S S  ---------------

Java Threads: ( => current thread )
  0x00000252f21ce800 JavaThread "http-nio-5555-Acceptor" daemon [_thread_in_native, id=14752, stack(0x000000df79800000,0x000000df79900000)]
  0x00000252f21ce000 JavaThread "http-nio-5555-ClientPoller" daemon [_thread_in_native, id=15012, stack(0x000000df79700000,0x000000df79800000)]
  0x00000252f21cd000 JavaThread "http-nio-5555-exec-10" daemon [_thread_blocked, id=12676, stack(0x000000df79600000,0x000000df79700000)]
  0x00000252f21cc800 JavaThread "http-nio-5555-exec-9" daemon [_thread_blocked, id=16824, stack(0x000000df79500000,0x000000df79600000)]
  0x00000252f21cb800 JavaThread "http-nio-5555-exec-8" daemon [_thread_blocked, id=4396, stack(0x000000df79400000,0x000000df79500000)]
  0x00000252f21cb000 JavaThread "http-nio-5555-exec-7" daemon [_thread_blocked, id=15588, stack(0x000000df79300000,0x000000df79400000)]
  0x00000252f21c8800 JavaThread "http-nio-5555-exec-6" daemon [_thread_blocked, id=16548, stack(0x000000df79200000,0x000000df79300000)]
  0x00000252f21ca000 JavaThread "http-nio-5555-exec-5" daemon [_thread_blocked, id=16724, stack(0x000000df79100000,0x000000df79200000)]
  0x00000252f21cf800 JavaThread "http-nio-5555-exec-4" daemon [_thread_blocked, id=16040, stack(0x000000df79000000,0x000000df79100000)]
  0x00000252f21c8000 JavaThread "http-nio-5555-exec-3" daemon [_thread_blocked, id=7000, stack(0x000000df78f00000,0x000000df79000000)]
  0x00000252f21c9800 JavaThread "http-nio-5555-exec-2" daemon [_thread_blocked, id=14796, stack(0x000000df78e00000,0x000000df78f00000)]
  0x00000252f21c0000 JavaThread "http-nio-5555-exec-1" daemon [_thread_blocked, id=16436, stack(0x000000df78d00000,0x000000df78e00000)]
  0x00000252f21c5000 JavaThread "http-nio-5555-BlockPoller" daemon [_thread_in_native, id=11524, stack(0x000000df78c00000,0x000000df78d00000)]
  0x00000252f21c3000 JavaThread "File Watcher" daemon [_thread_blocked, id=16588, stack(0x000000df78b00000,0x000000df78c00000)]
  0x00000252f21c7000 JavaThread "container-0" [_thread_blocked, id=10404, stack(0x000000df78900000,0x000000df78a00000)]
  0x00000252f21c1800 JavaThread "Catalina-utility-2" [_thread_blocked, id=3120, stack(0x000000df78800000,0x000000df78900000)]
  0x00000252f21c1000 JavaThread "Catalina-utility-1" [_thread_blocked, id=13028, stack(0x000000df78700000,0x000000df78800000)]
  0x00000252f21c6800 JavaThread "HikariPool-3 housekeeper" daemon [_thread_blocked, id=15280, stack(0x000000df78600000,0x000000df78700000)]
  0x00000252ee33f000 JavaThread "DestroyJavaVM" [_thread_blocked, id=16524, stack(0x000000df73a00000,0x000000df73b00000)]
  0x00000252ee333000 JavaThread "Live Reload Server" daemon [_thread_in_native, id=16944, stack(0x000000df75800000,0x000000df75900000)]
  0x00000252ebbbc800 JavaThread "Service Thread" daemon [_thread_blocked, id=17072, stack(0x000000df74700000,0x000000df74800000)]
  0x00000252ebb6b800 JavaThread "C1 CompilerThread2" daemon [_thread_blocked, id=17148, stack(0x000000df74600000,0x000000df74700000)]
  0x00000252ebb46000 JavaThread "C2 CompilerThread1" daemon [_thread_blocked, id=7968, stack(0x000000df74500000,0x000000df74600000)]
=>0x00000252ebb3e800 JavaThread "C2 CompilerThread0" daemon [_thread_in_native, id=4520, stack(0x000000df74400000,0x000000df74500000)]
  0x00000252ebb3d000 JavaThread "Attach Listener" daemon [_thread_blocked, id=7848, stack(0x000000df74300000,0x000000df74400000)]
  0x00000252ebb3c800 JavaThread "Signal Dispatcher" daemon [_thread_blocked, id=14396, stack(0x000000df74200000,0x000000df74300000)]
  0x00000252ebb0b800 JavaThread "Finalizer" daemon [_thread_blocked, id=13512, stack(0x000000df74100000,0x000000df74200000)]
  0x00000252ebae5000 JavaThread "Reference Handler" daemon [_thread_blocked, id=16936, stack(0x000000df74000000,0x000000df74100000)]

Other Threads:
  0x00000252ebae3000 VMThread [stack: 0x000000df73f00000,0x000000df74000000] [id=16708]
  0x00000252ebbc2000 WatcherThread [stack: 0x000000df74800000,0x000000df74900000] [id=10952]

VM state:not at safepoint (normal execution)

VM Mutex/Monitor currently owned by a thread: None

heap address: 0x0000000081800000, size: 2024 MB, Compressed Oops mode: 32-bit
Narrow klass base: 0x0000000000000000, Narrow klass shift: 3
Compressed class space size: 1073741824 Address: 0x0000000100000000

Heap:
 PSYoungGen      total 332800K, used 138291K [0x00000000d5d80000, 0x00000000eb280000, 0x0000000100000000)
  eden space 316416K, 43% used [0x00000000d5d80000,0x00000000de48cfd8,0x00000000e9280000)
  from space 16384K, 0% used [0x00000000ea280000,0x00000000ea280000,0x00000000eb280000)
  to   space 16384K, 0% used [0x00000000e9280000,0x00000000e9280000,0x00000000ea280000)
 ParOldGen       total 73728K, used 14983K [0x0000000081800000, 0x0000000086000000, 0x00000000d5d80000)
  object space 73728K, 20% used [0x0000000081800000,0x00000000826a1fc0,0x0000000086000000)
 Metaspace       used 49772K, capacity 52732K, committed 52992K, reserved 1095680K
  class space    used 6540K, capacity 7044K, committed 7168K, reserved 1048576K

Card table byte_map: [0x00000252e60f0000,0x00000252e64f0000] byte_map_base: 0x00000252e5ce4000

Marking Bits: (ParMarkBitMap*) 0x0000000067a64fb0
 Begin Bits: [0x00000252e67a0000, 0x00000252e8740000)
 End Bits:   [0x00000252e8740000, 0x00000252ea6e0000)

Polling page: 0x00000252d5540000

CodeCache: size=245760Kb used=17187Kb max_used=17194Kb free=228572Kb
 bounds [0x00000252d6d30000, 0x00000252d7e20000, 0x00000252e5d30000]
 total_blobs=4873 nmethods=4366 adapters=418
 compilation: enabled

Compilation events (10 events):
Event: 188.892 Thread 0x00000252ebb6b800 5128       3       org.springframework.web.servlet.mvc.condition.AbstractRequestCondition::hashCode (10 bytes)
Event: 188.892 Thread 0x00000252ebb6b800 nmethod 5128 0x00000252d7d911d0 code [0x00000252d7d91340, 0x00000252d7d91620]
Event: 188.892 Thread 0x00000252ebb6b800 5129       3       java.lang.Double::compare (54 bytes)
Event: 188.892 Thread 0x00000252ebb46000 5131       4       org.springframework.beans.factory.support.AbstractAutowireCapableBeanFactory::getObjectForBeanInstance (34 bytes)
Event: 188.893 Thread 0x00000252ebb6b800 nmethod 5129 0x00000252d7d90a10 code [0x00000252d7d90ba0, 0x00000252d7d910b8]
Event: 188.893 Thread 0x00000252ebb6b800 5130       1       org.springframework.util.LinkedCaseInsensitiveMap::getLocale (5 bytes)
Event: 188.893 Thread 0x00000252ebb6b800 nmethod 5130 0x00000252d7d90750 code [0x00000252d7d908a0, 0x00000252d7d909b8]
Event: 188.920 Thread 0x00000252ebb46000 nmethod 5131 0x00000252d7d8b250 code [0x00000252d7d8b440, 0x00000252d7d8bf60]
Event: 188.920 Thread 0x00000252ebb46000 5132       4       org.springframework.beans.factory.support.AbstractBeanFactory::getObjectForBeanInstance (161 bytes)
Event: 188.927 Thread 0x00000252ebb46000 nmethod 5132 0x00000252d7d8a990 code [0x00000252d7d8ab20, 0x00000252d7d8aeb0]

GC Heap History (10 events):
Event: 15.114 GC heap before
{Heap before GC invocations=10 (full 2):
 PSYoungGen      total 236032K, used 9643K [0x00000000d5d80000, 0x00000000e5080000, 0x0000000100000000)
  eden space 224256K, 0% used [0x00000000d5d80000,0x00000000d5d80000,0x00000000e3880000)
  from space 11776K, 81% used [0x00000000e4500000,0x00000000e4e6ae40,0x00000000e5080000)
  to   space 12288K, 0% used [0x00000000e3880000,0x00000000e3880000,0x00000000e4480000)
 ParOldGen       total 51712K, used 7400K [0x0000000081800000, 0x0000000084a80000, 0x00000000d5d80000)
  object space 51712K, 14% used [0x0000000081800000,0x0000000081f3a048,0x0000000084a80000)
 Metaspace       used 33330K, capacity 35238K, committed 35416K, reserved 1081344K
  class space    used 4244K, capacity 4592K, committed 4608K, reserved 1048576K
Event: 15.200 GC heap after
Heap after GC invocations=10 (full 2):
 PSYoungGen      total 236032K, used 0K [0x00000000d5d80000, 0x00000000e5080000, 0x0000000100000000)
  eden space 224256K, 0% used [0x00000000d5d80000,0x00000000d5d80000,0x00000000e3880000)
  from space 11776K, 0% used [0x00000000e4500000,0x00000000e4500000,0x00000000e5080000)
  to   space 12288K, 0% used [0x00000000e3880000,0x00000000e3880000,0x00000000e4480000)
 ParOldGen       total 73728K, used 14310K [0x0000000081800000, 0x0000000086000000, 0x00000000d5d80000)
  object space 73728K, 19% used [0x0000000081800000,0x00000000825f9b40,0x0000000086000000)
 Metaspace       used 33330K, capacity 35238K, committed 35416K, reserved 1081344K
  class space    used 4244K, capacity 4592K, committed 4608K, reserved 1048576K
}
Event: 169.286 GC heap before
{Heap before GC invocations=11 (full 2):
 PSYoungGen      total 236032K, used 154607K [0x00000000d5d80000, 0x00000000e5080000, 0x0000000100000000)
  eden space 224256K, 68% used [0x00000000d5d80000,0x00000000df47be38,0x00000000e3880000)
  from space 11776K, 0% used [0x00000000e4500000,0x00000000e4500000,0x00000000e5080000)
  to   space 12288K, 0% used [0x00000000e3880000,0x00000000e3880000,0x00000000e4480000)
 ParOldGen       total 73728K, used 14310K [0x0000000081800000, 0x0000000086000000, 0x00000000d5d80000)
  object space 73728K, 19% used [0x0000000081800000,0x00000000825f9b40,0x0000000086000000)
 Metaspace       used 48995K, capacity 51672K, committed 51840K, reserved 1093632K
  class space    used 6517K, capacity 6983K, committed 7040K, reserved 1048576K
Event: 169.309 GC heap after
Heap after GC invocations=11 (full 2):
 PSYoungGen      total 236544K, used 12276K [0x00000000d5d80000, 0x00000000eb280000, 0x0000000100000000)
  eden space 224256K, 0% used [0x00000000d5d80000,0x00000000d5d80000,0x00000000e3880000)
  from space 12288K, 99% used [0x00000000e3880000,0x00000000e447d258,0x00000000e4480000)
  to   space 16384K, 0% used [0x00000000ea280000,0x00000000ea280000,0x00000000eb280000)
 ParOldGen       total 73728K, used 19500K [0x0000000081800000, 0x0000000086000000, 0x00000000d5d80000)
  object space 73728K, 26% used [0x0000000081800000,0x0000000082b0b058,0x0000000086000000)
 Metaspace       used 48995K, capacity 51672K, committed 51840K, reserved 1093632K
  class space    used 6517K, capacity 6983K, committed 7040K, reserved 1048576K
}
Event: 169.309 GC heap before
{Heap before GC invocations=12 (full 3):
 PSYoungGen      total 236544K, used 12276K [0x00000000d5d80000, 0x00000000eb280000, 0x0000000100000000)
  eden space 224256K, 0% used [0x00000000d5d80000,0x00000000d5d80000,0x00000000e3880000)
  from space 12288K, 99% used [0x00000000e3880000,0x00000000e447d258,0x00000000e4480000)
  to   space 16384K, 0% used [0x00000000ea280000,0x00000000ea280000,0x00000000eb280000)
 ParOldGen       total 73728K, used 19500K [0x0000000081800000, 0x0000000086000000, 0x00000000d5d80000)
  object space 73728K, 26% used [0x0000000081800000,0x0000000082b0b058,0x0000000086000000)
 Metaspace       used 48995K, capacity 51672K, committed 51840K, reserved 1093632K
  class space    used 6517K, capacity 6983K, committed 7040K, reserved 1048576K
Event: 169.423 GC heap after
Heap after GC invocations=12 (full 3):
 PSYoungGen      total 236544K, used 0K [0x00000000d5d80000, 0x00000000eb280000, 0x0000000100000000)
  eden space 224256K, 0% used [0x00000000d5d80000,0x00000000d5d80000,0x00000000e3880000)
  from space 12288K, 0% used [0x00000000e3880000,0x00000000e3880000,0x00000000e4480000)
  to   space 16384K, 0% used [0x00000000ea280000,0x00000000ea280000,0x00000000eb280000)
 ParOldGen       total 73728K, used 25204K [0x0000000081800000, 0x0000000086000000, 0x00000000d5d80000)
  object space 73728K, 34% used [0x0000000081800000,0x000000008309d150,0x0000000086000000)
 Metaspace       used 48995K, capacity 51672K, committed 51840K, reserved 1093632K
  class space    used 6517K, capacity 6983K, committed 7040K, reserved 1048576K
}
Event: 178.270 GC heap before
{Heap before GC invocations=13 (full 3):
 PSYoungGen      total 236544K, used 132922K [0x00000000d5d80000, 0x00000000eb280000, 0x0000000100000000)
  eden space 224256K, 59% used [0x00000000d5d80000,0x00000000ddf4ea88,0x00000000e3880000)
  from space 12288K, 0% used [0x00000000e3880000,0x00000000e3880000,0x00000000e4480000)
  to   space 16384K, 0% used [0x00000000ea280000,0x00000000ea280000,0x00000000eb280000)
 ParOldGen       total 73728K, used 25204K [0x0000000081800000, 0x0000000086000000, 0x00000000d5d80000)
  object space 73728K, 34% used [0x0000000081800000,0x000000008309d150,0x0000000086000000)
 Metaspace       used 49354K, capacity 52154K, committed 52352K, reserved 1095680K
  class space    used 6528K, capacity 6999K, committed 7040K, reserved 1048576K
Event: 178.276 GC heap after
Heap after GC invocations=13 (full 3):
 PSYoungGen      total 332800K, used 3176K [0x00000000d5d80000, 0x00000000eb280000, 0x0000000100000000)
  eden space 316416K, 0% used [0x00000000d5d80000,0x00000000d5d80000,0x00000000e9280000)
  from space 16384K, 19% used [0x00000000ea280000,0x00000000ea59a2a0,0x00000000eb280000)
  to   space 16384K, 0% used [0x00000000e9280000,0x00000000e9280000,0x00000000ea280000)
 ParOldGen       total 73728K, used 25204K [0x0000000081800000, 0x0000000086000000, 0x00000000d5d80000)
  object space 73728K, 34% used [0x0000000081800000,0x000000008309d150,0x0000000086000000)
 Metaspace       used 49354K, capacity 52154K, committed 52352K, reserved 1095680K
  class space    used 6528K, capacity 6999K, committed 7040K, reserved 1048576K
}
Event: 178.276 GC heap before
{Heap before GC invocations=14 (full 4):
 PSYoungGen      total 332800K, used 3176K [0x00000000d5d80000, 0x00000000eb280000, 0x0000000100000000)
  eden space 316416K, 0% used [0x00000000d5d80000,0x00000000d5d80000,0x00000000e9280000)
  from space 16384K, 19% used [0x00000000ea280000,0x00000000ea59a2a0,0x00000000eb280000)
  to   space 16384K, 0% used [0x00000000e9280000,0x00000000e9280000,0x00000000ea280000)
 ParOldGen       total 73728K, used 25204K [0x0000000081800000, 0x0000000086000000, 0x00000000d5d80000)
  object space 73728K, 34% used [0x0000000081800000,0x000000008309d150,0x0000000086000000)
 Metaspace       used 49354K, capacity 52154K, committed 52352K, reserved 1095680K
  class space    used 6528K, capacity 6999K, committed 7040K, reserved 1048576K
Event: 178.490 GC heap after
Heap after GC invocations=14 (full 4):
 PSYoungGen      total 332800K, used 0K [0x00000000d5d80000, 0x00000000eb280000, 0x0000000100000000)
  eden space 316416K, 0% used [0x00000000d5d80000,0x00000000d5d80000,0x00000000e9280000)
  from space 16384K, 0% used [0x00000000ea280000,0x00000000ea280000,0x00000000eb280000)
  to   space 16384K, 0% used [0x00000000e9280000,0x00000000e9280000,0x00000000ea280000)
 ParOldGen       total 73728K, used 14983K [0x0000000081800000, 0x0000000086000000, 0x00000000d5d80000)
  object space 73728K, 20% used [0x0000000081800000,0x00000000826a1fc0,0x0000000086000000)
 Metaspace       used 49354K, capacity 52154K, committed 52352K, reserved 1095680K
  class space    used 6528K, capacity 6999K, committed 7040K, reserved 1048576K
}

Deoptimization events (10 events):
Event: 169.661 Thread 0x00000252ee336000 Uncommon trap: reason=unstable_if action=reinterpret pc=0x00000252d726511c method=org.springframework.boot.autoconfigure.AutoConfigurationSorter$AutoConfigurationClass.getBefore()Ljava/util/Set; @ 4
Event: 169.979 Thread 0x00000252ee336000 Uncommon trap: reason=null_check action=make_not_entrant pc=0x00000252d7430d04 method=java.lang.Class.isAnnotation()Z @ 1
Event: 170.100 Thread 0x00000252ee336000 Uncommon trap: reason=bimorphic action=maybe_recompile pc=0x00000252d7221e4c method=java.util.Collections$SetFromMap.contains(Ljava/lang/Object;)Z @ 5
Event: 170.525 Thread 0x00000252ee336000 Uncommon trap: reason=class_check action=maybe_recompile pc=0x00000252d776f750 method=java.lang.reflect.Method.equals(Ljava/lang/Object;)Z @ 5
Event: 170.534 Thread 0x00000252ee336000 Uncommon trap: reason=bimorphic action=maybe_recompile pc=0x00000252d7221e4c method=java.util.Collections$SetFromMap.contains(Ljava/lang/Object;)Z @ 5
Event: 170.736 Thread 0x00000252ee336000 Uncommon trap: reason=predicate action=maybe_recompile pc=0x00000252d78ff084 method=org.springframework.boot.context.properties.source.ConfigurationPropertyName.fastElementEquals(Lorg/springframework/boot/context/properties/source/ConfigurationPropertyNam
Event: 170.736 Thread 0x00000252ee336000 Uncommon trap: reason=class_check action=maybe_recompile pc=0x00000252d71046bc method=org.springframework.boot.context.properties.source.ConfigurationPropertyName$Elements.charAt(II)C @ 43
Event: 170.736 Thread 0x00000252ee336000 Uncommon trap: reason=class_check action=maybe_recompile pc=0x00000252d71046bc method=org.springframework.boot.context.properties.source.ConfigurationPropertyName$Elements.charAt(II)C @ 43
Event: 178.496 Thread 0x00000252f21c2800 Uncommon trap: reason=null_check action=make_not_entrant pc=0x00000252d7555dac method=java.lang.ClassLoader.checkCerts(Ljava/lang/String;Ljava/security/CodeSource;)V @ 64
Event: 179.731 Thread 0x00000252f21c2800 Uncommon trap: reason=bimorphic action=maybe_recompile pc=0x00000252d7221e4c method=java.util.Collections$SetFromMap.contains(Ljava/lang/Object;)Z @ 5

Classes redefined (0 events):
No events

Internal exceptions (10 events):
Event: 170.363 Thread 0x00000252ee336000 Exception <a 'java/io/FileNotFoundException'> (0x00000000db333da8) thrown at [C:\jenkins\workspace\8-2-build-windows-amd64-cygwin\jdk8u261\295\hotspot\src\share\vm\prims\jni.cpp, line 710]
Event: 170.452 Thread 0x00000252ee336000 Exception <a 'java/io/FileNotFoundException'> (0x00000000db86af38) thrown at [C:\jenkins\workspace\8-2-build-windows-amd64-cygwin\jdk8u261\295\hotspot\src\share\vm\prims\jni.cpp, line 710]
Event: 178.039 Thread 0x00000252ee334800 Exception <a 'java/lang/InterruptedException': sleep interrupted> (0x00000000ddd1e070) thrown at [C:\jenkins\workspace\8-2-build-windows-amd64-cygwin\jdk8u261\295\hotspot\src\share\vm\prims\jvm.cpp, line 3346]
Event: 178.496 Thread 0x00000252f21c2800 Implicit null exception at 0x00000252d7555977 to 0x00000252d7555d9d
Event: 178.513 Thread 0x00000252f21c2800 Exception <a 'java/io/FileNotFoundException'> (0x00000000d6432400) thrown at [C:\jenkins\workspace\8-2-build-windows-amd64-cygwin\jdk8u261\295\hotspot\src\share\vm\prims\jni.cpp, line 710]
Event: 179.671 Thread 0x00000252f21c2800 Exception <a 'java/lang/NoClassDefFoundError': org/flywaydb/core/Flyway> (0x00000000d873c9f0) thrown at [C:\jenkins\workspace\8-2-build-windows-amd64-cygwin\jdk8u261\295\hotspot\src\share\vm\oops\constantPool.cpp, line 245]
Event: 179.671 Thread 0x00000252f21c2800 Exception <a 'java/lang/NoClassDefFoundError': liquibase/integration/spring/SpringLiquibase> (0x00000000d873cc78) thrown at [C:\jenkins\workspace\8-2-build-windows-amd64-cygwin\jdk8u261\295\hotspot\src\share\vm\oops\constantPool.cpp, line 245]
Event: 179.678 Thread 0x00000252f21c2800 Exception <a 'java/lang/NoClassDefFoundError': org/jooq/DSLContext> (0x00000000d87737b0) thrown at [C:\jenkins\workspace\8-2-build-windows-amd64-cygwin\jdk8u261\295\hotspot\src\share\vm\oops\constantPool.cpp, line 245]
Event: 179.874 Thread 0x00000252f21c2800 Exception <a 'java/io/FileNotFoundException'> (0x00000000db2dfe08) thrown at [C:\jenkins\workspace\8-2-build-windows-amd64-cygwin\jdk8u261\295\hotspot\src\share\vm\prims\jni.cpp, line 710]
Event: 180.084 Thread 0x00000252f21c2800 Exception <a 'java/io/FileNotFoundException'> (0x00000000db9a3f60) thrown at [C:\jenkins\workspace\8-2-build-windows-amd64-cygwin\jdk8u261\295\hotspot\src\share\vm\prims\jni.cpp, line 710]

Events (10 events):
Event: 188.922 loading class groovy/text$TemplateEngine
Event: 188.922 loading class groovy/text$TemplateEngine done
Event: 188.924 loading class org/thymeleaf/spring5/SpringTemplateEngine
Event: 188.924 loading class org/thymeleaf/spring5/SpringTemplateEngine done
Event: 188.927 loading class org/thymeleaf/spring5$SpringTemplateEngine
Event: 188.927 loading class org/thymeleaf/spring5$SpringTemplateEngine done
Event: 188.930 loading class org/apache/jasper/compiler/JspConfig
Event: 188.930 loading class org/apache/jasper/compiler/JspConfig done
Event: 188.933 loading class org/apache/jasper/compiler$JspConfig
Event: 188.933 loading class org/apache/jasper/compiler$JspConfig done


Dynamic libraries:
0x00007ff66b4f0000 - 0x00007ff66b537000 	C:\Program Files\Java\jre1.8.0_261\bin\javaw.exe
0x00007ff9f9980000 - 0x00007ff9f9b50000 	C:\Windows\SYSTEM32\ntdll.dll
0x00007ff9f70e0000 - 0x00007ff9f718b000 	C:\Windows\System32\KERNEL32.DLL
0x00007ff9f6240000 - 0x00007ff9f645d000 	C:\Windows\System32\KERNELBASE.dll
0x00007ff9f8850000 - 0x00007ff9f88f2000 	C:\Windows\System32\ADVAPI32.dll
0x00007ff9f8900000 - 0x00007ff9f899e000 	C:\Windows\System32\msvcrt.dll
0x00007ff9f8fd0000 - 0x00007ff9f9029000 	C:\Windows\System32\sechost.dll
0x00007ff9f8ea0000 - 0x00007ff9f8fc1000 	C:\Windows\System32\RPCRT4.dll
0x00007ff9f9810000 - 0x00007ff9f9975000 	C:\Windows\System32\USER32.dll
0x00007ff9f6e40000 - 0x00007ff9f6e5e000 	C:\Windows\System32\win32u.dll
0x00007ff9f9030000 - 0x00007ff9f9064000 	C:\Windows\System32\GDI32.dll
0x00007ff9f6460000 - 0x00007ff9f65e1000 	C:\Windows\System32\gdi32full.dll
0x00007ff9ea000000 - 0x00007ff9ea27a000 	C:\Windows\WinSxS\amd64_microsoft.windows.common-controls_6595b64144ccf1df_6.0.14393.2848_none_7ddecd5e83436d8c\COMCTL32.dll
0x00007ff9f9510000 - 0x00007ff9f97d5000 	C:\Windows\System32\combase.dll
0x00007ff9f6cd0000 - 0x00007ff9f6dc4000 	C:\Windows\System32\ucrtbase.dll
0x00007ff9f6dd0000 - 0x00007ff9f6e3a000 	C:\Windows\System32\bcryptPrimitives.dll
0x00007ff9f97e0000 - 0x00007ff9f980e000 	C:\Windows\System32\IMM32.DLL
0x00007ff9e0190000 - 0x00007ff9e01a5000 	C:\Program Files\Java\jre1.8.0_261\bin\vcruntime140.dll
0x00007ff9c9000000 - 0x00007ff9c909b000 	C:\Program Files\Java\jre1.8.0_261\bin\msvcp140.dll
0x0000000067270000 - 0x0000000067adc000 	C:\Program Files\Java\jre1.8.0_261\bin\server\jvm.dll
0x00007ff9f70d0000 - 0x00007ff9f70d8000 	C:\Windows\System32\PSAPI.DLL
0x00007ff9f22e0000 - 0x00007ff9f22e9000 	C:\Windows\SYSTEM32\WSOCK32.dll
0x00007ff9f8b50000 - 0x00007ff9f8bba000 	C:\Windows\System32\WS2_32.dll
0x00007ff9f43c0000 - 0x00007ff9f43e3000 	C:\Windows\SYSTEM32\WINMM.dll
0x00007ff9f0ae0000 - 0x00007ff9f0aea000 	C:\Windows\SYSTEM32\VERSION.dll
0x00007ff9f4360000 - 0x00007ff9f438b000 	C:\Windows\SYSTEM32\WINMMBASE.dll
0x00007ff9f61f0000 - 0x00007ff9f6232000 	C:\Windows\System32\cfgmgr32.dll
0x00007ff9f5e40000 - 0x00007ff9f5e4f000 	C:\Windows\System32\kernel.appcore.dll
0x00007ff9f4340000 - 0x00007ff9f4350000 	C:\Program Files\Java\jre1.8.0_261\bin\verify.dll
0x00007ff9e0160000 - 0x00007ff9e018b000 	C:\Program Files\Java\jre1.8.0_261\bin\java.dll
0x00007ff9c8fe0000 - 0x00007ff9c8ff8000 	C:\Program Files\Java\jre1.8.0_261\bin\zip.dll
0x00007ff9f7340000 - 0x00007ff9f8845000 	C:\Windows\System32\SHELL32.dll
0x00007ff9f65f0000 - 0x00007ff9f6cc9000 	C:\Windows\System32\windows.storage.dll
0x00007ff9f5df0000 - 0x00007ff9f5e3c000 	C:\Windows\System32\powrprof.dll
0x00007ff9f94b0000 - 0x00007ff9f9502000 	C:\Windows\System32\shlwapi.dll
0x00007ff9f5e70000 - 0x00007ff9f5f19000 	C:\Windows\System32\shcore.dll
0x00007ff9f5e50000 - 0x00007ff9f5e64000 	C:\Windows\System32\profapi.dll
0x00007ff9ed5c0000 - 0x00007ff9ed5cd000 	C:\Program Files\Java\jre1.8.0_261\bin\management.dll
0x00007ff9c8fc0000 - 0x00007ff9c8fdc000 	C:\Program Files\Java\jre1.8.0_261\bin\net.dll
0x00007ff9f5710000 - 0x00007ff9f576c000 	C:\Windows\system32\mswsock.dll
0x00007ff9e12a0000 - 0x00007ff9e12b6000 	C:\Windows\system32\napinsp.dll
0x00007ff9e1280000 - 0x00007ff9e129a000 	C:\Windows\system32\pnrpnsp.dll
0x00007ff9f36a0000 - 0x00007ff9f36b8000 	C:\Windows\system32\NLAapi.dll
0x00007ff9f54d0000 - 0x00007ff9f5571000 	C:\Windows\SYSTEM32\DNSAPI.dll
0x00007ff9f7330000 - 0x00007ff9f7338000 	C:\Windows\System32\NSI.dll
0x00007ff9f5490000 - 0x00007ff9f54c8000 	C:\Windows\SYSTEM32\IPHLPAPI.DLL
0x00007ff9e1270000 - 0x00007ff9e127e000 	C:\Windows\System32\winrnr.dll
0x00007ff9e0f40000 - 0x00007ff9e0f55000 	C:\Windows\System32\wshbth.dll
0x00007ff9e2d30000 - 0x00007ff9e2d3a000 	C:\Windows\System32\rasadhlp.dll
0x00007ff9e8b00000 - 0x00007ff9e8b6a000 	C:\Windows\System32\fwpuclnt.dll
0x00007ff9f59c0000 - 0x00007ff9f59eb000 	C:\Windows\SYSTEM32\bcrypt.dll
0x00007ff9c8fa0000 - 0x00007ff9c8fb3000 	C:\Program Files\Java\jre1.8.0_261\bin\nio.dll
0x00007ff9f58b0000 - 0x00007ff9f58c7000 	C:\Windows\SYSTEM32\CRYPTSP.dll
0x00007ff9f5310000 - 0x00007ff9f5343000 	C:\Windows\system32\rsaenh.dll
0x00007ff9f5590000 - 0x00007ff9f55af000 	C:\Windows\SYSTEM32\USERENV.dll
0x00007ff9f58d0000 - 0x00007ff9f58db000 	C:\Windows\SYSTEM32\CRYPTBASE.dll
0x00007ff9f1090000 - 0x00007ff9f10a6000 	C:\Windows\SYSTEM32\dhcpcsvc6.DLL
0x00007ff9f1140000 - 0x00007ff9f115a000 	C:\Windows\SYSTEM32\dhcpcsvc.DLL
0x00007ff9f18a0000 - 0x00007ff9f1a32000 	C:\Windows\SYSTEM32\dbghelp.dll

VM Arguments:
jvm_args: -Dfile.encoding=UTF-8 
java_command: finday.finday.FindayApplication
java_class_path (initial): D:\ITU\L3\S5\cloud\FINDAY\finday\target\classes;C:\Users\ASUS\.m2\repository\org\springframework\boot\spring-boot-starter-data-jpa\2.5.0-SNAPSHOT\spring-boot-starter-data-jpa-2.5.0-SNAPSHOT.jar;C:\Users\ASUS\.m2\repository\org\springframework\boot\spring-boot-starter-aop\2.5.0-SNAPSHOT\spring-boot-starter-aop-2.5.0-SNAPSHOT.jar;C:\Users\ASUS\.m2\repository\org\springframework\spring-aop\5.3.5-SNAPSHOT\spring-aop-5.3.5-SNAPSHOT.jar;C:\Users\ASUS\.m2\repository\org\aspectj\aspectjweaver\1.9.6\aspectjweaver-1.9.6.jar;C:\Users\ASUS\.m2\repository\org\springframework\boot\spring-boot-starter-jdbc\2.5.0-SNAPSHOT\spring-boot-starter-jdbc-2.5.0-SNAPSHOT.jar;C:\Users\ASUS\.m2\repository\com\zaxxer\HikariCP\4.0.2\HikariCP-4.0.2.jar;C:\Users\ASUS\.m2\repository\org\springframework\spring-jdbc\5.3.5-SNAPSHOT\spring-jdbc-5.3.5-SNAPSHOT.jar;C:\Users\ASUS\.m2\repository\jakarta\transaction\jakarta.transaction-api\1.3.3\jakarta.transaction-api-1.3.3.jar;C:\Users\ASUS\.m2\repository\jakarta\persistence\jakarta.persistence-api\2.2.3\jakarta.persistence-api-2.2.3.jar;C:\Users\ASUS\.m2\repository\org\hibernate\hibernate-core\5.4.28.Final\hibernate-core-5.4.28.Final.jar;C:\Users\ASUS\.m2\repository\org\jboss\logging\jboss-logging\3.4.1.Final\jboss-logging-3.4.1.Final.jar;C:\Users\ASUS\.m2\repository\org\javassist\javassist\3.27.0-GA\javassist-3.27.0-GA.jar;C:\Users\ASUS\.m2\repository\net\bytebuddy\byte-buddy\1.10.20\byte-buddy-1.10.20.jar;C:\Users\ASUS\.m2\repository\antlr\antlr\2.7.7\antlr-2.7.7.jar;C:\Users\ASUS\.m2\repository\org\jboss\jandex\2.2.3.Final\jandex-2.2.3.Final.jar;C:\Users\ASUS\.m2\repository\com\fasterxml\classmate\1.5.1\classmate-1.5.1.jar;C:\Users\ASUS\.m2\repository\org\dom4j\dom4j\2.1.3\dom4j-2.1.3.jar;C:\Users\ASUS\.m2\repository\org\hibernate\common\hibernate-commons-annotations\5.1.2.Final\hibernate-commons-annotations-5.1.2.Final.jar;C:\Users\ASUS\.m2\repository\org\glassfish\jaxb\jaxb-runtime\2.3.3\jaxb-runtime-2.3.3.jar;C:\Users\A
Launcher Type: SUN_STANDARD

Environment Variables:
JAVA_HOME=C:\Program Files\Java\jdk1.8.0_261
JRE_HOME=C:\Program Files\Java\jre1.8.0_261
CLASSPATH=.;C:\Program Files\Java\jdk1.7.0\jre\lib\ext\ojdbc6.jar;C:\apache-tomcat-8.5.46\lib\servlet-api.jar;C:\apache-tomcat-8.5.46\lib\catalina.jar;C:\Program Files\Weka-3-8-4\weka.jar;C:\Program Files\Weka-3-8-4\weka-src.jar;D:\ITU\L3\S5\programmation\javaLibrary\json-20201115.jar;D:\ITU\L3\S5\programmation\javaLibrary\json-simple-1.1.jar;D:\ITU\L3\S5\programmation\javaLibrary\sqljdbc4-chs-4.0.2206.100.jar;D:\ITU\L3\S5\programmation\javaLibrary\postgresql-42.2.5.jar
PATH=C:/Program Files/eclipse//plugins/org.eclipse.justj.openjdk.hotspot.jre.full.win32.x86_64_15.0.1.v20201027-0507/jre/bin/server;C:/Program Files/eclipse//plugins/org.eclipse.justj.openjdk.hotspot.jre.full.win32.x86_64_15.0.1.v20201027-0507/jre/bin;C:\oraclexe\app\oracle\product\11.2.0\server\bin;C:\Program Files (x86)\Common Files\Oracle\Java\javapath;C:\oraclexe\app\oracle\product\11.2.0\server\bin;C:\oraclexe\app\oracle\product\11.2.0\server\bin;C:\Windows\system32;C:\Windows;C:\Windows\System32\Wbem;C:\Windows\System32\WindowsPowerShell\v1.0\;C:\Program Files (x86)\NVIDIA Corporation\PhysX\Common;C:\Program Files\NVIDIA Corporation\NVIDIA NvDLISR;C:\Program Files\Java\jdk1.8.0_261\bin;C:\xampp\mysql\bin;C:\UwAmp\bin\database\mysql-5.7.11\bin;C:\Program Files\PostgreSQL\11\bin;C:\Windows\Microsoft.NET\Framework64\v4.0.30319;C:\Program Files\Microsoft SQL Server\Client SDK\ODBC\170\Tools\Binn\;C:\Program Files (x86)\Microsoft SQL Server\150\Tools\Binn\;C:\Program Files\Microsoft SQL Server\150\Tools\Binn\;C:\Program Files\Microsoft SQL Server\150\DTS\Binn\;C:\Program Files\Microsoft SQL Server\130\Tools\Binn\;C:\PostgreSQL\11\bin;C:\Program Files\Git\cmd;C:\sqlite;D:\ITU\L3\S5\programmation\javaLibrary\sqljdbc_6.0\enu\auth\x64;C:\ACE_wrappers\lib;C:\UwAmp\bin\php\php-7.0.3;C:\ProgramData\ComposerSetup\bin;C:\Users\ASUS\node_modules\npm\bin;C:\Program Files\nodejs\;C:\gradle-6.8.1\bin;C:\Program Files\PuTTY\;C:\Program Files\MongoDB\Server\4.4\bin;C:\Program Files\Java\jdk1.8.0_261\bin;C:\Program Files\heroku\bin;C:\Users\ASUS\AppData\Roaming\Composer\vendor\bin;C:\Users\ASUS\AppData\Roaming\npm;C:\Users\ASUS\AppData\Local\Programs\Microsoft VS Code\bin;C:\Program Files\eclipse;
USERNAME=ASUS
OS=Windows_NT
PROCESSOR_IDENTIFIER=Intel64 Family 6 Model 61 Stepping 4, GenuineIntel



---------------  S Y S T E M  ---------------

OS: Windows 10.0 , 64 bit Build 14393 (10.0.14393.2906)

CPU:total 4 (initial active 4) (2 cores per cpu, 2 threads per core) family 6 model 61 stepping 4, cmov, cx8, fxsr, mmx, sse, sse2, sse3, ssse3, sse4.1, sse4.2, popcnt, avx, avx2, aes, clmul, erms, 3dnowpref, lzcnt, ht, tsc, tscinvbit, bmi1, bmi2, adx

Memory: 4k page, physical 8285744k(1443484k free), swap 11537400k(88k free)

vm_info: Java HotSpot(TM) 64-Bit Server VM (25.261-b12) for windows-amd64 JRE (1.8.0_261-b12), built on Jun 18 2020 06:56:32 by "" with unknown MS VC++:1916

time: Wed Mar 17 02:37:24 2021
timezone: Afrique de l?Est
elapsed time: 189 seconds (0d 0h 3m 9s)

