#
# There is insufficient memory for the Java Runtime Environment to continue.
# Native memory allocation (malloc) failed to allocate 85136 bytes for Chunk::new
# Possible reasons:
#   The system is out of physical RAM or swap space
#   The process is running with CompressedOops enabled, and the Java Heap may be blocking the growth of the native heap
# Possible solutions:
#   Reduce memory load on the system
#   Increase physical memory or swap space
#   Check if swap backing store is full
#   Decrease Java heap size (-Xmx/-Xms)
#   Decrease number of Java threads
#   Decrease Java thread stack sizes (-Xss)
#   Set larger code cache with -XX:ReservedCodeCacheSize=
#   JVM is running with Unscaled Compressed Oops mode in which the Java heap is
#     placed in the first 4GB address space. The Java Heap base address is the
#     maximum limit for the native heap growth. Please use -XX:HeapBaseMinAddress
#     to set the Java Heap base and to place the Java Heap above 4GB virtual address.
# This output file may be truncated or incomplete.
#
#  Out of Memory Error (allocation.cpp:389), pid=13296, tid=0x0000000000001258
#
# JRE version: Java(TM) SE Runtime Environment (8.0_261-b12) (build 1.8.0_261-b12)
# Java VM: Java HotSpot(TM) 64-Bit Server VM (25.261-b12 mixed mode windows-amd64 compressed oops)
# Failed to write core dump. Minidumps are not enabled by default on client versions of Windows
#

---------------  T H R E A D  ---------------

Current thread (0x0000012bbf76e000):  JavaThread "C2 CompilerThread0" daemon [_thread_in_native, id=4696, stack(0x0000001feab00000,0x0000001feac00000)]

Stack: [0x0000001feab00000,0x0000001feac00000]
Native frames: (J=compiled Java code, j=interpreted, Vv=VM code, C=native code)
V  [jvm.dll+0x33e5f9]


Current CompileTask:
C2:   8617 3322   !   4       java.lang.ClassLoader::loadClass (122 bytes)


---------------  P R O C E S S  ---------------

Java Threads: ( => current thread )
  0x0000012bc4c30800 JavaThread "container-0" [_thread_blocked, id=952, stack(0x0000001febb00000,0x0000001febc00000)]
  0x0000012bc4c2c800 JavaThread "Catalina-utility-2" [_thread_blocked, id=4436, stack(0x0000001feba00000,0x0000001febb00000)]
  0x0000012bc4c2c000 JavaThread "Catalina-utility-1" [_thread_blocked, id=12132, stack(0x0000001feb900000,0x0000001feba00000)]
  0x0000012bc4c2f800 JavaThread "HikariPool-1 connection adder" daemon [_thread_blocked, id=3324, stack(0x0000001feb800000,0x0000001feb900000)]
  0x0000012bc4c2e000 JavaThread "HikariPool-1 housekeeper" daemon [_thread_blocked, id=17176, stack(0x0000001feb700000,0x0000001feb800000)]
  0x0000012bc0d3c000 JavaThread "restartedMain" [_thread_in_Java, id=14644, stack(0x0000001feb100000,0x0000001feb200000)]
  0x0000012bc0d3b000 JavaThread "Thread-0" [_thread_blocked, id=17352, stack(0x0000001feb000000,0x0000001feb100000)]
  0x0000012bbf7ff800 JavaThread "Service Thread" daemon [_thread_blocked, id=14448, stack(0x0000001feae00000,0x0000001feaf00000)]
  0x0000012bbf7d2000 JavaThread "C1 CompilerThread2" daemon [_thread_blocked, id=11388, stack(0x0000001fead00000,0x0000001feae00000)]
  0x0000012bbf7ab800 JavaThread "C2 CompilerThread1" daemon [_thread_blocked, id=15588, stack(0x0000001feac00000,0x0000001fead00000)]
=>0x0000012bbf76e000 JavaThread "C2 CompilerThread0" daemon [_thread_in_native, id=4696, stack(0x0000001feab00000,0x0000001feac00000)]
  0x0000012bbf76d000 JavaThread "Attach Listener" daemon [_thread_blocked, id=14916, stack(0x0000001feaa00000,0x0000001feab00000)]
  0x0000012bbf786000 JavaThread "Signal Dispatcher" daemon [_thread_blocked, id=2864, stack(0x0000001fea900000,0x0000001feaa00000)]
  0x0000012bbf750800 JavaThread "Finalizer" daemon [_thread_blocked, id=14032, stack(0x0000001fea800000,0x0000001fea900000)]
  0x0000012bbf725000 JavaThread "Reference Handler" daemon [_thread_blocked, id=15988, stack(0x0000001fea700000,0x0000001fea800000)]
  0x0000012ba9061800 JavaThread "main" [_thread_blocked, id=13824, stack(0x0000001fea100000,0x0000001fea200000)]

Other Threads:
  0x0000012bbf01e000 VMThread [stack: 0x0000001fea600000,0x0000001fea700000] [id=15464]
  0x0000012bbf802800 WatcherThread [stack: 0x0000001feaf00000,0x0000001feb000000] [id=1672]

VM state:not at safepoint (normal execution)

VM Mutex/Monitor currently owned by a thread: None

heap address: 0x0000000081800000, size: 2024 MB, Compressed Oops mode: 32-bit
Narrow klass base: 0x0000000000000000, Narrow klass shift: 3
Compressed class space size: 1073741824 Address: 0x0000000100000000

Heap:
 PSYoungGen      total 231936K, used 59056K [0x00000000d5d80000, 0x00000000e4e80000, 0x0000000100000000)
  eden space 221696K, 26% used [0x00000000d5d80000,0x00000000d972c3d8,0x00000000e3600000)
  from space 10240K, 0% used [0x00000000e4480000,0x00000000e4480000,0x00000000e4e80000)
  to   space 12288K, 0% used [0x00000000e3680000,0x00000000e3680000,0x00000000e4280000)
 ParOldGen       total 52224K, used 14421K [0x0000000081800000, 0x0000000084b00000, 0x00000000d5d80000)
  object space 52224K, 27% used [0x0000000081800000,0x0000000082615528,0x0000000084b00000)
 Metaspace       used 42163K, capacity 44280K, committed 44800K, reserved 1087488K
  class space    used 5650K, capacity 6020K, committed 6144K, reserved 1048576K

Card table byte_map: [0x0000012bb9d30000,0x0000012bba130000] byte_map_base: 0x0000012bb9924000

Marking Bits: (ParMarkBitMap*) 0x0000000067a64fb0
 Begin Bits: [0x0000012bba3e0000, 0x0000012bbc380000)
 End Bits:   [0x0000012bbc380000, 0x0000012bbe320000)

Polling page: 0x0000012ba9010000

CodeCache: size=245760Kb used=12025Kb max_used=12037Kb free=233734Kb
 bounds [0x0000012baa970000, 0x0000012bab540000, 0x0000012bb9970000]
 total_blobs=3738 nmethods=3265 adapters=385
 compilation: enabled

Compilation events (10 events):
Event: 8.572 Thread 0x0000012bbf7d2000 3319       1       org.hibernate.service.spi.ServiceBinding::getService (5 bytes)
Event: 8.572 Thread 0x0000012bbf7d2000 nmethod 3319 0x0000012bab5352d0 code [0x0000012bab535420, 0x0000012bab535538]
Event: 8.575 Thread 0x0000012bbf7d2000 3320       1       java.lang.invoke.DirectMethodHandle$Special::isInvokeSpecial (2 bytes)
Event: 8.575 Thread 0x0000012bbf7d2000 nmethod 3320 0x0000012bab535010 code [0x0000012bab535160, 0x0000012bab535278]
Event: 8.579 Thread 0x0000012bbf7d2000 3321       3       sun.misc.PerfCounter::increment (6 bytes)
Event: 8.579 Thread 0x0000012bbf7d2000 nmethod 3321 0x0000012bab534450 code [0x0000012bab5345e0, 0x0000012bab534ce0]
Event: 8.587 Thread 0x0000012bbf76e000 3322   !   4       java.lang.ClassLoader::loadClass (122 bytes)
Event: 8.595 Thread 0x0000012bbf7ab800 3323       4       java.lang.ClassLoader::getClassLoadingLock (35 bytes)
Event: 8.596 Thread 0x0000012bbf7ab800 nmethod 3323 0x0000012bab532bd0 code [0x0000012bab532d20, 0x0000012bab532e48]
Event: 8.599 Thread 0x0000012bbf7ab800 3325       4       sun.misc.URLClassPath$JarLoader$2::getCodeSigners (8 bytes)

GC Heap History (10 events):
Event: 3.317 GC heap before
{Heap before GC invocations=6 (full 0):
 PSYoungGen      total 71680K, used 13079K [0x00000000d5d80000, 0x00000000df280000, 0x0000000100000000)
  eden space 66560K, 11% used [0x00000000d5d80000,0x00000000d6546448,0x00000000d9e80000)
  from space 5120K, 99% used [0x00000000d9e80000,0x00000000da37fb90,0x00000000da380000)
  to   space 9728K, 0% used [0x00000000de900000,0x00000000de900000,0x00000000df280000)
 ParOldGen       total 87552K, used 5910K [0x0000000081800000, 0x0000000086d80000, 0x00000000d5d80000)
  object space 87552K, 6% used [0x0000000081800000,0x0000000081dc5a28,0x0000000086d80000)
 Metaspace       used 20129K, capacity 21132K, committed 21248K, reserved 1067008K
  class space    used 2544K, capacity 2761K, committed 2816K, reserved 1048576K
Event: 3.325 GC heap after
Heap after GC invocations=6 (full 0):
 PSYoungGen      total 141824K, used 5811K [0x00000000d5d80000, 0x00000000df180000, 0x0000000100000000)
  eden space 133120K, 0% used [0x00000000d5d80000,0x00000000d5d80000,0x00000000ddf80000)
  from space 8704K, 66% used [0x00000000de900000,0x00000000deeacdd0,0x00000000df180000)
  to   space 9216K, 0% used [0x00000000ddf80000,0x00000000ddf80000,0x00000000de880000)
 ParOldGen       total 87552K, used 5918K [0x0000000081800000, 0x0000000086d80000, 0x00000000d5d80000)
  object space 87552K, 6% used [0x0000000081800000,0x0000000081dc7a28,0x0000000086d80000)
 Metaspace       used 20129K, capacity 21132K, committed 21248K, reserved 1067008K
  class space    used 2544K, capacity 2761K, committed 2816K, reserved 1048576K
}
Event: 3.325 GC heap before
{Heap before GC invocations=7 (full 1):
 PSYoungGen      total 141824K, used 5811K [0x00000000d5d80000, 0x00000000df180000, 0x0000000100000000)
  eden space 133120K, 0% used [0x00000000d5d80000,0x00000000d5d80000,0x00000000ddf80000)
  from space 8704K, 66% used [0x00000000de900000,0x00000000deeacdd0,0x00000000df180000)
  to   space 9216K, 0% used [0x00000000ddf80000,0x00000000ddf80000,0x00000000de880000)
 ParOldGen       total 87552K, used 5918K [0x0000000081800000, 0x0000000086d80000, 0x00000000d5d80000)
  object space 87552K, 6% used [0x0000000081800000,0x0000000081dc7a28,0x0000000086d80000)
 Metaspace       used 20129K, capacity 21132K, committed 21248K, reserved 1067008K
  class space    used 2544K, capacity 2761K, committed 2816K, reserved 1048576K
Event: 3.360 GC heap after
Heap after GC invocations=7 (full 1):
 PSYoungGen      total 141824K, used 0K [0x00000000d5d80000, 0x00000000df180000, 0x0000000100000000)
  eden space 133120K, 0% used [0x00000000d5d80000,0x00000000d5d80000,0x00000000ddf80000)
  from space 8704K, 0% used [0x00000000de900000,0x00000000de900000,0x00000000df180000)
  to   space 9216K, 0% used [0x00000000ddf80000,0x00000000ddf80000,0x00000000de880000)
 ParOldGen       total 52224K, used 5981K [0x0000000081800000, 0x0000000084b00000, 0x00000000d5d80000)
  object space 52224K, 11% used [0x0000000081800000,0x0000000081dd76d0,0x0000000084b00000)
 Metaspace       used 20129K, capacity 21132K, committed 21248K, reserved 1067008K
  class space    used 2544K, capacity 2761K, committed 2816K, reserved 1048576K
}
Event: 6.114 GC heap before
{Heap before GC invocations=8 (full 1):
 PSYoungGen      total 141824K, used 133120K [0x00000000d5d80000, 0x00000000df180000, 0x0000000100000000)
  eden space 133120K, 100% used [0x00000000d5d80000,0x00000000ddf80000,0x00000000ddf80000)
  from space 8704K, 0% used [0x00000000de900000,0x00000000de900000,0x00000000df180000)
  to   space 9216K, 0% used [0x00000000ddf80000,0x00000000ddf80000,0x00000000de880000)
 ParOldGen       total 52224K, used 5981K [0x0000000081800000, 0x0000000084b00000, 0x00000000d5d80000)
  object space 52224K, 11% used [0x0000000081800000,0x0000000081dd76d0,0x0000000084b00000)
 Metaspace       used 27904K, capacity 29798K, committed 30080K, reserved 1075200K
  class space    used 3627K, capacity 3957K, committed 3968K, reserved 1048576K
Event: 6.129 GC heap after
Heap after GC invocations=8 (full 1):
 PSYoungGen      total 142336K, used 9202K [0x00000000d5d80000, 0x00000000e5000000, 0x0000000100000000)
  eden space 133120K, 0% used [0x00000000d5d80000,0x00000000d5d80000,0x00000000ddf80000)
  from space 9216K, 99% used [0x00000000ddf80000,0x00000000de87cab8,0x00000000de880000)
  to   space 11776K, 0% used [0x00000000e4480000,0x00000000e4480000,0x00000000e5000000)
 ParOldGen       total 52224K, used 7694K [0x0000000081800000, 0x0000000084b00000, 0x00000000d5d80000)
  object space 52224K, 14% used [0x0000000081800000,0x0000000081f83aa8,0x0000000084b00000)
 Metaspace       used 27904K, capacity 29798K, committed 30080K, reserved 1075200K
  class space    used 3627K, capacity 3957K, committed 3968K, reserved 1048576K
}
Event: 7.158 GC heap before
{Heap before GC invocations=9 (full 1):
 PSYoungGen      total 142336K, used 90373K [0x00000000d5d80000, 0x00000000e5000000, 0x0000000100000000)
  eden space 133120K, 60% used [0x00000000d5d80000,0x00000000dacc4b58,0x00000000ddf80000)
  from space 9216K, 99% used [0x00000000ddf80000,0x00000000de87cab8,0x00000000de880000)
  to   space 11776K, 0% used [0x00000000e4480000,0x00000000e4480000,0x00000000e5000000)
 ParOldGen       total 52224K, used 7694K [0x0000000081800000, 0x0000000084b00000, 0x00000000d5d80000)
  object space 52224K, 14% used [0x0000000081800000,0x0000000081f83aa8,0x0000000084b00000)
 Metaspace       used 33294K, capacity 35262K, committed 35416K, reserved 1081344K
  class space    used 4251K, capacity 4597K, committed 4608K, reserved 1048576K
Event: 7.173 GC heap after
Heap after GC invocations=9 (full 1):
 PSYoungGen      total 231936K, used 9753K [0x00000000d5d80000, 0x00000000e4e80000, 0x0000000100000000)
  eden space 221696K, 0% used [0x00000000d5d80000,0x00000000d5d80000,0x00000000e3600000)
  from space 10240K, 95% used [0x00000000e4480000,0x00000000e4e06448,0x00000000e4e80000)
  to   space 12288K, 0% used [0x00000000e3680000,0x00000000e3680000,0x00000000e4280000)
 ParOldGen       total 52224K, used 7702K [0x0000000081800000, 0x0000000084b00000, 0x00000000d5d80000)
  object space 52224K, 14% used [0x0000000081800000,0x0000000081f85aa8,0x0000000084b00000)
 Metaspace       used 33294K, capacity 35262K, committed 35416K, reserved 1081344K
  class space    used 4251K, capacity 4597K, committed 4608K, reserved 1048576K
}
Event: 7.173 GC heap before
{Heap before GC invocations=10 (full 2):
 PSYoungGen      total 231936K, used 9753K [0x00000000d5d80000, 0x00000000e4e80000, 0x0000000100000000)
  eden space 221696K, 0% used [0x00000000d5d80000,0x00000000d5d80000,0x00000000e3600000)
  from space 10240K, 95% used [0x00000000e4480000,0x00000000e4e06448,0x00000000e4e80000)
  to   space 12288K, 0% used [0x00000000e3680000,0x00000000e3680000,0x00000000e4280000)
 ParOldGen       total 52224K, used 7702K [0x0000000081800000, 0x0000000084b00000, 0x00000000d5d80000)
  object space 52224K, 14% used [0x0000000081800000,0x0000000081f85aa8,0x0000000084b00000)
 Metaspace       used 33294K, capacity 35262K, committed 35416K, reserved 1081344K
  class space    used 4251K, capacity 4597K, committed 4608K, reserved 1048576K
Event: 7.264 GC heap after
Heap after GC invocations=10 (full 2):
 PSYoungGen      total 231936K, used 0K [0x00000000d5d80000, 0x00000000e4e80000, 0x0000000100000000)
  eden space 221696K, 0% used [0x00000000d5d80000,0x00000000d5d80000,0x00000000e3600000)
  from space 10240K, 0% used [0x00000000e4480000,0x00000000e4480000,0x00000000e4e80000)
  to   space 12288K, 0% used [0x00000000e3680000,0x00000000e3680000,0x00000000e4280000)
 ParOldGen       total 52224K, used 14421K [0x0000000081800000, 0x0000000084b00000, 0x00000000d5d80000)
  object space 52224K, 27% used [0x0000000081800000,0x0000000082615528,0x0000000084b00000)
 Metaspace       used 33294K, capacity 35262K, committed 35416K, reserved 1081344K
  class space    used 4251K, capacity 4597K, committed 4608K, reserved 1048576K
}

Deoptimization events (10 events):
Event: 6.541 Thread 0x0000012bc0d3c000 Uncommon trap: reason=unstable_if action=reinterpret pc=0x0000012baac01fc4 method=sun.nio.cs.UTF_8$Decoder.decode([BII[C)I @ 30
Event: 6.591 Thread 0x0000012bc0d3c000 Uncommon trap: reason=predicate action=maybe_recompile pc=0x0000012baada4368 method=java.lang.String.regionMatches(ZILjava/lang/String;II)Z @ 63
Event: 7.456 Thread 0x0000012bc0d3c000 Uncommon trap: reason=unstable_if action=reinterpret pc=0x0000012baae7051c method=java.net.URL.<init>(Ljava/net/URL;Ljava/lang/String;Ljava/net/URLStreamHandler;)V @ 57
Event: 7.456 Thread 0x0000012bc0d3c000 Uncommon trap: reason=unstable_if action=reinterpret pc=0x0000012bab3ffccc method=java.net.URLStreamHandler.parseURL(Ljava/net/URL;Ljava/lang/String;II)V @ 57
Event: 7.897 Thread 0x0000012bc0d3c000 Uncommon trap: reason=bimorphic action=maybe_recompile pc=0x0000012bab045794 method=java.lang.ClassLoader.loadClass(Ljava/lang/String;Z)Ljava/lang/Class; @ 70
Event: 7.898 Thread 0x0000012bc0d3c000 Uncommon trap: reason=bimorphic action=maybe_recompile pc=0x0000012bab045794 method=java.lang.ClassLoader.loadClass(Ljava/lang/String;Z)Ljava/lang/Class; @ 70
Event: 8.093 Thread 0x0000012bc0d3c000 Uncommon trap: reason=bimorphic action=maybe_recompile pc=0x0000012bab045794 method=java.lang.ClassLoader.loadClass(Ljava/lang/String;Z)Ljava/lang/Class; @ 70
Event: 8.541 Thread 0x0000012bc0d3c000 Uncommon trap: reason=unstable_if action=reinterpret pc=0x0000012bab36556c method=java.lang.Class$MethodArray.addIfNotPresent(Ljava/lang/reflect/Method;)V @ 19
Event: 8.541 Thread 0x0000012bc0d3c000 Uncommon trap: reason=unstable_if action=reinterpret pc=0x0000012bab34d754 method=java.lang.Class$MethodArray.addIfNotPresent(Ljava/lang/reflect/Method;)V @ 19
Event: 8.574 Thread 0x0000012bc0d3c000 Uncommon trap: reason=bimorphic action=maybe_recompile pc=0x0000012bab045794 method=java.lang.ClassLoader.loadClass(Ljava/lang/String;Z)Ljava/lang/Class; @ 70

Classes redefined (0 events):
No events

Internal exceptions (10 events):
Event: 4.490 Thread 0x0000012bc0d3c000 Exception <a 'java/lang/ClassNotFoundException': org/springframework/transaction/annotation/ProxyTransactionManagementConfigurationCustomizer> (0x00000000d9ba51e0) thrown at [C:\jenkins\workspace\8-2-build-windows-amd64-cygwin\jdk8u261\295\hotspot\src\sha
Event: 4.491 Thread 0x0000012bc0d3c000 Exception <a 'java/lang/ClassNotFoundException': org/springframework/context/annotation/ImportAwareCustomizer> (0x00000000d9bbdf80) thrown at [C:\jenkins\workspace\8-2-build-windows-amd64-cygwin\jdk8u261\295\hotspot\src\share\vm\classfile\systemDictionary
Event: 4.493 Thread 0x0000012bc0d3c000 Exception <a 'java/lang/ClassNotFoundException': org/springframework/beans/factory/AwareCustomizer> (0x00000000d9bd0a80) thrown at [C:\jenkins\workspace\8-2-build-windows-amd64-cygwin\jdk8u261\295\hotspot\src\share\vm\classfile\systemDictionary.cpp, line 
Event: 4.493 Thread 0x0000012bc0d3c000 Implicit null exception at 0x0000012bab1ea38c to 0x0000012bab1ea51d
Event: 4.585 Thread 0x0000012bc0d3c000 Exception <a 'java/lang/NoSuchMethodError': java.lang.Object.lambda$map$1(Ljava/util/function/Function;)Ljava/util/stream/Stream;> (0x00000000d9f43920) thrown at [C:\jenkins\workspace\8-2-build-windows-amd64-cygwin\jdk8u261\295\hotspot\src\share\vm\interp
Event: 4.852 Thread 0x0000012bc0d3c000 Exception <a 'java/lang/IncompatibleClassChangeError': Found class java.lang.Object, but interface was expected> (0x00000000da7550a8) thrown at [C:\jenkins\workspace\8-2-build-windows-amd64-cygwin\jdk8u261\295\hotspot\src\share\vm\interpreter\linkResolver
Event: 6.328 Thread 0x0000012bc0d3c000 Exception <a 'java/io/FileNotFoundException'> (0x00000000d890b980) thrown at [C:\jenkins\workspace\8-2-build-windows-amd64-cygwin\jdk8u261\295\hotspot\src\share\vm\prims\jni.cpp, line 710]
Event: 6.443 Thread 0x0000012bc0d3c000 Exception <a 'java/lang/NoSuchMethodError': java.lang.Object.lambda$static$0(Ljava/lang/Object;)Ljava/lang/Object;> (0x00000000d8c1c008) thrown at [C:\jenkins\workspace\8-2-build-windows-amd64-cygwin\jdk8u261\295\hotspot\src\share\vm\interpreter\linkResol
Event: 6.463 Thread 0x0000012bc0d3c000 Implicit null exception at 0x0000012baabe38d6 to 0x0000012baabe3c75
Event: 6.974 Thread 0x0000012bc0d3c000 Exception <a 'java/io/FileNotFoundException'> (0x00000000da580cc0) thrown at [C:\jenkins\workspace\8-2-build-windows-amd64-cygwin\jdk8u261\295\hotspot\src\share\vm\prims\jni.cpp, line 710]

Events (10 events):
Event: 8.605 loading class org/hibernate/metamodel/internal/AttributeFactory$MemberResolver
Event: 8.605 loading class org/hibernate/metamodel/internal/AttributeFactory$MemberResolver done
Event: 8.606 loading class org/hibernate/metamodel/internal/AttributeFactory$AttributeContext
Event: 8.606 loading class org/hibernate/metamodel/internal/AttributeFactory$AttributeContext done
Event: 8.606 loading class org/hibernate/metamodel/model/domain/internal/SingularAttributeImpl
Event: 8.606 loading class org/hibernate/metamodel/model/domain/internal/SingularAttributeImpl done
Event: 8.607 loading class org/hibernate/metamodel/model/domain/internal/AbstractAttribute
Event: 8.607 loading class org/hibernate/metamodel/model/domain/internal/AbstractAttribute done
Event: 8.608 loading class org/hibernate/metamodel/model/domain/internal/SingularAttributeImpl$Version
Event: 8.608 loading class org/hibernate/metamodel/model/domain/internal/SingularAttributeImpl$Version done


Dynamic libraries:
0x00007ff66b4f0000 - 0x00007ff66b537000 	C:\Program Files\Java\jre1.8.0_261\bin\javaw.exe
0x00007ff9f9980000 - 0x00007ff9f9b50000 	C:\Windows\SYSTEM32\ntdll.dll
0x00007ff9f70e0000 - 0x00007ff9f718b000 	C:\Windows\System32\KERNEL32.DLL
0x00007ff9f6240000 - 0x00007ff9f645d000 	C:\Windows\System32\KERNELBASE.dll
0x00007ff9f8850000 - 0x00007ff9f88f2000 	C:\Windows\System32\ADVAPI32.dll
0x00007ff9f8900000 - 0x00007ff9f899e000 	C:\Windows\System32\msvcrt.dll
0x00007ff9f8fd0000 - 0x00007ff9f9029000 	C:\Windows\System32\sechost.dll
0x00007ff9f8ea0000 - 0x00007ff9f8fc1000 	C:\Windows\System32\RPCRT4.dll
0x00007ff9f9810000 - 0x00007ff9f9975000 	C:\Windows\System32\USER32.dll
0x00007ff9f6e40000 - 0x00007ff9f6e5e000 	C:\Windows\System32\win32u.dll
0x00007ff9f9030000 - 0x00007ff9f9064000 	C:\Windows\System32\GDI32.dll
0x00007ff9f6460000 - 0x00007ff9f65e1000 	C:\Windows\System32\gdi32full.dll
0x00007ff9ea000000 - 0x00007ff9ea27a000 	C:\Windows\WinSxS\amd64_microsoft.windows.common-controls_6595b64144ccf1df_6.0.14393.2848_none_7ddecd5e83436d8c\COMCTL32.dll
0x00007ff9f9510000 - 0x00007ff9f97d5000 	C:\Windows\System32\combase.dll
0x00007ff9f6cd0000 - 0x00007ff9f6dc4000 	C:\Windows\System32\ucrtbase.dll
0x00007ff9f6dd0000 - 0x00007ff9f6e3a000 	C:\Windows\System32\bcryptPrimitives.dll
0x00007ff9f97e0000 - 0x00007ff9f980e000 	C:\Windows\System32\IMM32.DLL
0x00007ff9e0160000 - 0x00007ff9e0175000 	C:\Program Files\Java\jre1.8.0_261\bin\vcruntime140.dll
0x00007ff9c9000000 - 0x00007ff9c909b000 	C:\Program Files\Java\jre1.8.0_261\bin\msvcp140.dll
0x0000000067270000 - 0x0000000067adc000 	C:\Program Files\Java\jre1.8.0_261\bin\server\jvm.dll
0x00007ff9f70d0000 - 0x00007ff9f70d8000 	C:\Windows\System32\PSAPI.DLL
0x00007ff9f22e0000 - 0x00007ff9f22e9000 	C:\Windows\SYSTEM32\WSOCK32.dll
0x00007ff9f43c0000 - 0x00007ff9f43e3000 	C:\Windows\SYSTEM32\WINMM.dll
0x00007ff9f0ae0000 - 0x00007ff9f0aea000 	C:\Windows\SYSTEM32\VERSION.dll
0x00007ff9f8b50000 - 0x00007ff9f8bba000 	C:\Windows\System32\WS2_32.dll
0x0000012ba8fe0000 - 0x0000012ba900b000 	C:\Windows\SYSTEM32\WINMMBASE.dll
0x00007ff9f61f0000 - 0x00007ff9f6232000 	C:\Windows\System32\cfgmgr32.dll
0x00007ff9f5e40000 - 0x00007ff9f5e4f000 	C:\Windows\System32\kernel.appcore.dll
0x00007ff9f4350000 - 0x00007ff9f4360000 	C:\Program Files\Java\jre1.8.0_261\bin\verify.dll
0x00007ff9c8fd0000 - 0x00007ff9c8ffb000 	C:\Program Files\Java\jre1.8.0_261\bin\java.dll
0x00007ff9c8fb0000 - 0x00007ff9c8fc8000 	C:\Program Files\Java\jre1.8.0_261\bin\zip.dll
0x00007ff9f7340000 - 0x00007ff9f8845000 	C:\Windows\System32\SHELL32.dll
0x00007ff9f65f0000 - 0x00007ff9f6cc9000 	C:\Windows\System32\windows.storage.dll
0x00007ff9f5df0000 - 0x00007ff9f5e3c000 	C:\Windows\System32\powrprof.dll
0x00007ff9f94b0000 - 0x00007ff9f9502000 	C:\Windows\System32\shlwapi.dll
0x00007ff9f5e70000 - 0x00007ff9f5f19000 	C:\Windows\System32\shcore.dll
0x00007ff9f5e50000 - 0x00007ff9f5e64000 	C:\Windows\System32\profapi.dll
0x00007ff9f0d20000 - 0x00007ff9f0d2d000 	C:\Program Files\Java\jre1.8.0_261\bin\management.dll
0x00007ff9c8f90000 - 0x00007ff9c8fac000 	C:\Program Files\Java\jre1.8.0_261\bin\net.dll
0x00007ff9f5710000 - 0x00007ff9f576c000 	C:\Windows\system32\mswsock.dll
0x00007ff9e12a0000 - 0x00007ff9e12b6000 	C:\Windows\system32\napinsp.dll
0x00007ff9e1280000 - 0x00007ff9e129a000 	C:\Windows\system32\pnrpnsp.dll
0x00007ff9f36a0000 - 0x00007ff9f36b8000 	C:\Windows\system32\NLAapi.dll
0x00007ff9f54d0000 - 0x00007ff9f5571000 	C:\Windows\SYSTEM32\DNSAPI.dll
0x00007ff9f7330000 - 0x00007ff9f7338000 	C:\Windows\System32\NSI.dll
0x00007ff9f5490000 - 0x00007ff9f54c8000 	C:\Windows\SYSTEM32\IPHLPAPI.DLL
0x00007ff9e1270000 - 0x00007ff9e127e000 	C:\Windows\System32\winrnr.dll
0x00007ff9e0f40000 - 0x00007ff9e0f55000 	C:\Windows\System32\wshbth.dll
0x00007ff9e2d30000 - 0x00007ff9e2d3a000 	C:\Windows\System32\rasadhlp.dll
0x00007ff9e8b00000 - 0x00007ff9e8b6a000 	C:\Windows\System32\fwpuclnt.dll
0x00007ff9f59c0000 - 0x00007ff9f59eb000 	C:\Windows\SYSTEM32\bcrypt.dll
0x00007ff9c8f70000 - 0x00007ff9c8f83000 	C:\Program Files\Java\jre1.8.0_261\bin\nio.dll
0x00007ff9f58b0000 - 0x00007ff9f58c7000 	C:\Windows\SYSTEM32\CRYPTSP.dll
0x00007ff9f5310000 - 0x00007ff9f5343000 	C:\Windows\system32\rsaenh.dll
0x00007ff9f5590000 - 0x00007ff9f55af000 	C:\Windows\SYSTEM32\USERENV.dll
0x00007ff9f58d0000 - 0x00007ff9f58db000 	C:\Windows\SYSTEM32\CRYPTBASE.dll
0x00007ff9f1090000 - 0x00007ff9f10a6000 	C:\Windows\SYSTEM32\dhcpcsvc6.DLL
0x00007ff9f1140000 - 0x00007ff9f115a000 	C:\Windows\SYSTEM32\dhcpcsvc.DLL

VM Arguments:
jvm_args: -Dfile.encoding=UTF-8 
java_command: finday.finday.FindayApplication
java_class_path (initial): D:\ITU\L3\S5\cloud\FINDAY\finday\target\classes;C:\Users\ASUS\.m2\repository\org\springframework\boot\spring-boot-starter-data-jpa\2.5.0-SNAPSHOT\spring-boot-starter-data-jpa-2.5.0-SNAPSHOT.jar;C:\Users\ASUS\.m2\repository\org\springframework\boot\spring-boot-starter-aop\2.5.0-SNAPSHOT\spring-boot-starter-aop-2.5.0-SNAPSHOT.jar;C:\Users\ASUS\.m2\repository\org\springframework\spring-aop\5.3.5-SNAPSHOT\spring-aop-5.3.5-SNAPSHOT.jar;C:\Users\ASUS\.m2\repository\org\aspectj\aspectjweaver\1.9.6\aspectjweaver-1.9.6.jar;C:\Users\ASUS\.m2\repository\org\springframework\boot\spring-boot-starter-jdbc\2.5.0-SNAPSHOT\spring-boot-starter-jdbc-2.5.0-SNAPSHOT.jar;C:\Users\ASUS\.m2\repository\com\zaxxer\HikariCP\4.0.2\HikariCP-4.0.2.jar;C:\Users\ASUS\.m2\repository\org\springframework\spring-jdbc\5.3.5-SNAPSHOT\spring-jdbc-5.3.5-SNAPSHOT.jar;C:\Users\ASUS\.m2\repository\jakarta\transaction\jakarta.transaction-api\1.3.3\jakarta.transaction-api-1.3.3.jar;C:\Users\ASUS\.m2\repository\jakarta\persistence\jakarta.persistence-api\2.2.3\jakarta.persistence-api-2.2.3.jar;C:\Users\ASUS\.m2\repository\org\hibernate\hibernate-core\5.4.28.Final\hibernate-core-5.4.28.Final.jar;C:\Users\ASUS\.m2\repository\org\jboss\logging\jboss-logging\3.4.1.Final\jboss-logging-3.4.1.Final.jar;C:\Users\ASUS\.m2\repository\org\javassist\javassist\3.27.0-GA\javassist-3.27.0-GA.jar;C:\Users\ASUS\.m2\repository\net\bytebuddy\byte-buddy\1.10.20\byte-buddy-1.10.20.jar;C:\Users\ASUS\.m2\repository\antlr\antlr\2.7.7\antlr-2.7.7.jar;C:\Users\ASUS\.m2\repository\org\jboss\jandex\2.2.3.Final\jandex-2.2.3.Final.jar;C:\Users\ASUS\.m2\repository\com\fasterxml\classmate\1.5.1\classmate-1.5.1.jar;C:\Users\ASUS\.m2\repository\org\dom4j\dom4j\2.1.3\dom4j-2.1.3.jar;C:\Users\ASUS\.m2\repository\org\hibernate\common\hibernate-commons-annotations\5.1.2.Final\hibernate-commons-annotations-5.1.2.Final.jar;C:\Users\ASUS\.m2\repository\org\glassfish\jaxb\jaxb-runtime\2.3.3\jaxb-runtime-2.3.3.jar;C:\Users\A
Launcher Type: SUN_STANDARD

Environment Variables:
JAVA_HOME=C:\Program Files\Java\jdk1.8.0_261
JRE_HOME=C:\Program Files\Java\jre1.8.0_261
CLASSPATH=.;C:\Program Files\Java\jdk1.7.0\jre\lib\ext\ojdbc6.jar;C:\apache-tomcat-8.5.46\lib\servlet-api.jar;C:\apache-tomcat-8.5.46\lib\catalina.jar;C:\Program Files\Weka-3-8-4\weka.jar;C:\Program Files\Weka-3-8-4\weka-src.jar;D:\ITU\L3\S5\programmation\javaLibrary\json-20201115.jar;D:\ITU\L3\S5\programmation\javaLibrary\json-simple-1.1.jar;D:\ITU\L3\S5\programmation\javaLibrary\sqljdbc4-chs-4.0.2206.100.jar;D:\ITU\L3\S5\programmation\javaLibrary\postgresql-42.2.5.jar
PATH=C:/Program Files/eclipse//plugins/org.eclipse.justj.openjdk.hotspot.jre.full.win32.x86_64_15.0.1.v20201027-0507/jre/bin/server;C:/Program Files/eclipse//plugins/org.eclipse.justj.openjdk.hotspot.jre.full.win32.x86_64_15.0.1.v20201027-0507/jre/bin;C:\oraclexe\app\oracle\product\11.2.0\server\bin;C:\Program Files (x86)\Common Files\Oracle\Java\javapath;C:\oraclexe\app\oracle\product\11.2.0\server\bin;C:\oraclexe\app\oracle\product\11.2.0\server\bin;C:\Windows\system32;C:\Windows;C:\Windows\System32\Wbem;C:\Windows\System32\WindowsPowerShell\v1.0\;C:\Program Files (x86)\NVIDIA Corporation\PhysX\Common;C:\Program Files\NVIDIA Corporation\NVIDIA NvDLISR;C:\Program Files\Java\jdk1.8.0_261\bin;C:\xampp\mysql\bin;C:\UwAmp\bin\database\mysql-5.7.11\bin;C:\Program Files\PostgreSQL\11\bin;C:\Windows\Microsoft.NET\Framework64\v4.0.30319;C:\Program Files\Microsoft SQL Server\Client SDK\ODBC\170\Tools\Binn\;C:\Program Files (x86)\Microsoft SQL Server\150\Tools\Binn\;C:\Program Files\Microsoft SQL Server\150\Tools\Binn\;C:\Program Files\Microsoft SQL Server\150\DTS\Binn\;C:\Program Files\Microsoft SQL Server\130\Tools\Binn\;C:\PostgreSQL\11\bin;C:\Program Files\Git\cmd;C:\sqlite;D:\ITU\L3\S5\programmation\javaLibrary\sqljdbc_6.0\enu\auth\x64;C:\ACE_wrappers\lib;C:\UwAmp\bin\php\php-7.0.3;C:\ProgramData\ComposerSetup\bin;C:\Users\ASUS\node_modules\npm\bin;C:\Program Files\nodejs\;C:\gradle-6.8.1\bin;C:\Program Files\PuTTY\;C:\Program Files\MongoDB\Server\4.4\bin;C:\Program Files\Java\jdk1.8.0_261\bin;C:\Program Files\heroku\bin;C:\Users\ASUS\AppData\Roaming\Composer\vendor\bin;C:\Users\ASUS\AppData\Roaming\npm;C:\Users\ASUS\AppData\Local\Programs\Microsoft VS Code\bin;C:\Program Files\eclipse;
USERNAME=ASUS
OS=Windows_NT
PROCESSOR_IDENTIFIER=Intel64 Family 6 Model 61 Stepping 4, GenuineIntel



---------------  S Y S T E M  ---------------

OS: Windows 10.0 , 64 bit Build 14393 (10.0.14393.2906)

CPU:total 4 (initial active 4) (2 cores per cpu, 2 threads per core) family 6 model 61 stepping 4, cmov, cx8, fxsr, mmx, sse, sse2, sse3, ssse3, sse4.1, sse4.2, popcnt, avx, avx2, aes, clmul, erms, 3dnowpref, lzcnt, ht, tsc, tscinvbit, bmi1, bmi2, adx

Memory: 4k page, physical 8285744k(1880916k free), swap 11666564k(5180k free)

vm_info: Java HotSpot(TM) 64-Bit Server VM (25.261-b12) for windows-amd64 JRE (1.8.0_261-b12), built on Jun 18 2020 06:56:32 by "" with unknown MS VC++:1916

time: Wed Mar 17 03:59:43 2021
timezone: Afrique de l?Est
elapsed time: 8 seconds (0d 0h 0m 8s)

