#
# There is insufficient memory for the Java Runtime Environment to continue.
# Native memory allocation (malloc) failed to allocate 1156176 bytes for Chunk::new
# Possible reasons:
#   The system is out of physical RAM or swap space
#   The process is running with CompressedOops enabled, and the Java Heap may be blocking the growth of the native heap
# Possible solutions:
#   Reduce memory load on the system
#   Increase physical memory or swap space
#   Check if swap backing store is full
#   Decrease Java heap size (-Xmx/-Xms)
#   Decrease number of Java threads
#   Decrease Java thread stack sizes (-Xss)
#   Set larger code cache with -XX:ReservedCodeCacheSize=
#   JVM is running with Unscaled Compressed Oops mode in which the Java heap is
#     placed in the first 4GB address space. The Java Heap base address is the
#     maximum limit for the native heap growth. Please use -XX:HeapBaseMinAddress
#     to set the Java Heap base and to place the Java Heap above 4GB virtual address.
# This output file may be truncated or incomplete.
#
#  Out of Memory Error (allocation.cpp:389), pid=7800, tid=0x0000000000000f88
#
# JRE version: Java(TM) SE Runtime Environment (8.0_261-b12) (build 1.8.0_261-b12)
# Java VM: Java HotSpot(TM) 64-Bit Server VM (25.261-b12 mixed mode windows-amd64 compressed oops)
# Failed to write core dump. Minidumps are not enabled by default on client versions of Windows
#

---------------  T H R E A D  ---------------

Current thread (0x000001777638c800):  JavaThread "C2 CompilerThread0" daemon [_thread_in_native, id=3976, stack(0x0000006e35e00000,0x0000006e35f00000)]

Stack: [0x0000006e35e00000,0x0000006e35f00000]
Native frames: (J=compiled Java code, j=interpreted, Vv=VM code, C=native code)
V  [jvm.dll+0x33e5f9]
V  [jvm.dll+0x2850e2]
V  [jvm.dll+0x285d8d]
V  [jvm.dll+0x27c895]
V  [jvm.dll+0xe4d6c]
V  [jvm.dll+0xe556c]
V  [jvm.dll+0x461812]
V  [jvm.dll+0x49cc3d]
V  [jvm.dll+0x4518c1]
V  [jvm.dll+0x44eb84]
V  [jvm.dll+0x439bc7]
V  [jvm.dll+0xbbbcb]
V  [jvm.dll+0xba22b]
V  [jvm.dll+0x24d962]
V  [jvm.dll+0x2a1cfc]
C  [ucrtbase.dll+0x1cd70]
C  [KERNEL32.DLL+0x84d4]
C  [ntdll.dll+0x6e851]


Current CompileTask:
C2:   8410 3059       4       org.springframework.core.annotation.TypeMappedAnnotations::get (52 bytes)


---------------  P R O C E S S  ---------------

Java Threads: ( => current thread )
  0x00000177781be000 JavaThread "container-0" [_thread_blocked, id=14592, stack(0x0000006e36e00000,0x0000006e36f00000)]
  0x00000177781bd800 JavaThread "Catalina-utility-2" [_thread_blocked, id=8228, stack(0x0000006e36d00000,0x0000006e36e00000)]
  0x00000177781bc800 JavaThread "Catalina-utility-1" [_thread_blocked, id=15176, stack(0x0000006e36c00000,0x0000006e36d00000)]
  0x00000177781ba800 JavaThread "HikariPool-1 connection adder" daemon [_thread_blocked, id=11080, stack(0x0000006e36b00000,0x0000006e36c00000)]
  0x00000177781bf000 JavaThread "HikariPool-1 housekeeper" daemon [_thread_blocked, id=8168, stack(0x0000006e36a00000,0x0000006e36b00000)]
  0x0000017777940000 JavaThread "restartedMain" [_thread_blocked, id=14352, stack(0x0000006e36400000,0x0000006e36500000)]
  0x000001777793f800 JavaThread "Thread-0" [_thread_blocked, id=14380, stack(0x0000006e36300000,0x0000006e36400000)]
  0x000001777640e800 JavaThread "Service Thread" daemon [_thread_blocked, id=14580, stack(0x0000006e36100000,0x0000006e36200000)]
  0x00000177763e9000 JavaThread "C1 CompilerThread2" daemon [_thread_blocked, id=7760, stack(0x0000006e36000000,0x0000006e36100000)]
  0x00000177763bb000 JavaThread "C2 CompilerThread1" daemon [_thread_in_native, id=10600, stack(0x0000006e35f00000,0x0000006e36000000)]
=>0x000001777638c800 JavaThread "C2 CompilerThread0" daemon [_thread_in_native, id=3976, stack(0x0000006e35e00000,0x0000006e35f00000)]
  0x000001777638b800 JavaThread "Attach Listener" daemon [_thread_blocked, id=12884, stack(0x0000006e35d00000,0x0000006e35e00000)]
  0x000001777638a800 JavaThread "Signal Dispatcher" daemon [_thread_blocked, id=6820, stack(0x0000006e35c00000,0x0000006e35d00000)]
  0x000001777636e000 JavaThread "Finalizer" daemon [_thread_blocked, id=13560, stack(0x0000006e35b00000,0x0000006e35c00000)]
  0x0000017775c3c000 JavaThread "Reference Handler" daemon [_thread_blocked, id=7100, stack(0x0000006e35a00000,0x0000006e35b00000)]
  0x000001775fd5f800 JavaThread "main" [_thread_blocked, id=14200, stack(0x0000006e35400000,0x0000006e35500000)]

Other Threads:
  0x0000017776342000 VMThread [stack: 0x0000006e35900000,0x0000006e35a00000] [id=9944]
  0x000001777641a800 WatcherThread [stack: 0x0000006e36200000,0x0000006e36300000] [id=5668]

VM state:at safepoint (normal execution)

VM Mutex/Monitor currently owned by a thread:  ([mutex/lock_event])
[0x000001775fd5bf50] Threads_lock - owner thread: 0x0000017776342000
[0x000001775fd5ccd0] Heap_lock - owner thread: 0x0000017777940000

heap address: 0x0000000081800000, size: 2024 MB, Compressed Oops mode: 32-bit
Narrow klass base: 0x0000000000000000, Narrow klass shift: 3
Compressed class space size: 1073741824 Address: 0x0000000100000000

Heap:
 PSYoungGen      total 229376K, used 10066K [0x00000000d5d80000, 0x00000000e4d00000, 0x0000000100000000)
  eden space 219136K, 0% used [0x00000000d5d80000,0x00000000d5d80000,0x00000000e3380000)
  from space 10240K, 98% used [0x00000000e4300000,0x00000000e4cd4bc8,0x00000000e4d00000)
  to   space 12800K, 0% used [0x00000000e3400000,0x00000000e3400000,0x00000000e4080000)
 ParOldGen       total 52224K, used 7003K [0x0000000081800000, 0x0000000084b00000, 0x00000000d5d80000)
  object space 52224K, 13% used [0x0000000081800000,0x0000000081ed6ff8,0x0000000084b00000)
 Metaspace       used 33342K, capacity 35304K, committed 35416K, reserved 1081344K
  class space    used 4257K, capacity 4630K, committed 4696K, reserved 1048576K

Card table byte_map: [0x0000017770950000,0x0000017770d50000] byte_map_base: 0x0000017770544000

Marking Bits: (ParMarkBitMap*) 0x000000006ba84fb0
 Begin Bits: [0x0000017771000000, 0x0000017772fa0000)
 End Bits:   [0x0000017772fa0000, 0x0000017774f40000)

Polling page: 0x000001775fca0000

CodeCache: size=245760Kb used=11131Kb max_used=11131Kb free=234628Kb
 bounds [0x0000017761590000, 0x0000017762080000, 0x0000017770590000]
 total_blobs=3524 nmethods=3090 adapters=346
 compilation: enabled

Compilation events (10 events):
Event: 8.249 Thread 0x00000177763e9000 3146       3       java.lang.invoke.AbstractValidatingLambdaMetafactory::validateMetafactoryArgs (864 bytes)
Event: 8.263 Thread 0x00000177763e9000 nmethod 3146 0x0000017762060290 code [0x00000177620611a0, 0x000001776206d5d0]
Event: 8.263 Thread 0x00000177763e9000 3148   !   3       org.springframework.util.ReflectionUtils::doWithLocalFields (84 bytes)
Event: 8.264 Thread 0x00000177763e9000 nmethod 3148 0x00000177616cdc90 code [0x00000177616cdf00, 0x00000177616cee30]
Event: 8.265 Thread 0x00000177763e9000 3147   !   3       java.lang.invoke.InnerClassLambdaMetafactory::buildCallSite (156 bytes)
Event: 8.267 Thread 0x00000177763e9000 nmethod 3147 0x00000177616cb150 code [0x00000177616cb4a0, 0x00000177616ccef0]
Event: 8.267 Thread 0x00000177763e9000 3149   !   3       org.springframework.beans.factory.support.AbstractBeanFactory::resolveBeanClass (117 bytes)
Event: 8.269 Thread 0x00000177763e9000 nmethod 3149 0x00000177620785d0 code [0x0000017762078940, 0x000001776207adf0]
Event: 8.290 Thread 0x00000177763e9000 3150       3       sun.misc.URLClassPath$1::next (63 bytes)
Event: 8.291 Thread 0x00000177763e9000 nmethod 3150 0x000001776169d710 code [0x000001776169d8a0, 0x000001776169dce0]

GC Heap History (10 events):
Event: 2.433 GC heap after
Heap after GC invocations=4 (full 0):
 PSYoungGen      total 71680K, used 5090K [0x00000000d5d80000, 0x00000000da880000, 0x0000000100000000)
  eden space 66560K, 0% used [0x00000000d5d80000,0x00000000d5d80000,0x00000000d9e80000)
  from space 5120K, 99% used [0x00000000da380000,0x00000000da878a08,0x00000000da880000)
  to   space 5120K, 0% used [0x00000000d9e80000,0x00000000d9e80000,0x00000000da380000)
 ParOldGen       total 87552K, used 3556K [0x0000000081800000, 0x0000000086d80000, 0x00000000d5d80000)
  object space 87552K, 4% used [0x0000000081800000,0x0000000081b792e8,0x0000000086d80000)
 Metaspace       used 17200K, capacity 18004K, committed 18304K, reserved 1064960K
  class space    used 2172K, capacity 2349K, committed 2432K, reserved 1048576K
}
Event: 3.002 GC heap before
{Heap before GC invocations=5 (full 0):
 PSYoungGen      total 71680K, used 71650K [0x00000000d5d80000, 0x00000000da880000, 0x0000000100000000)
  eden space 66560K, 100% used [0x00000000d5d80000,0x00000000d9e80000,0x00000000d9e80000)
  from space 5120K, 99% used [0x00000000da380000,0x00000000da878a08,0x00000000da880000)
  to   space 5120K, 0% used [0x00000000d9e80000,0x00000000d9e80000,0x00000000da380000)
 ParOldGen       total 87552K, used 3556K [0x0000000081800000, 0x0000000086d80000, 0x00000000d5d80000)
  object space 87552K, 4% used [0x0000000081800000,0x0000000081b792e8,0x0000000086d80000)
 Metaspace       used 19837K, capacity 20820K, committed 20992K, reserved 1067008K
  class space    used 2520K, capacity 2754K, committed 2816K, reserved 1048576K
Event: 3.012 GC heap after
Heap after GC invocations=5 (full 0):
 PSYoungGen      total 71680K, used 5102K [0x00000000d5d80000, 0x00000000df280000, 0x0000000100000000)
  eden space 66560K, 0% used [0x00000000d5d80000,0x00000000d5d80000,0x00000000d9e80000)
  from space 5120K, 99% used [0x00000000d9e80000,0x00000000da37baa8,0x00000000da380000)
  to   space 9728K, 0% used [0x00000000de900000,0x00000000de900000,0x00000000df280000)
 ParOldGen       total 87552K, used 5916K [0x0000000081800000, 0x0000000086d80000, 0x00000000d5d80000)
  object space 87552K, 6% used [0x0000000081800000,0x0000000081dc7100,0x0000000086d80000)
 Metaspace       used 19837K, capacity 20820K, committed 20992K, reserved 1067008K
  class space    used 2520K, capacity 2754K, committed 2816K, reserved 1048576K
}
Event: 3.137 GC heap before
{Heap before GC invocations=6 (full 0):
 PSYoungGen      total 71680K, used 13327K [0x00000000d5d80000, 0x00000000df280000, 0x0000000100000000)
  eden space 66560K, 12% used [0x00000000d5d80000,0x00000000d6588518,0x00000000d9e80000)
  from space 5120K, 99% used [0x00000000d9e80000,0x00000000da37baa8,0x00000000da380000)
  to   space 9728K, 0% used [0x00000000de900000,0x00000000de900000,0x00000000df280000)
 ParOldGen       total 87552K, used 5916K [0x0000000081800000, 0x0000000086d80000, 0x00000000d5d80000)
  object space 87552K, 6% used [0x0000000081800000,0x0000000081dc7100,0x0000000086d80000)
 Metaspace       used 20199K, capacity 21168K, committed 21248K, reserved 1067008K
  class space    used 2558K, capacity 2774K, committed 2816K, reserved 1048576K
Event: 3.146 GC heap after
Heap after GC invocations=6 (full 0):
 PSYoungGen      total 142848K, used 5900K [0x00000000d5d80000, 0x00000000df280000, 0x0000000100000000)
  eden space 133120K, 0% used [0x00000000d5d80000,0x00000000d5d80000,0x00000000ddf80000)
  from space 9728K, 60% used [0x00000000de900000,0x00000000deec31d0,0x00000000df280000)
  to   space 9728K, 0% used [0x00000000ddf80000,0x00000000ddf80000,0x00000000de900000)
 ParOldGen       total 87552K, used 5924K [0x0000000081800000, 0x0000000086d80000, 0x00000000d5d80000)
  object space 87552K, 6% used [0x0000000081800000,0x0000000081dc9100,0x0000000086d80000)
 Metaspace       used 20199K, capacity 21168K, committed 21248K, reserved 1067008K
  class space    used 2558K, capacity 2774K, committed 2816K, reserved 1048576K
}
Event: 3.146 GC heap before
{Heap before GC invocations=7 (full 1):
 PSYoungGen      total 142848K, used 5900K [0x00000000d5d80000, 0x00000000df280000, 0x0000000100000000)
  eden space 133120K, 0% used [0x00000000d5d80000,0x00000000d5d80000,0x00000000ddf80000)
  from space 9728K, 60% used [0x00000000de900000,0x00000000deec31d0,0x00000000df280000)
  to   space 9728K, 0% used [0x00000000ddf80000,0x00000000ddf80000,0x00000000de900000)
 ParOldGen       total 87552K, used 5924K [0x0000000081800000, 0x0000000086d80000, 0x00000000d5d80000)
  object space 87552K, 6% used [0x0000000081800000,0x0000000081dc9100,0x0000000086d80000)
 Metaspace       used 20199K, capacity 21168K, committed 21248K, reserved 1067008K
  class space    used 2558K, capacity 2774K, committed 2816K, reserved 1048576K
Event: 3.180 GC heap after
Heap after GC invocations=7 (full 1):
 PSYoungGen      total 142848K, used 0K [0x00000000d5d80000, 0x00000000df280000, 0x0000000100000000)
  eden space 133120K, 0% used [0x00000000d5d80000,0x00000000d5d80000,0x00000000ddf80000)
  from space 9728K, 0% used [0x00000000de900000,0x00000000de900000,0x00000000df280000)
  to   space 9728K, 0% used [0x00000000ddf80000,0x00000000ddf80000,0x00000000de900000)
 ParOldGen       total 52224K, used 6035K [0x0000000081800000, 0x0000000084b00000, 0x00000000d5d80000)
  object space 52224K, 11% used [0x0000000081800000,0x0000000081de4e80,0x0000000084b00000)
 Metaspace       used 20199K, capacity 21168K, committed 21248K, reserved 1067008K
  class space    used 2558K, capacity 2774K, committed 2816K, reserved 1048576K
}
Event: 6.798 GC heap before
{Heap before GC invocations=8 (full 1):
 PSYoungGen      total 142848K, used 133120K [0x00000000d5d80000, 0x00000000df280000, 0x0000000100000000)
  eden space 133120K, 100% used [0x00000000d5d80000,0x00000000ddf80000,0x00000000ddf80000)
  from space 9728K, 0% used [0x00000000de900000,0x00000000de900000,0x00000000df280000)
  to   space 9728K, 0% used [0x00000000ddf80000,0x00000000ddf80000,0x00000000de900000)
 ParOldGen       total 52224K, used 6035K [0x0000000081800000, 0x0000000084b00000, 0x00000000d5d80000)
  object space 52224K, 11% used [0x0000000081800000,0x0000000081de4e80,0x0000000084b00000)
 Metaspace       used 27647K, capacity 29514K, committed 29824K, reserved 1075200K
  class space    used 3598K, capacity 3951K, committed 3968K, reserved 1048576K
Event: 6.814 GC heap after
Heap after GC invocations=8 (full 1):
 PSYoungGen      total 142848K, used 9724K [0x00000000d5d80000, 0x00000000e4e00000, 0x0000000100000000)
  eden space 133120K, 0% used [0x00000000d5d80000,0x00000000d5d80000,0x00000000ddf80000)
  from space 9728K, 99% used [0x00000000ddf80000,0x00000000de8ff290,0x00000000de900000)
  to   space 11264K, 0% used [0x00000000e4300000,0x00000000e4300000,0x00000000e4e00000)
 ParOldGen       total 52224K, used 6995K [0x0000000081800000, 0x0000000084b00000, 0x00000000d5d80000)
  object space 52224K, 13% used [0x0000000081800000,0x0000000081ed4ff8,0x0000000084b00000)
 Metaspace       used 27647K, capacity 29514K, committed 29824K, reserved 1075200K
  class space    used 3598K, capacity 3951K, committed 3968K, reserved 1048576K
}
Event: 8.321 GC heap before
{Heap before GC invocations=9 (full 1):
 PSYoungGen      total 142848K, used 93491K [0x00000000d5d80000, 0x00000000e4e00000, 0x0000000100000000)
  eden space 133120K, 62% used [0x00000000d5d80000,0x00000000daf4da40,0x00000000ddf80000)
  from space 9728K, 99% used [0x00000000ddf80000,0x00000000de8ff290,0x00000000de900000)
  to   space 11264K, 0% used [0x00000000e4300000,0x00000000e4300000,0x00000000e4e00000)
 ParOldGen       total 52224K, used 6995K [0x0000000081800000, 0x0000000084b00000, 0x00000000d5d80000)
  object space 52224K, 13% used [0x0000000081800000,0x0000000081ed4ff8,0x0000000084b00000)
 Metaspace       used 33342K, capacity 35304K, committed 35416K, reserved 1081344K
  class space    used 4257K, capacity 4630K, committed 4696K, reserved 1048576K

Deoptimization events (10 events):
Event: 6.924 Thread 0x0000017777940000 Uncommon trap: reason=class_check action=maybe_recompile pc=0x0000017761b89734 method=java.util.zip.InflaterInputStream.read([BII)I @ 100
Event: 6.925 Thread 0x0000017777940000 Uncommon trap: reason=class_check action=maybe_recompile pc=0x0000017761b89734 method=java.util.zip.InflaterInputStream.read([BII)I @ 100
Event: 6.928 Thread 0x0000017777940000 Uncommon trap: reason=class_check action=maybe_recompile pc=0x0000017761b89734 method=java.util.zip.InflaterInputStream.read([BII)I @ 100
Event: 6.929 Thread 0x0000017777940000 Uncommon trap: reason=class_check action=maybe_recompile pc=0x0000017761b89734 method=java.util.zip.InflaterInputStream.read([BII)I @ 100
Event: 7.135 Thread 0x0000017777940000 Uncommon trap: reason=unstable_if action=reinterpret pc=0x0000017761f48674 method=java.lang.Class$MethodArray.matchesNameAndDescriptor(Ljava/lang/reflect/Method;Ljava/lang/reflect/Method;)Z @ 33
Event: 7.328 Thread 0x0000017777940000 Uncommon trap: reason=unstable_if action=reinterpret pc=0x0000017761801e4c method=java.lang.AbstractStringBuilder.append(Ljava/lang/String;)Ljava/lang/AbstractStringBuilder; @ 1
Event: 7.453 Thread 0x0000017777940000 Uncommon trap: reason=bimorphic action=maybe_recompile pc=0x0000017761f46f54 method=java.util.Properties$LineReader.readLine()I @ 410
Event: 7.456 Thread 0x0000017777940000 Uncommon trap: reason=unstable_if action=reinterpret pc=0x000001776181c104 method=sun.nio.cs.UTF_8$Decoder.decode([BII[C)I @ 30
Event: 7.536 Thread 0x0000017777940000 Uncommon trap: reason=predicate action=maybe_recompile pc=0x00000177619c10a8 method=java.lang.String.regionMatches(ZILjava/lang/String;II)Z @ 63
Event: 7.898 Thread 0x0000017777940000 Uncommon trap: reason=unstable_if action=reinterpret pc=0x0000017761fa5a8c method=java.lang.ThreadLocal$ThreadLocalMap.getEntry(Ljava/lang/ThreadLocal;)Ljava/lang/ThreadLocal$ThreadLocalMap$Entry; @ 29

Classes redefined (0 events):
No events

Internal exceptions (10 events):
Event: 4.834 Thread 0x0000017777940000 Exception <a 'java/lang/ClassNotFoundException': org/springframework/context/annotation/ImportAwareCustomizer> (0x00000000d9dcc7f8) thrown at [C:\jenkins\workspace\8-2-build-windows-amd64-cygwin\jdk8u261\295\hotspot\src\share\vm\classfile\systemDictionary
Event: 4.835 Thread 0x0000017777940000 Exception <a 'java/lang/ClassNotFoundException': org/springframework/beans/factory/AwareCustomizer> (0x00000000d9ddf2f8) thrown at [C:\jenkins\workspace\8-2-build-windows-amd64-cygwin\jdk8u261\295\hotspot\src\share\vm\classfile\systemDictionary.cpp, line 
Event: 4.836 Thread 0x0000017777940000 Implicit null exception at 0x0000017761de7a4c to 0x0000017761de7bdd
Event: 4.948 Thread 0x0000017777940000 Exception <a 'java/lang/NoSuchMethodError': java.lang.Object.lambda$map$1(Ljava/util/function/Function;)Ljava/util/stream/Stream;> (0x00000000da1548e8) thrown at [C:\jenkins\workspace\8-2-build-windows-amd64-cygwin\jdk8u261\295\hotspot\src\share\vm\interp
Event: 5.120 Thread 0x0000017777940000 Implicit null exception at 0x0000017761d31f4f to 0x0000017761d320c5
Event: 5.286 Thread 0x0000017777940000 Exception <a 'java/lang/IncompatibleClassChangeError': Found class java.lang.Object, but interface was expected> (0x00000000da958230) thrown at [C:\jenkins\workspace\8-2-build-windows-amd64-cygwin\jdk8u261\295\hotspot\src\share\vm\interpreter\linkResolver
Event: 7.155 Thread 0x0000017777940000 Exception <a 'java/io/FileNotFoundException'> (0x00000000d8b11eb0) thrown at [C:\jenkins\workspace\8-2-build-windows-amd64-cygwin\jdk8u261\295\hotspot\src\share\vm\prims\jni.cpp, line 710]
Event: 7.305 Thread 0x0000017777940000 Exception <a 'java/lang/NoSuchMethodError': java.lang.Object.lambda$static$0(Ljava/lang/Object;)Ljava/lang/Object;> (0x00000000d8e19568) thrown at [C:\jenkins\workspace\8-2-build-windows-amd64-cygwin\jdk8u261\295\hotspot\src\share\vm\interpreter\linkResol
Event: 7.328 Thread 0x0000017777940000 Implicit null exception at 0x0000017761801a96 to 0x0000017761801e35
Event: 8.125 Thread 0x0000017777940000 Exception <a 'java/io/FileNotFoundException'> (0x00000000da7816e0) thrown at [C:\jenkins\workspace\8-2-build-windows-amd64-cygwin\jdk8u261\295\hotspot\src\share\vm\prims\jni.cpp, line 710]

Events (10 events):
Event: 8.314 loading class org/apache/logging/log4j/util/StringBuilderFormattable done
Event: 8.316 loading class org/apache/logging/log4j/message/ReusableMessageFactory
Event: 8.316 loading class org/apache/logging/log4j/message/ReusableMessageFactory done
Event: 8.317 loading class org/apache/logging/log4j/message/ParameterizedMessageFactory
Event: 8.317 loading class org/apache/logging/log4j/message/ParameterizedMessageFactory done
Event: 8.318 loading class org/apache/logging/log4j/message/AbstractMessageFactory
Event: 8.318 loading class org/apache/logging/log4j/message/AbstractMessageFactory done
Event: 8.319 loading class org/apache/logging/log4j/util/Constants
Event: 8.319 loading class org/apache/logging/log4j/util/Constants done
Event: 8.321 Executing VM operation: CollectForMetadataAllocation


Dynamic libraries:
0x00007ff79b280000 - 0x00007ff79b2c7000 	C:\Program Files\Java\jre1.8.0_261\bin\javaw.exe
0x00007ffd69030000 - 0x00007ffd69200000 	C:\Windows\SYSTEM32\ntdll.dll
0x00007ffd67c60000 - 0x00007ffd67d0b000 	C:\Windows\System32\KERNEL32.DLL
0x00007ffd65eb0000 - 0x00007ffd660cd000 	C:\Windows\System32\KERNELBASE.dll
0x00007ffd68eb0000 - 0x00007ffd68f52000 	C:\Windows\System32\ADVAPI32.dll
0x00007ffd68650000 - 0x00007ffd686ee000 	C:\Windows\System32\msvcrt.dll
0x00007ffd68fc0000 - 0x00007ffd69019000 	C:\Windows\System32\sechost.dll
0x00007ffd67f50000 - 0x00007ffd68071000 	C:\Windows\System32\RPCRT4.dll
0x00007ffd665c0000 - 0x00007ffd66725000 	C:\Windows\System32\USER32.dll
0x00007ffd660d0000 - 0x00007ffd660ee000 	C:\Windows\System32\win32u.dll
0x00007ffd686f0000 - 0x00007ffd68724000 	C:\Windows\System32\GDI32.dll
0x00007ffd66160000 - 0x00007ffd662e1000 	C:\Windows\System32\gdi32full.dll
0x00007ffd59d40000 - 0x00007ffd59fba000 	C:\Windows\WinSxS\amd64_microsoft.windows.common-controls_6595b64144ccf1df_6.0.14393.2848_none_7ddecd5e83436d8c\COMCTL32.dll
0x00007ffd68be0000 - 0x00007ffd68ea5000 	C:\Windows\System32\combase.dll
0x00007ffd65ca0000 - 0x00007ffd65d94000 	C:\Windows\System32\ucrtbase.dll
0x00007ffd660f0000 - 0x00007ffd6615a000 	C:\Windows\System32\bcryptPrimitives.dll
0x00007ffd67d20000 - 0x00007ffd67d4e000 	C:\Windows\System32\IMM32.DLL
0x00007ffd5ceb0000 - 0x00007ffd5cec5000 	C:\Program Files\Java\jre1.8.0_261\bin\vcruntime140.dll
0x00007ffd2acb0000 - 0x00007ffd2ad4b000 	C:\Program Files\Java\jre1.8.0_261\bin\msvcp140.dll
0x000000006b290000 - 0x000000006bafc000 	C:\Program Files\Java\jre1.8.0_261\bin\server\jvm.dll
0x00007ffd689a0000 - 0x00007ffd689a8000 	C:\Windows\System32\PSAPI.DLL
0x00007ffd61a70000 - 0x00007ffd61a79000 	C:\Windows\SYSTEM32\WSOCK32.dll
0x00007ffd63a70000 - 0x00007ffd63a93000 	C:\Windows\SYSTEM32\WINMM.dll
0x00007ffd5f3a0000 - 0x00007ffd5f3aa000 	C:\Windows\SYSTEM32\VERSION.dll
0x00007ffd689b0000 - 0x00007ffd68a1a000 	C:\Windows\System32\WS2_32.dll
0x000001775fcd0000 - 0x000001775fcfb000 	C:\Windows\SYSTEM32\WINMMBASE.dll
0x00007ffd663a0000 - 0x00007ffd663e2000 	C:\Windows\System32\cfgmgr32.dll
0x00007ffd65510000 - 0x00007ffd6551f000 	C:\Windows\System32\kernel.appcore.dll
0x00007ffd61090000 - 0x00007ffd610a0000 	C:\Program Files\Java\jre1.8.0_261\bin\verify.dll
0x00007ffd515e0000 - 0x00007ffd5160b000 	C:\Program Files\Java\jre1.8.0_261\bin\java.dll
0x00007ffd59fc0000 - 0x00007ffd59fd8000 	C:\Program Files\Java\jre1.8.0_261\bin\zip.dll
0x00007ffd66750000 - 0x00007ffd67c55000 	C:\Windows\System32\SHELL32.dll
0x00007ffd65520000 - 0x00007ffd65bf9000 	C:\Windows\System32\windows.storage.dll
0x00007ffd654a0000 - 0x00007ffd654ec000 	C:\Windows\System32\powrprof.dll
0x00007ffd68b80000 - 0x00007ffd68bd2000 	C:\Windows\System32\shlwapi.dll
0x00007ffd65da0000 - 0x00007ffd65e49000 	C:\Windows\System32\shcore.dll
0x00007ffd654f0000 - 0x00007ffd65504000 	C:\Windows\System32\profapi.dll
0x00007ffd552f0000 - 0x00007ffd552fd000 	C:\Program Files\Java\jre1.8.0_261\bin\management.dll
0x00007ffd50f00000 - 0x00007ffd50f1c000 	C:\Program Files\Java\jre1.8.0_261\bin\net.dll
0x00007ffd64dc0000 - 0x00007ffd64e1c000 	C:\Windows\system32\mswsock.dll
0x00007ffd50ad0000 - 0x00007ffd50ae6000 	C:\Windows\system32\napinsp.dll
0x00007ffd50ab0000 - 0x00007ffd50aca000 	C:\Windows\system32\pnrpnsp.dll
0x00007ffd62e90000 - 0x00007ffd62ea8000 	C:\Windows\system32\NLAapi.dll
0x00007ffd64b80000 - 0x00007ffd64c21000 	C:\Windows\SYSTEM32\DNSAPI.dll
0x00007ffd67d10000 - 0x00007ffd67d18000 	C:\Windows\System32\NSI.dll
0x00007ffd64b40000 - 0x00007ffd64b78000 	C:\Windows\SYSTEM32\IPHLPAPI.DLL
0x00007ffd50a20000 - 0x00007ffd50a2e000 	C:\Windows\System32\winrnr.dll
0x00007ffd50a00000 - 0x00007ffd50a15000 	C:\Windows\System32\wshbth.dll
0x00007ffd510d0000 - 0x00007ffd510da000 	C:\Windows\System32\rasadhlp.dll
0x00007ffd57b70000 - 0x00007ffd57bda000 	C:\Windows\System32\fwpuclnt.dll
0x00007ffd65070000 - 0x00007ffd6509b000 	C:\Windows\SYSTEM32\bcrypt.dll
0x00007ffd50e80000 - 0x00007ffd50e93000 	C:\Program Files\Java\jre1.8.0_261\bin\nio.dll
0x00007ffd64f60000 - 0x00007ffd64f77000 	C:\Windows\SYSTEM32\CRYPTSP.dll
0x00007ffd649c0000 - 0x00007ffd649f3000 	C:\Windows\system32\rsaenh.dll
0x00007ffd64c40000 - 0x00007ffd64c5f000 	C:\Windows\SYSTEM32\USERENV.dll
0x00007ffd64f80000 - 0x00007ffd64f8b000 	C:\Windows\SYSTEM32\CRYPTBASE.dll
0x00007ffd5f3f0000 - 0x00007ffd5f406000 	C:\Windows\SYSTEM32\dhcpcsvc6.DLL
0x00007ffd600b0000 - 0x00007ffd600ca000 	C:\Windows\SYSTEM32\dhcpcsvc.DLL
0x00007ffd618d0000 - 0x00007ffd61a62000 	C:\Windows\SYSTEM32\dbghelp.dll

VM Arguments:
jvm_args: -Dfile.encoding=UTF-8 
java_command: finday.finday.FindayApplication
java_class_path (initial): D:\ITU\L3\S5\cloud\FINDAY\finday\target\classes;C:\Users\ASUS\.m2\repository\org\springframework\boot\spring-boot-starter-data-jpa\2.5.0-SNAPSHOT\spring-boot-starter-data-jpa-2.5.0-SNAPSHOT.jar;C:\Users\ASUS\.m2\repository\org\springframework\boot\spring-boot-starter-aop\2.5.0-SNAPSHOT\spring-boot-starter-aop-2.5.0-SNAPSHOT.jar;C:\Users\ASUS\.m2\repository\org\springframework\spring-aop\5.3.5-SNAPSHOT\spring-aop-5.3.5-SNAPSHOT.jar;C:\Users\ASUS\.m2\repository\org\aspectj\aspectjweaver\1.9.6\aspectjweaver-1.9.6.jar;C:\Users\ASUS\.m2\repository\org\springframework\boot\spring-boot-starter-jdbc\2.5.0-SNAPSHOT\spring-boot-starter-jdbc-2.5.0-SNAPSHOT.jar;C:\Users\ASUS\.m2\repository\com\zaxxer\HikariCP\4.0.2\HikariCP-4.0.2.jar;C:\Users\ASUS\.m2\repository\org\springframework\spring-jdbc\5.3.5-SNAPSHOT\spring-jdbc-5.3.5-SNAPSHOT.jar;C:\Users\ASUS\.m2\repository\jakarta\transaction\jakarta.transaction-api\1.3.3\jakarta.transaction-api-1.3.3.jar;C:\Users\ASUS\.m2\repository\jakarta\persistence\jakarta.persistence-api\2.2.3\jakarta.persistence-api-2.2.3.jar;C:\Users\ASUS\.m2\repository\org\hibernate\hibernate-core\5.4.28.Final\hibernate-core-5.4.28.Final.jar;C:\Users\ASUS\.m2\repository\org\jboss\logging\jboss-logging\3.4.1.Final\jboss-logging-3.4.1.Final.jar;C:\Users\ASUS\.m2\repository\org\javassist\javassist\3.27.0-GA\javassist-3.27.0-GA.jar;C:\Users\ASUS\.m2\repository\net\bytebuddy\byte-buddy\1.10.20\byte-buddy-1.10.20.jar;C:\Users\ASUS\.m2\repository\antlr\antlr\2.7.7\antlr-2.7.7.jar;C:\Users\ASUS\.m2\repository\org\jboss\jandex\2.2.3.Final\jandex-2.2.3.Final.jar;C:\Users\ASUS\.m2\repository\com\fasterxml\classmate\1.5.1\classmate-1.5.1.jar;C:\Users\ASUS\.m2\repository\org\dom4j\dom4j\2.1.3\dom4j-2.1.3.jar;C:\Users\ASUS\.m2\repository\org\hibernate\common\hibernate-commons-annotations\5.1.2.Final\hibernate-commons-annotations-5.1.2.Final.jar;C:\Users\ASUS\.m2\repository\org\glassfish\jaxb\jaxb-runtime\2.3.3\jaxb-runtime-2.3.3.jar;C:\Users\A
Launcher Type: SUN_STANDARD

Environment Variables:
JAVA_HOME=C:\Program Files\Java\jdk1.8.0_261
JRE_HOME=C:\Program Files\Java\jre1.8.0_261
CLASSPATH=.;C:\Program Files\Java\jdk1.7.0\jre\lib\ext\ojdbc6.jar;C:\apache-tomcat-8.5.46\lib\servlet-api.jar;C:\apache-tomcat-8.5.46\lib\catalina.jar;C:\Program Files\Weka-3-8-4\weka.jar;C:\Program Files\Weka-3-8-4\weka-src.jar;D:\ITU\L3\S5\programmation\javaLibrary\json-20201115.jar;D:\ITU\L3\S5\programmation\javaLibrary\json-simple-1.1.jar;D:\ITU\L3\S5\programmation\javaLibrary\sqljdbc4-chs-4.0.2206.100.jar;D:\ITU\L3\S5\programmation\javaLibrary\postgresql-42.2.5.jar
PATH=C:/Program Files/eclipse//plugins/org.eclipse.justj.openjdk.hotspot.jre.full.win32.x86_64_15.0.1.v20201027-0507/jre/bin/server;C:/Program Files/eclipse//plugins/org.eclipse.justj.openjdk.hotspot.jre.full.win32.x86_64_15.0.1.v20201027-0507/jre/bin;C:\oraclexe\app\oracle\product\11.2.0\server\bin;C:\Program Files (x86)\Common Files\Oracle\Java\javapath;C:\oraclexe\app\oracle\product\11.2.0\server\bin;C:\oraclexe\app\oracle\product\11.2.0\server\bin;C:\Windows\system32;C:\Windows;C:\Windows\System32\Wbem;C:\Windows\System32\WindowsPowerShell\v1.0\;C:\Program Files (x86)\NVIDIA Corporation\PhysX\Common;C:\Program Files\NVIDIA Corporation\NVIDIA NvDLISR;C:\Program Files\Java\jdk1.8.0_261\bin;C:\xampp\mysql\bin;C:\UwAmp\bin\database\mysql-5.7.11\bin;C:\Program Files\PostgreSQL\11\bin;C:\Windows\Microsoft.NET\Framework64\v4.0.30319;C:\Program Files\Microsoft SQL Server\Client SDK\ODBC\170\Tools\Binn\;C:\Program Files (x86)\Microsoft SQL Server\150\Tools\Binn\;C:\Program Files\Microsoft SQL Server\150\Tools\Binn\;C:\Program Files\Microsoft SQL Server\150\DTS\Binn\;C:\Program Files\Microsoft SQL Server\130\Tools\Binn\;C:\PostgreSQL\11\bin;C:\Program Files\Git\cmd;C:\sqlite;D:\ITU\L3\S5\programmation\javaLibrary\sqljdbc_6.0\enu\auth\x64;C:\ACE_wrappers\lib;C:\UwAmp\bin\php\php-7.0.3;C:\ProgramData\ComposerSetup\bin;C:\Users\ASUS\node_modules\npm\bin;C:\Program Files\nodejs\;C:\gradle-6.8.1\bin;C:\Program Files\PuTTY\;C:\Program Files\MongoDB\Server\4.4\bin;C:\Program Files\Java\jdk1.8.0_261\bin;C:\Program Files\heroku\bin;C:\Users\ASUS\AppData\Roaming\Composer\vendor\bin;C:\Users\ASUS\AppData\Roaming\npm;C:\Users\ASUS\AppData\Local\Programs\Microsoft VS Code\bin;C:\Program Files\eclipse;
USERNAME=ASUS
OS=Windows_NT
PROCESSOR_IDENTIFIER=Intel64 Family 6 Model 61 Stepping 4, GenuineIntel



---------------  S Y S T E M  ---------------

OS: Windows 10.0 , 64 bit Build 14393 (10.0.14393.2906)

CPU:total 4 (initial active 4) (2 cores per cpu, 2 threads per core) family 6 model 61 stepping 4, cmov, cx8, fxsr, mmx, sse, sse2, sse3, ssse3, sse4.1, sse4.2, popcnt, avx, avx2, aes, clmul, erms, 3dnowpref, lzcnt, ht, tsc, tscinvbit, bmi1, bmi2, adx

Memory: 4k page, physical 8285744k(1972340k free), swap 10415848k(4128k free)

vm_info: Java HotSpot(TM) 64-Bit Server VM (25.261-b12) for windows-amd64 JRE (1.8.0_261-b12), built on Jun 18 2020 06:56:32 by "" with unknown MS VC++:1916

time: Wed Mar 17 16:29:05 2021
timezone: Afrique de l?Est
elapsed time: 8 seconds (0d 0h 0m 8s)

